CRITICAL - 2022-07-12 02:35:02 --> Call to a member function segment() on null
#0 D:\xampp7.4\htdocs\hrms_login_working\app\Views\login.php(207): include()
#1 D:\xampp7.4\htdocs\hrms_login_working\system\View\View.php(246): include('D:\\xampp7.4\\htd...')
#2 D:\xampp7.4\htdocs\hrms_login_working\system\Common.php(1119): CodeIgniter\View\View->render('login', Array, true)
#3 D:\xampp7.4\htdocs\hrms_login_working\app\Controllers\Login.php(11): view('login')
#4 D:\xampp7.4\htdocs\hrms_login_working\system\CodeIgniter.php(918): App\Controllers\Login->index()
#5 D:\xampp7.4\htdocs\hrms_login_working\system\CodeIgniter.php(404): CodeIgniter\CodeIgniter->runController(Object(App\Controllers\Login))
#6 D:\xampp7.4\htdocs\hrms_login_working\system\CodeIgniter.php(312): CodeIgniter\CodeIgniter->handleRequest(NULL, Object(Config\Cache), false)
#7 D:\xampp7.4\htdocs\hrms_login_working\public\index.php(45): CodeIgniter\CodeIgniter->run()
#8 D:\xampp7.4\htdocs\hrms_login_working\system\Commands\Server\rewrite.php(34): require_once('D:\\xampp7.4\\htd...')
#9 {main}
CRITICAL - 2022-07-12 02:35:03 --> Call to a member function segment() on null
#0 D:\xampp7.4\htdocs\hrms_login_working\app\Views\login.php(207): include()
#1 D:\xampp7.4\htdocs\hrms_login_working\system\View\View.php(246): include('D:\\xampp7.4\\htd...')
#2 D:\xampp7.4\htdocs\hrms_login_working\system\Common.php(1119): CodeIgniter\View\View->render('login', Array, true)
#3 D:\xampp7.4\htdocs\hrms_login_working\app\Controllers\Login.php(11): view('login')
#4 D:\xampp7.4\htdocs\hrms_login_working\system\CodeIgniter.php(918): App\Controllers\Login->index()
#5 D:\xampp7.4\htdocs\hrms_login_working\system\CodeIgniter.php(404): CodeIgniter\CodeIgniter->runController(Object(App\Controllers\Login))
#6 D:\xampp7.4\htdocs\hrms_login_working\system\CodeIgniter.php(312): CodeIgniter\CodeIgniter->handleRequest(NULL, Object(Config\Cache), false)
#7 D:\xampp7.4\htdocs\hrms_login_working\public\index.php(45): CodeIgniter\CodeIgniter->run()
#8 D:\xampp7.4\htdocs\hrms_login_working\system\Commands\Server\rewrite.php(34): require_once('D:\\xampp7.4\\htd...')
#9 {main}
CRITICAL - 2022-07-12 02:37:27 --> Call to a member function segment() on null
#0 D:\xampp7.4\htdocs\hrms_login_working\app\Views\login.php(207): include()
#1 D:\xampp7.4\htdocs\hrms_login_working\system\View\View.php(246): include('D:\\xampp7.4\\htd...')
#2 D:\xampp7.4\htdocs\hrms_login_working\system\Common.php(1119): CodeIgniter\View\View->render('login', Array, true)
#3 D:\xampp7.4\htdocs\hrms_login_working\app\Controllers\Login.php(11): view('login')
#4 D:\xampp7.4\htdocs\hrms_login_working\system\CodeIgniter.php(918): App\Controllers\Login->index()
#5 D:\xampp7.4\htdocs\hrms_login_working\system\CodeIgniter.php(404): CodeIgniter\CodeIgniter->runController(Object(App\Controllers\Login))
#6 D:\xampp7.4\htdocs\hrms_login_working\system\CodeIgniter.php(312): CodeIgniter\CodeIgniter->handleRequest(NULL, Object(Config\Cache), false)
#7 D:\xampp7.4\htdocs\hrms_login_working\public\index.php(45): CodeIgniter\CodeIgniter->run()
#8 D:\xampp7.4\htdocs\hrms_login_working\system\Commands\Server\rewrite.php(34): require_once('D:\\xampp7.4\\htd...')
#9 {main}
CRITICAL - 2022-07-12 02:37:27 --> Call to a member function segment() on null
#0 D:\xampp7.4\htdocs\hrms_login_working\app\Views\login.php(207): include()
#1 D:\xampp7.4\htdocs\hrms_login_working\system\View\View.php(246): include('D:\\xampp7.4\\htd...')
#2 D:\xampp7.4\htdocs\hrms_login_working\system\Common.php(1119): CodeIgniter\View\View->render('login', Array, true)
#3 D:\xampp7.4\htdocs\hrms_login_working\app\Controllers\Login.php(11): view('login')
#4 D:\xampp7.4\htdocs\hrms_login_working\system\CodeIgniter.php(918): App\Controllers\Login->index()
#5 D:\xampp7.4\htdocs\hrms_login_working\system\CodeIgniter.php(404): CodeIgniter\CodeIgniter->runController(Object(App\Controllers\Login))
#6 D:\xampp7.4\htdocs\hrms_login_working\system\CodeIgniter.php(312): CodeIgniter\CodeIgniter->handleRequest(NULL, Object(Config\Cache), false)
#7 D:\xampp7.4\htdocs\hrms_login_working\public\index.php(45): CodeIgniter\CodeIgniter->run()
#8 D:\xampp7.4\htdocs\hrms_login_working\system\Commands\Server\rewrite.php(34): require_once('D:\\xampp7.4\\htd...')
#9 {main}
CRITICAL - 2022-07-12 02:39:04 --> Call to a member function getSegment() on null
#0 D:\xampp7.4\htdocs\hrms_login_working\app\Views\login.php(207): include()
#1 D:\xampp7.4\htdocs\hrms_login_working\system\View\View.php(246): include('D:\\xampp7.4\\htd...')
#2 D:\xampp7.4\htdocs\hrms_login_working\system\Common.php(1119): CodeIgniter\View\View->render('login', Array, true)
#3 D:\xampp7.4\htdocs\hrms_login_working\app\Controllers\Login.php(11): view('login')
#4 D:\xampp7.4\htdocs\hrms_login_working\system\CodeIgniter.php(918): App\Controllers\Login->index()
#5 D:\xampp7.4\htdocs\hrms_login_working\system\CodeIgniter.php(404): CodeIgniter\CodeIgniter->runController(Object(App\Controllers\Login))
#6 D:\xampp7.4\htdocs\hrms_login_working\system\CodeIgniter.php(312): CodeIgniter\CodeIgniter->handleRequest(NULL, Object(Config\Cache), false)
#7 D:\xampp7.4\htdocs\hrms_login_working\public\index.php(45): CodeIgniter\CodeIgniter->run()
#8 D:\xampp7.4\htdocs\hrms_login_working\system\Commands\Server\rewrite.php(34): require_once('D:\\xampp7.4\\htd...')
#9 {main}
CRITICAL - 2022-07-12 02:39:05 --> Call to a member function getSegment() on null
#0 D:\xampp7.4\htdocs\hrms_login_working\app\Views\login.php(207): include()
#1 D:\xampp7.4\htdocs\hrms_login_working\system\View\View.php(246): include('D:\\xampp7.4\\htd...')
#2 D:\xampp7.4\htdocs\hrms_login_working\system\Common.php(1119): CodeIgniter\View\View->render('login', Array, true)
#3 D:\xampp7.4\htdocs\hrms_login_working\app\Controllers\Login.php(11): view('login')
#4 D:\xampp7.4\htdocs\hrms_login_working\system\CodeIgniter.php(918): App\Controllers\Login->index()
#5 D:\xampp7.4\htdocs\hrms_login_working\system\CodeIgniter.php(404): CodeIgniter\CodeIgniter->runController(Object(App\Controllers\Login))
#6 D:\xampp7.4\htdocs\hrms_login_working\system\CodeIgniter.php(312): CodeIgniter\CodeIgniter->handleRequest(NULL, Object(Config\Cache), false)
#7 D:\xampp7.4\htdocs\hrms_login_working\public\index.php(45): CodeIgniter\CodeIgniter->run()
#8 D:\xampp7.4\htdocs\hrms_login_working\system\Commands\Server\rewrite.php(34): require_once('D:\\xampp7.4\\htd...')
#9 {main}
CRITICAL - 2022-07-12 02:39:15 --> Call to a member function getSegment() on null
#0 D:\xampp7.4\htdocs\hrms_login_working\app\Views\login.php(207): include()
#1 D:\xampp7.4\htdocs\hrms_login_working\system\View\View.php(246): include('D:\\xampp7.4\\htd...')
#2 D:\xampp7.4\htdocs\hrms_login_working\system\Common.php(1119): CodeIgniter\View\View->render('login', Array, true)
#3 D:\xampp7.4\htdocs\hrms_login_working\app\Controllers\Login.php(11): view('login')
#4 D:\xampp7.4\htdocs\hrms_login_working\system\CodeIgniter.php(918): App\Controllers\Login->index()
#5 D:\xampp7.4\htdocs\hrms_login_working\system\CodeIgniter.php(404): CodeIgniter\CodeIgniter->runController(Object(App\Controllers\Login))
#6 D:\xampp7.4\htdocs\hrms_login_working\system\CodeIgniter.php(312): CodeIgniter\CodeIgniter->handleRequest(NULL, Object(Config\Cache), false)
#7 D:\xampp7.4\htdocs\hrms_login_working\public\index.php(45): CodeIgniter\CodeIgniter->run()
#8 D:\xampp7.4\htdocs\hrms_login_working\system\Commands\Server\rewrite.php(34): require_once('D:\\xampp7.4\\htd...')
#9 {main}
CRITICAL - 2022-07-12 02:39:15 --> Call to a member function getSegment() on null
#0 D:\xampp7.4\htdocs\hrms_login_working\app\Views\login.php(207): include()
#1 D:\xampp7.4\htdocs\hrms_login_working\system\View\View.php(246): include('D:\\xampp7.4\\htd...')
#2 D:\xampp7.4\htdocs\hrms_login_working\system\Common.php(1119): CodeIgniter\View\View->render('login', Array, true)
#3 D:\xampp7.4\htdocs\hrms_login_working\app\Controllers\Login.php(11): view('login')
#4 D:\xampp7.4\htdocs\hrms_login_working\system\CodeIgniter.php(918): App\Controllers\Login->index()
#5 D:\xampp7.4\htdocs\hrms_login_working\system\CodeIgniter.php(404): CodeIgniter\CodeIgniter->runController(Object(App\Controllers\Login))
#6 D:\xampp7.4\htdocs\hrms_login_working\system\CodeIgniter.php(312): CodeIgniter\CodeIgniter->handleRequest(NULL, Object(Config\Cache), false)
#7 D:\xampp7.4\htdocs\hrms_login_working\public\index.php(45): CodeIgniter\CodeIgniter->run()
#8 D:\xampp7.4\htdocs\hrms_login_working\system\Commands\Server\rewrite.php(34): require_once('D:\\xampp7.4\\htd...')
#9 {main}
CRITICAL - 2022-07-12 02:39:15 --> Call to a member function getSegment() on null
#0 D:\xampp7.4\htdocs\hrms_login_working\app\Views\login.php(207): include()
#1 D:\xampp7.4\htdocs\hrms_login_working\system\View\View.php(246): include('D:\\xampp7.4\\htd...')
#2 D:\xampp7.4\htdocs\hrms_login_working\system\Common.php(1119): CodeIgniter\View\View->render('login', Array, true)
#3 D:\xampp7.4\htdocs\hrms_login_working\app\Controllers\Login.php(11): view('login')
#4 D:\xampp7.4\htdocs\hrms_login_working\system\CodeIgniter.php(918): App\Controllers\Login->index()
#5 D:\xampp7.4\htdocs\hrms_login_working\system\CodeIgniter.php(404): CodeIgniter\CodeIgniter->runController(Object(App\Controllers\Login))
#6 D:\xampp7.4\htdocs\hrms_login_working\system\CodeIgniter.php(312): CodeIgniter\CodeIgniter->handleRequest(NULL, Object(Config\Cache), false)
#7 D:\xampp7.4\htdocs\hrms_login_working\public\index.php(45): CodeIgniter\CodeIgniter->run()
#8 D:\xampp7.4\htdocs\hrms_login_working\system\Commands\Server\rewrite.php(34): require_once('D:\\xampp7.4\\htd...')
#9 {main}
CRITICAL - 2022-07-12 02:39:44 --> Call to a member function getSegment() on null
#0 D:\xampp7.4\htdocs\hrms_login_working\app\Views\login.php(207): include()
#1 D:\xampp7.4\htdocs\hrms_login_working\system\View\View.php(246): include('D:\\xampp7.4\\htd...')
#2 D:\xampp7.4\htdocs\hrms_login_working\system\Common.php(1119): CodeIgniter\View\View->render('login', Array, true)
#3 D:\xampp7.4\htdocs\hrms_login_working\app\Controllers\Login.php(11): view('login')
#4 D:\xampp7.4\htdocs\hrms_login_working\system\CodeIgniter.php(918): App\Controllers\Login->index()
#5 D:\xampp7.4\htdocs\hrms_login_working\system\CodeIgniter.php(404): CodeIgniter\CodeIgniter->runController(Object(App\Controllers\Login))
#6 D:\xampp7.4\htdocs\hrms_login_working\system\CodeIgniter.php(312): CodeIgniter\CodeIgniter->handleRequest(NULL, Object(Config\Cache), false)
#7 D:\xampp7.4\htdocs\hrms_login_working\public\index.php(45): CodeIgniter\CodeIgniter->run()
#8 D:\xampp7.4\htdocs\hrms_login_working\system\Commands\Server\rewrite.php(34): require_once('D:\\xampp7.4\\htd...')
#9 {main}
CRITICAL - 2022-07-12 02:39:44 --> Call to a member function getSegment() on null
#0 D:\xampp7.4\htdocs\hrms_login_working\app\Views\login.php(207): include()
#1 D:\xampp7.4\htdocs\hrms_login_working\system\View\View.php(246): include('D:\\xampp7.4\\htd...')
#2 D:\xampp7.4\htdocs\hrms_login_working\system\Common.php(1119): CodeIgniter\View\View->render('login', Array, true)
#3 D:\xampp7.4\htdocs\hrms_login_working\app\Controllers\Login.php(11): view('login')
#4 D:\xampp7.4\htdocs\hrms_login_working\system\CodeIgniter.php(918): App\Controllers\Login->index()
#5 D:\xampp7.4\htdocs\hrms_login_working\system\CodeIgniter.php(404): CodeIgniter\CodeIgniter->runController(Object(App\Controllers\Login))
#6 D:\xampp7.4\htdocs\hrms_login_working\system\CodeIgniter.php(312): CodeIgniter\CodeIgniter->handleRequest(NULL, Object(Config\Cache), false)
#7 D:\xampp7.4\htdocs\hrms_login_working\public\index.php(45): CodeIgniter\CodeIgniter->run()
#8 D:\xampp7.4\htdocs\hrms_login_working\system\Commands\Server\rewrite.php(34): require_once('D:\\xampp7.4\\htd...')
#9 {main}
CRITICAL - 2022-07-12 02:45:38 --> Call to a member function getSegment() on null
#0 D:\xampp7.4\htdocs\hrms_login_working\app\Views\login.php(207): include()
#1 D:\xampp7.4\htdocs\hrms_login_working\system\View\View.php(246): include('D:\\xampp7.4\\htd...')
#2 D:\xampp7.4\htdocs\hrms_login_working\system\Common.php(1119): CodeIgniter\View\View->render('login', Array, true)
#3 D:\xampp7.4\htdocs\hrms_login_working\app\Controllers\Login.php(13): view('login')
#4 D:\xampp7.4\htdocs\hrms_login_working\system\CodeIgniter.php(918): App\Controllers\Login->index()
#5 D:\xampp7.4\htdocs\hrms_login_working\system\CodeIgniter.php(404): CodeIgniter\CodeIgniter->runController(Object(App\Controllers\Login))
#6 D:\xampp7.4\htdocs\hrms_login_working\system\CodeIgniter.php(312): CodeIgniter\CodeIgniter->handleRequest(NULL, Object(Config\Cache), false)
#7 D:\xampp7.4\htdocs\hrms_login_working\public\index.php(45): CodeIgniter\CodeIgniter->run()
#8 D:\xampp7.4\htdocs\hrms_login_working\system\Commands\Server\rewrite.php(34): require_once('D:\\xampp7.4\\htd...')
#9 {main}
CRITICAL - 2022-07-12 02:45:38 --> Call to a member function getSegment() on null
#0 D:\xampp7.4\htdocs\hrms_login_working\app\Views\login.php(207): include()
#1 D:\xampp7.4\htdocs\hrms_login_working\system\View\View.php(246): include('D:\\xampp7.4\\htd...')
#2 D:\xampp7.4\htdocs\hrms_login_working\system\Common.php(1119): CodeIgniter\View\View->render('login', Array, true)
#3 D:\xampp7.4\htdocs\hrms_login_working\app\Controllers\Login.php(13): view('login')
#4 D:\xampp7.4\htdocs\hrms_login_working\system\CodeIgniter.php(918): App\Controllers\Login->index()
#5 D:\xampp7.4\htdocs\hrms_login_working\system\CodeIgniter.php(404): CodeIgniter\CodeIgniter->runController(Object(App\Controllers\Login))
#6 D:\xampp7.4\htdocs\hrms_login_working\system\CodeIgniter.php(312): CodeIgniter\CodeIgniter->handleRequest(NULL, Object(Config\Cache), false)
#7 D:\xampp7.4\htdocs\hrms_login_working\public\index.php(45): CodeIgniter\CodeIgniter->run()
#8 D:\xampp7.4\htdocs\hrms_login_working\system\Commands\Server\rewrite.php(34): require_once('D:\\xampp7.4\\htd...')
#9 {main}
CRITICAL - 2022-07-12 02:46:01 --> Call to a member function getSegment() on null
#0 D:\xampp7.4\htdocs\hrms_login_working\app\Views\login.php(207): include()
#1 D:\xampp7.4\htdocs\hrms_login_working\system\View\View.php(246): include('D:\\xampp7.4\\htd...')
#2 D:\xampp7.4\htdocs\hrms_login_working\system\Common.php(1119): CodeIgniter\View\View->render('login', Array, true)
#3 D:\xampp7.4\htdocs\hrms_login_working\app\Controllers\Login.php(14): view('login')
#4 D:\xampp7.4\htdocs\hrms_login_working\system\CodeIgniter.php(918): App\Controllers\Login->index()
#5 D:\xampp7.4\htdocs\hrms_login_working\system\CodeIgniter.php(404): CodeIgniter\CodeIgniter->runController(Object(App\Controllers\Login))
#6 D:\xampp7.4\htdocs\hrms_login_working\system\CodeIgniter.php(312): CodeIgniter\CodeIgniter->handleRequest(NULL, Object(Config\Cache), false)
#7 D:\xampp7.4\htdocs\hrms_login_working\public\index.php(45): CodeIgniter\CodeIgniter->run()
#8 D:\xampp7.4\htdocs\hrms_login_working\system\Commands\Server\rewrite.php(34): require_once('D:\\xampp7.4\\htd...')
#9 {main}
CRITICAL - 2022-07-12 02:47:49 --> Call to a member function getSegment() on null
#0 D:\xampp7.4\htdocs\hrms_login_working\app\Views\login.php(207): include()
#1 D:\xampp7.4\htdocs\hrms_login_working\system\View\View.php(246): include('D:\\xampp7.4\\htd...')
#2 D:\xampp7.4\htdocs\hrms_login_working\system\Common.php(1119): CodeIgniter\View\View->render('login', Array, true)
#3 D:\xampp7.4\htdocs\hrms_login_working\app\Controllers\Login.php(13): view('login')
#4 D:\xampp7.4\htdocs\hrms_login_working\system\CodeIgniter.php(918): App\Controllers\Login->index()
#5 D:\xampp7.4\htdocs\hrms_login_working\system\CodeIgniter.php(404): CodeIgniter\CodeIgniter->runController(Object(App\Controllers\Login))
#6 D:\xampp7.4\htdocs\hrms_login_working\system\CodeIgniter.php(312): CodeIgniter\CodeIgniter->handleRequest(NULL, Object(Config\Cache), false)
#7 D:\xampp7.4\htdocs\hrms_login_working\public\index.php(45): CodeIgniter\CodeIgniter->run()
#8 D:\xampp7.4\htdocs\hrms_login_working\system\Commands\Server\rewrite.php(34): require_once('D:\\xampp7.4\\htd...')
#9 {main}
CRITICAL - 2022-07-12 02:47:50 --> Call to a member function getSegment() on null
#0 D:\xampp7.4\htdocs\hrms_login_working\app\Views\login.php(207): include()
#1 D:\xampp7.4\htdocs\hrms_login_working\system\View\View.php(246): include('D:\\xampp7.4\\htd...')
#2 D:\xampp7.4\htdocs\hrms_login_working\system\Common.php(1119): CodeIgniter\View\View->render('login', Array, true)
#3 D:\xampp7.4\htdocs\hrms_login_working\app\Controllers\Login.php(13): view('login')
#4 D:\xampp7.4\htdocs\hrms_login_working\system\CodeIgniter.php(918): App\Controllers\Login->index()
#5 D:\xampp7.4\htdocs\hrms_login_working\system\CodeIgniter.php(404): CodeIgniter\CodeIgniter->runController(Object(App\Controllers\Login))
#6 D:\xampp7.4\htdocs\hrms_login_working\system\CodeIgniter.php(312): CodeIgniter\CodeIgniter->handleRequest(NULL, Object(Config\Cache), false)
#7 D:\xampp7.4\htdocs\hrms_login_working\public\index.php(45): CodeIgniter\CodeIgniter->run()
#8 D:\xampp7.4\htdocs\hrms_login_working\system\Commands\Server\rewrite.php(34): require_once('D:\\xampp7.4\\htd...')
#9 {main}
CRITICAL - 2022-07-12 02:47:50 --> Call to a member function getSegment() on null
#0 D:\xampp7.4\htdocs\hrms_login_working\app\Views\login.php(207): include()
#1 D:\xampp7.4\htdocs\hrms_login_working\system\View\View.php(246): include('D:\\xampp7.4\\htd...')
#2 D:\xampp7.4\htdocs\hrms_login_working\system\Common.php(1119): CodeIgniter\View\View->render('login', Array, true)
#3 D:\xampp7.4\htdocs\hrms_login_working\app\Controllers\Login.php(13): view('login')
#4 D:\xampp7.4\htdocs\hrms_login_working\system\CodeIgniter.php(918): App\Controllers\Login->index()
#5 D:\xampp7.4\htdocs\hrms_login_working\system\CodeIgniter.php(404): CodeIgniter\CodeIgniter->runController(Object(App\Controllers\Login))
#6 D:\xampp7.4\htdocs\hrms_login_working\system\CodeIgniter.php(312): CodeIgniter\CodeIgniter->handleRequest(NULL, Object(Config\Cache), false)
#7 D:\xampp7.4\htdocs\hrms_login_working\public\index.php(45): CodeIgniter\CodeIgniter->run()
#8 D:\xampp7.4\htdocs\hrms_login_working\system\Commands\Server\rewrite.php(34): require_once('D:\\xampp7.4\\htd...')
#9 {main}
CRITICAL - 2022-07-12 02:48:08 --> Call to a member function getSegment() on null
#0 D:\xampp7.4\htdocs\hrms_login_working\app\Views\login.php(207): include()
#1 D:\xampp7.4\htdocs\hrms_login_working\system\View\View.php(246): include('D:\\xampp7.4\\htd...')
#2 D:\xampp7.4\htdocs\hrms_login_working\system\Common.php(1119): CodeIgniter\View\View->render('login', Array, true)
#3 D:\xampp7.4\htdocs\hrms_login_working\app\Controllers\Login.php(13): view('login')
#4 D:\xampp7.4\htdocs\hrms_login_working\system\CodeIgniter.php(918): App\Controllers\Login->index()
#5 D:\xampp7.4\htdocs\hrms_login_working\system\CodeIgniter.php(404): CodeIgniter\CodeIgniter->runController(Object(App\Controllers\Login))
#6 D:\xampp7.4\htdocs\hrms_login_working\system\CodeIgniter.php(312): CodeIgniter\CodeIgniter->handleRequest(NULL, Object(Config\Cache), false)
#7 D:\xampp7.4\htdocs\hrms_login_working\public\index.php(45): CodeIgniter\CodeIgniter->run()
#8 D:\xampp7.4\htdocs\hrms_login_working\system\Commands\Server\rewrite.php(34): require_once('D:\\xampp7.4\\htd...')
#9 {main}
CRITICAL - 2022-07-12 02:48:08 --> Call to a member function getSegment() on null
#0 D:\xampp7.4\htdocs\hrms_login_working\app\Views\login.php(207): include()
#1 D:\xampp7.4\htdocs\hrms_login_working\system\View\View.php(246): include('D:\\xampp7.4\\htd...')
#2 D:\xampp7.4\htdocs\hrms_login_working\system\Common.php(1119): CodeIgniter\View\View->render('login', Array, true)
#3 D:\xampp7.4\htdocs\hrms_login_working\app\Controllers\Login.php(13): view('login')
#4 D:\xampp7.4\htdocs\hrms_login_working\system\CodeIgniter.php(918): App\Controllers\Login->index()
#5 D:\xampp7.4\htdocs\hrms_login_working\system\CodeIgniter.php(404): CodeIgniter\CodeIgniter->runController(Object(App\Controllers\Login))
#6 D:\xampp7.4\htdocs\hrms_login_working\system\CodeIgniter.php(312): CodeIgniter\CodeIgniter->handleRequest(NULL, Object(Config\Cache), false)
#7 D:\xampp7.4\htdocs\hrms_login_working\public\index.php(45): CodeIgniter\CodeIgniter->run()
#8 D:\xampp7.4\htdocs\hrms_login_working\system\Commands\Server\rewrite.php(34): require_once('D:\\xampp7.4\\htd...')
#9 {main}
CRITICAL - 2022-07-12 02:48:08 --> Call to a member function getSegment() on null
#0 D:\xampp7.4\htdocs\hrms_login_working\app\Views\login.php(207): include()
#1 D:\xampp7.4\htdocs\hrms_login_working\system\View\View.php(246): include('D:\\xampp7.4\\htd...')
#2 D:\xampp7.4\htdocs\hrms_login_working\system\Common.php(1119): CodeIgniter\View\View->render('login', Array, true)
#3 D:\xampp7.4\htdocs\hrms_login_working\app\Controllers\Login.php(13): view('login')
#4 D:\xampp7.4\htdocs\hrms_login_working\system\CodeIgniter.php(918): App\Controllers\Login->index()
#5 D:\xampp7.4\htdocs\hrms_login_working\system\CodeIgniter.php(404): CodeIgniter\CodeIgniter->runController(Object(App\Controllers\Login))
#6 D:\xampp7.4\htdocs\hrms_login_working\system\CodeIgniter.php(312): CodeIgniter\CodeIgniter->handleRequest(NULL, Object(Config\Cache), false)
#7 D:\xampp7.4\htdocs\hrms_login_working\public\index.php(45): CodeIgniter\CodeIgniter->run()
#8 D:\xampp7.4\htdocs\hrms_login_working\system\Commands\Server\rewrite.php(34): require_once('D:\\xampp7.4\\htd...')
#9 {main}
CRITICAL - 2022-07-12 02:52:30 --> Call to undefined function getSegment()
#0 D:\xampp7.4\htdocs\hrms_login_working\app\Views\login.php(207): include()
#1 D:\xampp7.4\htdocs\hrms_login_working\system\View\View.php(246): include('D:\\xampp7.4\\htd...')
#2 D:\xampp7.4\htdocs\hrms_login_working\system\Common.php(1119): CodeIgniter\View\View->render('login', Array, true)
#3 D:\xampp7.4\htdocs\hrms_login_working\app\Controllers\Login.php(13): view('login')
#4 D:\xampp7.4\htdocs\hrms_login_working\system\CodeIgniter.php(918): App\Controllers\Login->index()
#5 D:\xampp7.4\htdocs\hrms_login_working\system\CodeIgniter.php(404): CodeIgniter\CodeIgniter->runController(Object(App\Controllers\Login))
#6 D:\xampp7.4\htdocs\hrms_login_working\system\CodeIgniter.php(312): CodeIgniter\CodeIgniter->handleRequest(NULL, Object(Config\Cache), false)
#7 D:\xampp7.4\htdocs\hrms_login_working\public\index.php(45): CodeIgniter\CodeIgniter->run()
#8 D:\xampp7.4\htdocs\hrms_login_working\system\Commands\Server\rewrite.php(34): require_once('D:\\xampp7.4\\htd...')
#9 {main}
CRITICAL - 2022-07-12 02:52:31 --> Call to undefined function getSegment()
#0 D:\xampp7.4\htdocs\hrms_login_working\app\Views\login.php(207): include()
#1 D:\xampp7.4\htdocs\hrms_login_working\system\View\View.php(246): include('D:\\xampp7.4\\htd...')
#2 D:\xampp7.4\htdocs\hrms_login_working\system\Common.php(1119): CodeIgniter\View\View->render('login', Array, true)
#3 D:\xampp7.4\htdocs\hrms_login_working\app\Controllers\Login.php(13): view('login')
#4 D:\xampp7.4\htdocs\hrms_login_working\system\CodeIgniter.php(918): App\Controllers\Login->index()
#5 D:\xampp7.4\htdocs\hrms_login_working\system\CodeIgniter.php(404): CodeIgniter\CodeIgniter->runController(Object(App\Controllers\Login))
#6 D:\xampp7.4\htdocs\hrms_login_working\system\CodeIgniter.php(312): CodeIgniter\CodeIgniter->handleRequest(NULL, Object(Config\Cache), false)
#7 D:\xampp7.4\htdocs\hrms_login_working\public\index.php(45): CodeIgniter\CodeIgniter->run()
#8 D:\xampp7.4\htdocs\hrms_login_working\system\Commands\Server\rewrite.php(34): require_once('D:\\xampp7.4\\htd...')
#9 {main}
CRITICAL - 2022-07-12 02:52:39 --> Call to undefined function getSegment()
#0 D:\xampp7.4\htdocs\hrms_login_working\app\Views\login.php(207): include()
#1 D:\xampp7.4\htdocs\hrms_login_working\system\View\View.php(246): include('D:\\xampp7.4\\htd...')
#2 D:\xampp7.4\htdocs\hrms_login_working\system\Common.php(1119): CodeIgniter\View\View->render('login', Array, true)
#3 D:\xampp7.4\htdocs\hrms_login_working\app\Controllers\Login.php(13): view('login')
#4 D:\xampp7.4\htdocs\hrms_login_working\system\CodeIgniter.php(918): App\Controllers\Login->index()
#5 D:\xampp7.4\htdocs\hrms_login_working\system\CodeIgniter.php(404): CodeIgniter\CodeIgniter->runController(Object(App\Controllers\Login))
#6 D:\xampp7.4\htdocs\hrms_login_working\system\CodeIgniter.php(312): CodeIgniter\CodeIgniter->handleRequest(NULL, Object(Config\Cache), false)
#7 D:\xampp7.4\htdocs\hrms_login_working\public\index.php(45): CodeIgniter\CodeIgniter->run()
#8 D:\xampp7.4\htdocs\hrms_login_working\system\Commands\Server\rewrite.php(34): require_once('D:\\xampp7.4\\htd...')
#9 {main}
CRITICAL - 2022-07-12 02:54:33 --> Call to a member function getSegment() on null
#0 D:\xampp7.4\htdocs\hrms_login_working\app\Views\login.php(207): include()
#1 D:\xampp7.4\htdocs\hrms_login_working\system\View\View.php(246): include('D:\\xampp7.4\\htd...')
#2 D:\xampp7.4\htdocs\hrms_login_working\system\Common.php(1119): CodeIgniter\View\View->render('login', Array, true)
#3 D:\xampp7.4\htdocs\hrms_login_working\app\Controllers\Login.php(13): view('login')
#4 D:\xampp7.4\htdocs\hrms_login_working\system\CodeIgniter.php(918): App\Controllers\Login->index()
#5 D:\xampp7.4\htdocs\hrms_login_working\system\CodeIgniter.php(404): CodeIgniter\CodeIgniter->runController(Object(App\Controllers\Login))
#6 D:\xampp7.4\htdocs\hrms_login_working\system\CodeIgniter.php(312): CodeIgniter\CodeIgniter->handleRequest(NULL, Object(Config\Cache), false)
#7 D:\xampp7.4\htdocs\hrms_login_working\public\index.php(45): CodeIgniter\CodeIgniter->run()
#8 D:\xampp7.4\htdocs\hrms_login_working\system\Commands\Server\rewrite.php(34): require_once('D:\\xampp7.4\\htd...')
#9 {main}
CRITICAL - 2022-07-12 02:54:37 --> Call to a member function getSegment() on null
#0 D:\xampp7.4\htdocs\hrms_login_working\app\Views\login.php(207): include()
#1 D:\xampp7.4\htdocs\hrms_login_working\system\View\View.php(246): include('D:\\xampp7.4\\htd...')
#2 D:\xampp7.4\htdocs\hrms_login_working\system\Common.php(1119): CodeIgniter\View\View->render('login', Array, true)
#3 D:\xampp7.4\htdocs\hrms_login_working\app\Controllers\Login.php(13): view('login')
#4 D:\xampp7.4\htdocs\hrms_login_working\system\CodeIgniter.php(918): App\Controllers\Login->index()
#5 D:\xampp7.4\htdocs\hrms_login_working\system\CodeIgniter.php(404): CodeIgniter\CodeIgniter->runController(Object(App\Controllers\Login))
#6 D:\xampp7.4\htdocs\hrms_login_working\system\CodeIgniter.php(312): CodeIgniter\CodeIgniter->handleRequest(NULL, Object(Config\Cache), false)
#7 D:\xampp7.4\htdocs\hrms_login_working\public\index.php(45): CodeIgniter\CodeIgniter->run()
#8 D:\xampp7.4\htdocs\hrms_login_working\system\Commands\Server\rewrite.php(34): require_once('D:\\xampp7.4\\htd...')
#9 {main}
CRITICAL - 2022-07-12 02:55:18 --> Call to a member function getSegment() on null
#0 D:\xampp7.4\htdocs\hrms_login_working\app\Views\login.php(207): include()
#1 D:\xampp7.4\htdocs\hrms_login_working\system\View\View.php(246): include('D:\\xampp7.4\\htd...')
#2 D:\xampp7.4\htdocs\hrms_login_working\system\Common.php(1119): CodeIgniter\View\View->render('login', Array, true)
#3 D:\xampp7.4\htdocs\hrms_login_working\app\Controllers\Login.php(13): view('login')
#4 D:\xampp7.4\htdocs\hrms_login_working\system\CodeIgniter.php(918): App\Controllers\Login->index()
#5 D:\xampp7.4\htdocs\hrms_login_working\system\CodeIgniter.php(404): CodeIgniter\CodeIgniter->runController(Object(App\Controllers\Login))
#6 D:\xampp7.4\htdocs\hrms_login_working\system\CodeIgniter.php(312): CodeIgniter\CodeIgniter->handleRequest(NULL, Object(Config\Cache), false)
#7 D:\xampp7.4\htdocs\hrms_login_working\public\index.php(45): CodeIgniter\CodeIgniter->run()
#8 D:\xampp7.4\htdocs\hrms_login_working\system\Commands\Server\rewrite.php(34): require_once('D:\\xampp7.4\\htd...')
#9 {main}
CRITICAL - 2022-07-12 02:58:00 --> syntax error, unexpected '}', expecting end of file
#0 D:\xampp7.4\htdocs\hrms_login_working\system\View\View.php(246): include()
#1 D:\xampp7.4\htdocs\hrms_login_working\system\Common.php(1119): CodeIgniter\View\View->render('login', Array, true)
#2 D:\xampp7.4\htdocs\hrms_login_working\app\Controllers\Login.php(13): view('login')
#3 D:\xampp7.4\htdocs\hrms_login_working\system\CodeIgniter.php(918): App\Controllers\Login->index()
#4 D:\xampp7.4\htdocs\hrms_login_working\system\CodeIgniter.php(404): CodeIgniter\CodeIgniter->runController(Object(App\Controllers\Login))
#5 D:\xampp7.4\htdocs\hrms_login_working\system\CodeIgniter.php(312): CodeIgniter\CodeIgniter->handleRequest(NULL, Object(Config\Cache), false)
#6 D:\xampp7.4\htdocs\hrms_login_working\public\index.php(45): CodeIgniter\CodeIgniter->run()
#7 D:\xampp7.4\htdocs\hrms_login_working\system\Commands\Server\rewrite.php(34): require_once('D:\\xampp7.4\\htd...')
#8 {main}
CRITICAL - 2022-07-12 02:58:35 --> syntax error, unexpected '}', expecting end of file
#0 D:\xampp7.4\htdocs\hrms_login_working\system\View\View.php(246): include()
#1 D:\xampp7.4\htdocs\hrms_login_working\system\Common.php(1119): CodeIgniter\View\View->render('login', Array, true)
#2 D:\xampp7.4\htdocs\hrms_login_working\app\Controllers\Login.php(13): view('login')
#3 D:\xampp7.4\htdocs\hrms_login_working\system\CodeIgniter.php(918): App\Controllers\Login->index()
#4 D:\xampp7.4\htdocs\hrms_login_working\system\CodeIgniter.php(404): CodeIgniter\CodeIgniter->runController(Object(App\Controllers\Login))
#5 D:\xampp7.4\htdocs\hrms_login_working\system\CodeIgniter.php(312): CodeIgniter\CodeIgniter->handleRequest(NULL, Object(Config\Cache), false)
#6 D:\xampp7.4\htdocs\hrms_login_working\public\index.php(45): CodeIgniter\CodeIgniter->run()
#7 D:\xampp7.4\htdocs\hrms_login_working\system\Commands\Server\rewrite.php(34): require_once('D:\\xampp7.4\\htd...')
#8 {main}
CRITICAL - 2022-07-12 02:59:00 --> syntax error, unexpected '}', expecting end of file
#0 D:\xampp7.4\htdocs\hrms_login_working\system\View\View.php(246): include()
#1 D:\xampp7.4\htdocs\hrms_login_working\system\Common.php(1119): CodeIgniter\View\View->render('login', Array, true)
#2 D:\xampp7.4\htdocs\hrms_login_working\app\Controllers\Login.php(13): view('login')
#3 D:\xampp7.4\htdocs\hrms_login_working\system\CodeIgniter.php(918): App\Controllers\Login->index()
#4 D:\xampp7.4\htdocs\hrms_login_working\system\CodeIgniter.php(404): CodeIgniter\CodeIgniter->runController(Object(App\Controllers\Login))
#5 D:\xampp7.4\htdocs\hrms_login_working\system\CodeIgniter.php(312): CodeIgniter\CodeIgniter->handleRequest(NULL, Object(Config\Cache), false)
#6 D:\xampp7.4\htdocs\hrms_login_working\public\index.php(45): CodeIgniter\CodeIgniter->run()
#7 D:\xampp7.4\htdocs\hrms_login_working\system\Commands\Server\rewrite.php(34): require_once('D:\\xampp7.4\\htd...')
#8 {main}
CRITICAL - 2022-07-12 03:01:58 --> syntax error, unexpected '*', expecting end of file
#0 D:\xampp7.4\htdocs\hrms_login_working\system\View\View.php(246): include()
#1 D:\xampp7.4\htdocs\hrms_login_working\system\Common.php(1119): CodeIgniter\View\View->render('login', Array, true)
#2 D:\xampp7.4\htdocs\hrms_login_working\app\Controllers\Login.php(13): view('login')
#3 D:\xampp7.4\htdocs\hrms_login_working\system\CodeIgniter.php(918): App\Controllers\Login->index()
#4 D:\xampp7.4\htdocs\hrms_login_working\system\CodeIgniter.php(404): CodeIgniter\CodeIgniter->runController(Object(App\Controllers\Login))
#5 D:\xampp7.4\htdocs\hrms_login_working\system\CodeIgniter.php(312): CodeIgniter\CodeIgniter->handleRequest(NULL, Object(Config\Cache), false)
#6 D:\xampp7.4\htdocs\hrms_login_working\public\index.php(45): CodeIgniter\CodeIgniter->run()
#7 D:\xampp7.4\htdocs\hrms_login_working\system\Commands\Server\rewrite.php(34): require_once('D:\\xampp7.4\\htd...')
#8 {main}
