CRITICAL - 2022-07-29 03:12:02 --> Trying to access array offset on value of type null
#0 C:\xamp\htdocs\hrms_india_upgrade\app\Views\templates\header.php(272): CodeIgniter\Debug\Exceptions->errorHandler(8, 'Trying to acces...', 'C:\\xamp\\htdocs\\...', 272, Array)
#1 C:\xamp\htdocs\hrms_india_upgrade\system\View\View.php(246): include('C:\\xamp\\htdocs\\...')
#2 C:\xamp\htdocs\hrms_india_upgrade\system\Common.php(1119): CodeIgniter\View\View->render('templates/heade...', Array, true)
#3 C:\xamp\htdocs\hrms_india_upgrade\app\Controllers\aboutus.php(21): view('templates/heade...')
#4 C:\xamp\htdocs\hrms_india_upgrade\system\CodeIgniter.php(918): App\Controllers\Aboutus->index()
#5 C:\xamp\htdocs\hrms_india_upgrade\system\CodeIgniter.php(404): CodeIgniter\CodeIgniter->runController(Object(App\Controllers\Aboutus))
#6 C:\xamp\htdocs\hrms_india_upgrade\system\CodeIgniter.php(312): CodeIgniter\CodeIgniter->handleRequest(NULL, Object(Config\Cache), false)
#7 C:\xamp\htdocs\hrms_india_upgrade\public\index.php(45): CodeIgniter\CodeIgniter->run()
#8 C:\xamp\htdocs\hrms_india_upgrade\system\Commands\Server\rewrite.php(34): require_once('C:\\xamp\\htdocs\\...')
#9 {main}
CRITICAL - 2022-07-29 03:12:09 --> Trying to access array offset on value of type null
#0 C:\xamp\htdocs\hrms_india_upgrade\app\Views\templates\header.php(272): CodeIgniter\Debug\Exceptions->errorHandler(8, 'Trying to acces...', 'C:\\xamp\\htdocs\\...', 272, Array)
#1 C:\xamp\htdocs\hrms_india_upgrade\system\View\View.php(246): include('C:\\xamp\\htdocs\\...')
#2 C:\xamp\htdocs\hrms_india_upgrade\system\Common.php(1119): CodeIgniter\View\View->render('templates/heade...', Array, true)
#3 C:\xamp\htdocs\hrms_india_upgrade\app\Controllers\adminaboutus.php(113): view('templates/heade...')
#4 C:\xamp\htdocs\hrms_india_upgrade\system\CodeIgniter.php(918): App\Controllers\AdminAboutus->index()
#5 C:\xamp\htdocs\hrms_india_upgrade\system\CodeIgniter.php(404): CodeIgniter\CodeIgniter->runController(Object(App\Controllers\AdminAboutus))
#6 C:\xamp\htdocs\hrms_india_upgrade\system\CodeIgniter.php(312): CodeIgniter\CodeIgniter->handleRequest(NULL, Object(Config\Cache), false)
#7 C:\xamp\htdocs\hrms_india_upgrade\public\index.php(45): CodeIgniter\CodeIgniter->run()
#8 C:\xamp\htdocs\hrms_india_upgrade\system\Commands\Server\rewrite.php(34): require_once('C:\\xamp\\htdocs\\...')
#9 {main}
CRITICAL - 2022-07-29 03:29:50 --> Undefined variable: commonuserlib
#0 C:\xamp\htdocs\hrms_india_upgrade\app\Views\templates\header.php(287): CodeIgniter\Debug\Exceptions->errorHandler(8, 'Undefined varia...', 'C:\\xamp\\htdocs\\...', 287, Array)
#1 C:\xamp\htdocs\hrms_india_upgrade\system\View\View.php(246): include('C:\\xamp\\htdocs\\...')
#2 C:\xamp\htdocs\hrms_india_upgrade\system\Common.php(1119): CodeIgniter\View\View->render('templates/heade...', Array, true)
#3 C:\xamp\htdocs\hrms_india_upgrade\app\Controllers\aboutus.php(21): view('templates/heade...')
#4 C:\xamp\htdocs\hrms_india_upgrade\system\CodeIgniter.php(918): App\Controllers\Aboutus->index()
#5 C:\xamp\htdocs\hrms_india_upgrade\system\CodeIgniter.php(404): CodeIgniter\CodeIgniter->runController(Object(App\Controllers\Aboutus))
#6 C:\xamp\htdocs\hrms_india_upgrade\system\CodeIgniter.php(312): CodeIgniter\CodeIgniter->handleRequest(NULL, Object(Config\Cache), false)
#7 C:\xamp\htdocs\hrms_india_upgrade\public\index.php(45): CodeIgniter\CodeIgniter->run()
#8 C:\xamp\htdocs\hrms_india_upgrade\system\Commands\Server\rewrite.php(34): require_once('C:\\xamp\\htdocs\\...')
#9 {main}
CRITICAL - 2022-07-29 03:33:27 --> Undefined variable: commonuserlib
#0 C:\xamp\htdocs\hrms_india_upgrade\app\Views\templates\header.php(287): CodeIgniter\Debug\Exceptions->errorHandler(8, 'Undefined varia...', 'C:\\xamp\\htdocs\\...', 287, Array)
#1 C:\xamp\htdocs\hrms_india_upgrade\system\View\View.php(246): include('C:\\xamp\\htdocs\\...')
#2 C:\xamp\htdocs\hrms_india_upgrade\system\Common.php(1119): CodeIgniter\View\View->render('templates/heade...', Array, true)
#3 C:\xamp\htdocs\hrms_india_upgrade\app\Controllers\adminaboutus.php(113): view('templates/heade...')
#4 C:\xamp\htdocs\hrms_india_upgrade\system\CodeIgniter.php(918): App\Controllers\AdminAboutus->index()
#5 C:\xamp\htdocs\hrms_india_upgrade\system\CodeIgniter.php(404): CodeIgniter\CodeIgniter->runController(Object(App\Controllers\AdminAboutus))
#6 C:\xamp\htdocs\hrms_india_upgrade\system\CodeIgniter.php(312): CodeIgniter\CodeIgniter->handleRequest(NULL, Object(Config\Cache), false)
#7 C:\xamp\htdocs\hrms_india_upgrade\public\index.php(45): CodeIgniter\CodeIgniter->run()
#8 C:\xamp\htdocs\hrms_india_upgrade\system\Commands\Server\rewrite.php(34): require_once('C:\\xamp\\htdocs\\...')
#9 {main}
CRITICAL - 2022-07-29 03:35:19 --> Class 'App\Controllers\commonuserlib' not found
#0 C:\xamp\htdocs\hrms_india_upgrade\system\CodeIgniter.php(890): App\Controllers\AdminAboutus->__construct()
#1 C:\xamp\htdocs\hrms_india_upgrade\system\CodeIgniter.php(399): CodeIgniter\CodeIgniter->createController()
#2 C:\xamp\htdocs\hrms_india_upgrade\system\CodeIgniter.php(312): CodeIgniter\CodeIgniter->handleRequest(NULL, Object(Config\Cache), false)
#3 C:\xamp\htdocs\hrms_india_upgrade\public\index.php(45): CodeIgniter\CodeIgniter->run()
#4 C:\xamp\htdocs\hrms_india_upgrade\system\Commands\Server\rewrite.php(34): require_once('C:\\xamp\\htdocs\\...')
#5 {main}
CRITICAL - 2022-07-29 03:35:58 --> Undefined variable: commonuserlib
#0 C:\xamp\htdocs\hrms_india_upgrade\app\Views\templates\header.php(287): CodeIgniter\Debug\Exceptions->errorHandler(8, 'Undefined varia...', 'C:\\xamp\\htdocs\\...', 287, Array)
#1 C:\xamp\htdocs\hrms_india_upgrade\system\View\View.php(246): include('C:\\xamp\\htdocs\\...')
#2 C:\xamp\htdocs\hrms_india_upgrade\system\Common.php(1119): CodeIgniter\View\View->render('templates/heade...', Array, true)
#3 C:\xamp\htdocs\hrms_india_upgrade\app\Controllers\adminaboutus.php(115): view('templates/heade...')
#4 C:\xamp\htdocs\hrms_india_upgrade\system\CodeIgniter.php(918): App\Controllers\AdminAboutus->index()
#5 C:\xamp\htdocs\hrms_india_upgrade\system\CodeIgniter.php(404): CodeIgniter\CodeIgniter->runController(Object(App\Controllers\AdminAboutus))
#6 C:\xamp\htdocs\hrms_india_upgrade\system\CodeIgniter.php(312): CodeIgniter\CodeIgniter->handleRequest(NULL, Object(Config\Cache), false)
#7 C:\xamp\htdocs\hrms_india_upgrade\public\index.php(45): CodeIgniter\CodeIgniter->run()
#8 C:\xamp\htdocs\hrms_india_upgrade\system\Commands\Server\rewrite.php(34): require_once('C:\\xamp\\htdocs\\...')
#9 {main}
CRITICAL - 2022-07-29 03:36:27 --> Undefined variable: commonuserlib
#0 C:\xamp\htdocs\hrms_india_upgrade\app\Views\templates\header.php(287): CodeIgniter\Debug\Exceptions->errorHandler(8, 'Undefined varia...', 'C:\\xamp\\htdocs\\...', 287, Array)
#1 C:\xamp\htdocs\hrms_india_upgrade\system\View\View.php(246): include('C:\\xamp\\htdocs\\...')
#2 C:\xamp\htdocs\hrms_india_upgrade\system\Common.php(1119): CodeIgniter\View\View->render('templates/heade...', Array, true)
#3 C:\xamp\htdocs\hrms_india_upgrade\app\Controllers\adminaboutus.php(115): view('templates/heade...')
#4 C:\xamp\htdocs\hrms_india_upgrade\system\CodeIgniter.php(918): App\Controllers\AdminAboutus->index()
#5 C:\xamp\htdocs\hrms_india_upgrade\system\CodeIgniter.php(404): CodeIgniter\CodeIgniter->runController(Object(App\Controllers\AdminAboutus))
#6 C:\xamp\htdocs\hrms_india_upgrade\system\CodeIgniter.php(312): CodeIgniter\CodeIgniter->handleRequest(NULL, Object(Config\Cache), false)
#7 C:\xamp\htdocs\hrms_india_upgrade\public\index.php(45): CodeIgniter\CodeIgniter->run()
#8 C:\xamp\htdocs\hrms_india_upgrade\system\Commands\Server\rewrite.php(34): require_once('C:\\xamp\\htdocs\\...')
#9 {main}
CRITICAL - 2022-07-29 03:37:04 --> Undefined variable: commonuserlib
#0 C:\xamp\htdocs\hrms_india_upgrade\app\Views\templates\header.php(287): CodeIgniter\Debug\Exceptions->errorHandler(8, 'Undefined varia...', 'C:\\xamp\\htdocs\\...', 287, Array)
#1 C:\xamp\htdocs\hrms_india_upgrade\system\View\View.php(246): include('C:\\xamp\\htdocs\\...')
#2 C:\xamp\htdocs\hrms_india_upgrade\system\Common.php(1119): CodeIgniter\View\View->render('templates/heade...', Array, true)
#3 C:\xamp\htdocs\hrms_india_upgrade\app\Controllers\adminaboutus.php(116): view('templates/heade...')
#4 C:\xamp\htdocs\hrms_india_upgrade\system\CodeIgniter.php(918): App\Controllers\AdminAboutus->index()
#5 C:\xamp\htdocs\hrms_india_upgrade\system\CodeIgniter.php(404): CodeIgniter\CodeIgniter->runController(Object(App\Controllers\AdminAboutus))
#6 C:\xamp\htdocs\hrms_india_upgrade\system\CodeIgniter.php(312): CodeIgniter\CodeIgniter->handleRequest(NULL, Object(Config\Cache), false)
#7 C:\xamp\htdocs\hrms_india_upgrade\public\index.php(45): CodeIgniter\CodeIgniter->run()
#8 C:\xamp\htdocs\hrms_india_upgrade\system\Commands\Server\rewrite.php(34): require_once('C:\\xamp\\htdocs\\...')
#9 {main}
CRITICAL - 2022-07-29 03:37:06 --> Undefined variable: commonuserlib
#0 C:\xamp\htdocs\hrms_india_upgrade\app\Views\templates\header.php(287): CodeIgniter\Debug\Exceptions->errorHandler(8, 'Undefined varia...', 'C:\\xamp\\htdocs\\...', 287, Array)
#1 C:\xamp\htdocs\hrms_india_upgrade\system\View\View.php(246): include('C:\\xamp\\htdocs\\...')
#2 C:\xamp\htdocs\hrms_india_upgrade\system\Common.php(1119): CodeIgniter\View\View->render('templates/heade...', Array, true)
#3 C:\xamp\htdocs\hrms_india_upgrade\app\Controllers\adminaboutus.php(116): view('templates/heade...')
#4 C:\xamp\htdocs\hrms_india_upgrade\system\CodeIgniter.php(918): App\Controllers\AdminAboutus->index()
#5 C:\xamp\htdocs\hrms_india_upgrade\system\CodeIgniter.php(404): CodeIgniter\CodeIgniter->runController(Object(App\Controllers\AdminAboutus))
#6 C:\xamp\htdocs\hrms_india_upgrade\system\CodeIgniter.php(312): CodeIgniter\CodeIgniter->handleRequest(NULL, Object(Config\Cache), false)
#7 C:\xamp\htdocs\hrms_india_upgrade\public\index.php(45): CodeIgniter\CodeIgniter->run()
#8 C:\xamp\htdocs\hrms_india_upgrade\system\Commands\Server\rewrite.php(34): require_once('C:\\xamp\\htdocs\\...')
#9 {main}
CRITICAL - 2022-07-29 03:37:10 --> Undefined variable: commonuserlib
#0 C:\xamp\htdocs\hrms_india_upgrade\app\Views\templates\header.php(287): CodeIgniter\Debug\Exceptions->errorHandler(8, 'Undefined varia...', 'C:\\xamp\\htdocs\\...', 287, Array)
#1 C:\xamp\htdocs\hrms_india_upgrade\system\View\View.php(246): include('C:\\xamp\\htdocs\\...')
#2 C:\xamp\htdocs\hrms_india_upgrade\system\Common.php(1119): CodeIgniter\View\View->render('templates/heade...', Array, true)
#3 C:\xamp\htdocs\hrms_india_upgrade\app\Controllers\adminaboutus.php(116): view('templates/heade...')
#4 C:\xamp\htdocs\hrms_india_upgrade\system\CodeIgniter.php(918): App\Controllers\AdminAboutus->index()
#5 C:\xamp\htdocs\hrms_india_upgrade\system\CodeIgniter.php(404): CodeIgniter\CodeIgniter->runController(Object(App\Controllers\AdminAboutus))
#6 C:\xamp\htdocs\hrms_india_upgrade\system\CodeIgniter.php(312): CodeIgniter\CodeIgniter->handleRequest(NULL, Object(Config\Cache), false)
#7 C:\xamp\htdocs\hrms_india_upgrade\public\index.php(45): CodeIgniter\CodeIgniter->run()
#8 C:\xamp\htdocs\hrms_india_upgrade\system\Commands\Server\rewrite.php(34): require_once('C:\\xamp\\htdocs\\...')
#9 {main}
CRITICAL - 2022-07-29 03:39:01 --> Undefined variable: commonuserlib
#0 C:\xamp\htdocs\hrms_india_upgrade\app\Views\templates\header.php(287): CodeIgniter\Debug\Exceptions->errorHandler(8, 'Undefined varia...', 'C:\\xamp\\htdocs\\...', 287, Array)
#1 C:\xamp\htdocs\hrms_india_upgrade\system\View\View.php(246): include('C:\\xamp\\htdocs\\...')
#2 C:\xamp\htdocs\hrms_india_upgrade\system\Common.php(1119): CodeIgniter\View\View->render('templates/heade...', Array, true)
#3 C:\xamp\htdocs\hrms_india_upgrade\app\Controllers\adminaboutus.php(111): view('templates/heade...')
#4 C:\xamp\htdocs\hrms_india_upgrade\system\CodeIgniter.php(918): App\Controllers\AdminAboutus->index()
#5 C:\xamp\htdocs\hrms_india_upgrade\system\CodeIgniter.php(404): CodeIgniter\CodeIgniter->runController(Object(App\Controllers\AdminAboutus))
#6 C:\xamp\htdocs\hrms_india_upgrade\system\CodeIgniter.php(312): CodeIgniter\CodeIgniter->handleRequest(NULL, Object(Config\Cache), false)
#7 C:\xamp\htdocs\hrms_india_upgrade\public\index.php(45): CodeIgniter\CodeIgniter->run()
#8 C:\xamp\htdocs\hrms_india_upgrade\system\Commands\Server\rewrite.php(34): require_once('C:\\xamp\\htdocs\\...')
#9 {main}
CRITICAL - 2022-07-29 03:39:02 --> Undefined variable: commonuserlib
#0 C:\xamp\htdocs\hrms_india_upgrade\app\Views\templates\header.php(287): CodeIgniter\Debug\Exceptions->errorHandler(8, 'Undefined varia...', 'C:\\xamp\\htdocs\\...', 287, Array)
#1 C:\xamp\htdocs\hrms_india_upgrade\system\View\View.php(246): include('C:\\xamp\\htdocs\\...')
#2 C:\xamp\htdocs\hrms_india_upgrade\system\Common.php(1119): CodeIgniter\View\View->render('templates/heade...', Array, true)
#3 C:\xamp\htdocs\hrms_india_upgrade\app\Controllers\adminaboutus.php(111): view('templates/heade...')
#4 C:\xamp\htdocs\hrms_india_upgrade\system\CodeIgniter.php(918): App\Controllers\AdminAboutus->index()
#5 C:\xamp\htdocs\hrms_india_upgrade\system\CodeIgniter.php(404): CodeIgniter\CodeIgniter->runController(Object(App\Controllers\AdminAboutus))
#6 C:\xamp\htdocs\hrms_india_upgrade\system\CodeIgniter.php(312): CodeIgniter\CodeIgniter->handleRequest(NULL, Object(Config\Cache), false)
#7 C:\xamp\htdocs\hrms_india_upgrade\public\index.php(45): CodeIgniter\CodeIgniter->run()
#8 C:\xamp\htdocs\hrms_india_upgrade\system\Commands\Server\rewrite.php(34): require_once('C:\\xamp\\htdocs\\...')
#9 {main}
CRITICAL - 2022-07-29 03:39:02 --> Undefined variable: commonuserlib
#0 C:\xamp\htdocs\hrms_india_upgrade\app\Views\templates\header.php(287): CodeIgniter\Debug\Exceptions->errorHandler(8, 'Undefined varia...', 'C:\\xamp\\htdocs\\...', 287, Array)
#1 C:\xamp\htdocs\hrms_india_upgrade\system\View\View.php(246): include('C:\\xamp\\htdocs\\...')
#2 C:\xamp\htdocs\hrms_india_upgrade\system\Common.php(1119): CodeIgniter\View\View->render('templates/heade...', Array, true)
#3 C:\xamp\htdocs\hrms_india_upgrade\app\Controllers\adminaboutus.php(111): view('templates/heade...')
#4 C:\xamp\htdocs\hrms_india_upgrade\system\CodeIgniter.php(918): App\Controllers\AdminAboutus->index()
#5 C:\xamp\htdocs\hrms_india_upgrade\system\CodeIgniter.php(404): CodeIgniter\CodeIgniter->runController(Object(App\Controllers\AdminAboutus))
#6 C:\xamp\htdocs\hrms_india_upgrade\system\CodeIgniter.php(312): CodeIgniter\CodeIgniter->handleRequest(NULL, Object(Config\Cache), false)
#7 C:\xamp\htdocs\hrms_india_upgrade\public\index.php(45): CodeIgniter\CodeIgniter->run()
#8 C:\xamp\htdocs\hrms_india_upgrade\system\Commands\Server\rewrite.php(34): require_once('C:\\xamp\\htdocs\\...')
#9 {main}
CRITICAL - 2022-07-29 03:39:02 --> Undefined variable: commonuserlib
#0 C:\xamp\htdocs\hrms_india_upgrade\app\Views\templates\header.php(287): CodeIgniter\Debug\Exceptions->errorHandler(8, 'Undefined varia...', 'C:\\xamp\\htdocs\\...', 287, Array)
#1 C:\xamp\htdocs\hrms_india_upgrade\system\View\View.php(246): include('C:\\xamp\\htdocs\\...')
#2 C:\xamp\htdocs\hrms_india_upgrade\system\Common.php(1119): CodeIgniter\View\View->render('templates/heade...', Array, true)
#3 C:\xamp\htdocs\hrms_india_upgrade\app\Controllers\adminaboutus.php(111): view('templates/heade...')
#4 C:\xamp\htdocs\hrms_india_upgrade\system\CodeIgniter.php(918): App\Controllers\AdminAboutus->index()
#5 C:\xamp\htdocs\hrms_india_upgrade\system\CodeIgniter.php(404): CodeIgniter\CodeIgniter->runController(Object(App\Controllers\AdminAboutus))
#6 C:\xamp\htdocs\hrms_india_upgrade\system\CodeIgniter.php(312): CodeIgniter\CodeIgniter->handleRequest(NULL, Object(Config\Cache), false)
#7 C:\xamp\htdocs\hrms_india_upgrade\public\index.php(45): CodeIgniter\CodeIgniter->run()
#8 C:\xamp\htdocs\hrms_india_upgrade\system\Commands\Server\rewrite.php(34): require_once('C:\\xamp\\htdocs\\...')
#9 {main}
CRITICAL - 2022-07-29 03:39:02 --> Undefined variable: commonuserlib
#0 C:\xamp\htdocs\hrms_india_upgrade\app\Views\templates\header.php(287): CodeIgniter\Debug\Exceptions->errorHandler(8, 'Undefined varia...', 'C:\\xamp\\htdocs\\...', 287, Array)
#1 C:\xamp\htdocs\hrms_india_upgrade\system\View\View.php(246): include('C:\\xamp\\htdocs\\...')
#2 C:\xamp\htdocs\hrms_india_upgrade\system\Common.php(1119): CodeIgniter\View\View->render('templates/heade...', Array, true)
#3 C:\xamp\htdocs\hrms_india_upgrade\app\Controllers\adminaboutus.php(111): view('templates/heade...')
#4 C:\xamp\htdocs\hrms_india_upgrade\system\CodeIgniter.php(918): App\Controllers\AdminAboutus->index()
#5 C:\xamp\htdocs\hrms_india_upgrade\system\CodeIgniter.php(404): CodeIgniter\CodeIgniter->runController(Object(App\Controllers\AdminAboutus))
#6 C:\xamp\htdocs\hrms_india_upgrade\system\CodeIgniter.php(312): CodeIgniter\CodeIgniter->handleRequest(NULL, Object(Config\Cache), false)
#7 C:\xamp\htdocs\hrms_india_upgrade\public\index.php(45): CodeIgniter\CodeIgniter->run()
#8 C:\xamp\htdocs\hrms_india_upgrade\system\Commands\Server\rewrite.php(34): require_once('C:\\xamp\\htdocs\\...')
#9 {main}
CRITICAL - 2022-07-29 03:39:03 --> Undefined variable: commonuserlib
#0 C:\xamp\htdocs\hrms_india_upgrade\app\Views\templates\header.php(287): CodeIgniter\Debug\Exceptions->errorHandler(8, 'Undefined varia...', 'C:\\xamp\\htdocs\\...', 287, Array)
#1 C:\xamp\htdocs\hrms_india_upgrade\system\View\View.php(246): include('C:\\xamp\\htdocs\\...')
#2 C:\xamp\htdocs\hrms_india_upgrade\system\Common.php(1119): CodeIgniter\View\View->render('templates/heade...', Array, true)
#3 C:\xamp\htdocs\hrms_india_upgrade\app\Controllers\adminaboutus.php(111): view('templates/heade...')
#4 C:\xamp\htdocs\hrms_india_upgrade\system\CodeIgniter.php(918): App\Controllers\AdminAboutus->index()
#5 C:\xamp\htdocs\hrms_india_upgrade\system\CodeIgniter.php(404): CodeIgniter\CodeIgniter->runController(Object(App\Controllers\AdminAboutus))
#6 C:\xamp\htdocs\hrms_india_upgrade\system\CodeIgniter.php(312): CodeIgniter\CodeIgniter->handleRequest(NULL, Object(Config\Cache), false)
#7 C:\xamp\htdocs\hrms_india_upgrade\public\index.php(45): CodeIgniter\CodeIgniter->run()
#8 C:\xamp\htdocs\hrms_india_upgrade\system\Commands\Server\rewrite.php(34): require_once('C:\\xamp\\htdocs\\...')
#9 {main}
CRITICAL - 2022-07-29 03:39:03 --> Undefined variable: commonuserlib
#0 C:\xamp\htdocs\hrms_india_upgrade\app\Views\templates\header.php(287): CodeIgniter\Debug\Exceptions->errorHandler(8, 'Undefined varia...', 'C:\\xamp\\htdocs\\...', 287, Array)
#1 C:\xamp\htdocs\hrms_india_upgrade\system\View\View.php(246): include('C:\\xamp\\htdocs\\...')
#2 C:\xamp\htdocs\hrms_india_upgrade\system\Common.php(1119): CodeIgniter\View\View->render('templates/heade...', Array, true)
#3 C:\xamp\htdocs\hrms_india_upgrade\app\Controllers\adminaboutus.php(111): view('templates/heade...')
#4 C:\xamp\htdocs\hrms_india_upgrade\system\CodeIgniter.php(918): App\Controllers\AdminAboutus->index()
#5 C:\xamp\htdocs\hrms_india_upgrade\system\CodeIgniter.php(404): CodeIgniter\CodeIgniter->runController(Object(App\Controllers\AdminAboutus))
#6 C:\xamp\htdocs\hrms_india_upgrade\system\CodeIgniter.php(312): CodeIgniter\CodeIgniter->handleRequest(NULL, Object(Config\Cache), false)
#7 C:\xamp\htdocs\hrms_india_upgrade\public\index.php(45): CodeIgniter\CodeIgniter->run()
#8 C:\xamp\htdocs\hrms_india_upgrade\system\Commands\Server\rewrite.php(34): require_once('C:\\xamp\\htdocs\\...')
#9 {main}
CRITICAL - 2022-07-29 03:39:03 --> Undefined variable: commonuserlib
#0 C:\xamp\htdocs\hrms_india_upgrade\app\Views\templates\header.php(287): CodeIgniter\Debug\Exceptions->errorHandler(8, 'Undefined varia...', 'C:\\xamp\\htdocs\\...', 287, Array)
#1 C:\xamp\htdocs\hrms_india_upgrade\system\View\View.php(246): include('C:\\xamp\\htdocs\\...')
#2 C:\xamp\htdocs\hrms_india_upgrade\system\Common.php(1119): CodeIgniter\View\View->render('templates/heade...', Array, true)
#3 C:\xamp\htdocs\hrms_india_upgrade\app\Controllers\adminaboutus.php(111): view('templates/heade...')
#4 C:\xamp\htdocs\hrms_india_upgrade\system\CodeIgniter.php(918): App\Controllers\AdminAboutus->index()
#5 C:\xamp\htdocs\hrms_india_upgrade\system\CodeIgniter.php(404): CodeIgniter\CodeIgniter->runController(Object(App\Controllers\AdminAboutus))
#6 C:\xamp\htdocs\hrms_india_upgrade\system\CodeIgniter.php(312): CodeIgniter\CodeIgniter->handleRequest(NULL, Object(Config\Cache), false)
#7 C:\xamp\htdocs\hrms_india_upgrade\public\index.php(45): CodeIgniter\CodeIgniter->run()
#8 C:\xamp\htdocs\hrms_india_upgrade\system\Commands\Server\rewrite.php(34): require_once('C:\\xamp\\htdocs\\...')
#9 {main}
CRITICAL - 2022-07-29 03:39:58 --> Undefined variable: commonuserlib
#0 C:\xamp\htdocs\hrms_india_upgrade\app\Views\templates\header.php(287): CodeIgniter\Debug\Exceptions->errorHandler(8, 'Undefined varia...', 'C:\\xamp\\htdocs\\...', 287, Array)
#1 C:\xamp\htdocs\hrms_india_upgrade\system\View\View.php(246): include('C:\\xamp\\htdocs\\...')
#2 C:\xamp\htdocs\hrms_india_upgrade\system\Common.php(1119): CodeIgniter\View\View->render('templates/heade...', Array, true)
#3 C:\xamp\htdocs\hrms_india_upgrade\app\Controllers\aboutus.php(23): view('templates/heade...')
#4 C:\xamp\htdocs\hrms_india_upgrade\system\CodeIgniter.php(918): App\Controllers\Aboutus->index()
#5 C:\xamp\htdocs\hrms_india_upgrade\system\CodeIgniter.php(404): CodeIgniter\CodeIgniter->runController(Object(App\Controllers\Aboutus))
#6 C:\xamp\htdocs\hrms_india_upgrade\system\CodeIgniter.php(312): CodeIgniter\CodeIgniter->handleRequest(NULL, Object(Config\Cache), false)
#7 C:\xamp\htdocs\hrms_india_upgrade\public\index.php(45): CodeIgniter\CodeIgniter->run()
#8 C:\xamp\htdocs\hrms_india_upgrade\system\Commands\Server\rewrite.php(34): require_once('C:\\xamp\\htdocs\\...')
#9 {main}
CRITICAL - 2022-07-29 03:41:31 --> Undefined variable: commonuserlib
#0 C:\xamp\htdocs\hrms_india_upgrade\app\Views\templates\header.php(287): CodeIgniter\Debug\Exceptions->errorHandler(8, 'Undefined varia...', 'C:\\xamp\\htdocs\\...', 287, Array)
#1 C:\xamp\htdocs\hrms_india_upgrade\system\View\View.php(246): include('C:\\xamp\\htdocs\\...')
#2 C:\xamp\htdocs\hrms_india_upgrade\system\Common.php(1119): CodeIgniter\View\View->render('templates/heade...', Array, true)
#3 C:\xamp\htdocs\hrms_india_upgrade\app\Controllers\aboutus.php(24): view('templates/heade...')
#4 C:\xamp\htdocs\hrms_india_upgrade\system\CodeIgniter.php(918): App\Controllers\Aboutus->index()
#5 C:\xamp\htdocs\hrms_india_upgrade\system\CodeIgniter.php(404): CodeIgniter\CodeIgniter->runController(Object(App\Controllers\Aboutus))
#6 C:\xamp\htdocs\hrms_india_upgrade\system\CodeIgniter.php(312): CodeIgniter\CodeIgniter->handleRequest(NULL, Object(Config\Cache), false)
#7 C:\xamp\htdocs\hrms_india_upgrade\public\index.php(45): CodeIgniter\CodeIgniter->run()
#8 C:\xamp\htdocs\hrms_india_upgrade\system\Commands\Server\rewrite.php(34): require_once('C:\\xamp\\htdocs\\...')
#9 {main}
CRITICAL - 2022-07-29 03:41:35 --> Undefined variable: commonuserlib
#0 C:\xamp\htdocs\hrms_india_upgrade\app\Views\templates\header.php(287): CodeIgniter\Debug\Exceptions->errorHandler(8, 'Undefined varia...', 'C:\\xamp\\htdocs\\...', 287, Array)
#1 C:\xamp\htdocs\hrms_india_upgrade\system\View\View.php(246): include('C:\\xamp\\htdocs\\...')
#2 C:\xamp\htdocs\hrms_india_upgrade\system\Common.php(1119): CodeIgniter\View\View->render('templates/heade...', Array, true)
#3 C:\xamp\htdocs\hrms_india_upgrade\app\Controllers\aboutus.php(24): view('templates/heade...')
#4 C:\xamp\htdocs\hrms_india_upgrade\system\CodeIgniter.php(918): App\Controllers\Aboutus->index()
#5 C:\xamp\htdocs\hrms_india_upgrade\system\CodeIgniter.php(404): CodeIgniter\CodeIgniter->runController(Object(App\Controllers\Aboutus))
#6 C:\xamp\htdocs\hrms_india_upgrade\system\CodeIgniter.php(312): CodeIgniter\CodeIgniter->handleRequest(NULL, Object(Config\Cache), false)
#7 C:\xamp\htdocs\hrms_india_upgrade\public\index.php(45): CodeIgniter\CodeIgniter->run()
#8 C:\xamp\htdocs\hrms_india_upgrade\system\Commands\Server\rewrite.php(34): require_once('C:\\xamp\\htdocs\\...')
#9 {main}
CRITICAL - 2022-07-29 03:44:01 --> Trying to access array offset on value of type null
#0 C:\xamp\htdocs\hrms_india_upgrade\app\Views\templates\header.php(293): CodeIgniter\Debug\Exceptions->errorHandler(8, 'Trying to acces...', 'C:\\xamp\\htdocs\\...', 293, Array)
#1 C:\xamp\htdocs\hrms_india_upgrade\system\View\View.php(246): include('C:\\xamp\\htdocs\\...')
#2 C:\xamp\htdocs\hrms_india_upgrade\system\Common.php(1119): CodeIgniter\View\View->render('templates/heade...', Array, true)
#3 C:\xamp\htdocs\hrms_india_upgrade\app\Views\template.php(1): view('templates/heade...')
#4 C:\xamp\htdocs\hrms_india_upgrade\system\View\View.php(246): include('C:\\xamp\\htdocs\\...')
#5 C:\xamp\htdocs\hrms_india_upgrade\system\Common.php(1119): CodeIgniter\View\View->render('template', Array, true)
#6 C:\xamp\htdocs\hrms_india_upgrade\app\Controllers\aboutus.php(25): view('template', Array)
#7 C:\xamp\htdocs\hrms_india_upgrade\system\CodeIgniter.php(918): App\Controllers\Aboutus->index()
#8 C:\xamp\htdocs\hrms_india_upgrade\system\CodeIgniter.php(404): CodeIgniter\CodeIgniter->runController(Object(App\Controllers\Aboutus))
#9 C:\xamp\htdocs\hrms_india_upgrade\system\CodeIgniter.php(312): CodeIgniter\CodeIgniter->handleRequest(NULL, Object(Config\Cache), false)
#10 C:\xamp\htdocs\hrms_india_upgrade\public\index.php(45): CodeIgniter\CodeIgniter->run()
#11 C:\xamp\htdocs\hrms_india_upgrade\system\Commands\Server\rewrite.php(34): require_once('C:\\xamp\\htdocs\\...')
#12 {main}
CRITICAL - 2022-07-29 03:44:02 --> Trying to access array offset on value of type null
#0 C:\xamp\htdocs\hrms_india_upgrade\app\Views\templates\header.php(293): CodeIgniter\Debug\Exceptions->errorHandler(8, 'Trying to acces...', 'C:\\xamp\\htdocs\\...', 293, Array)
#1 C:\xamp\htdocs\hrms_india_upgrade\system\View\View.php(246): include('C:\\xamp\\htdocs\\...')
#2 C:\xamp\htdocs\hrms_india_upgrade\system\Common.php(1119): CodeIgniter\View\View->render('templates/heade...', Array, true)
#3 C:\xamp\htdocs\hrms_india_upgrade\app\Views\template.php(1): view('templates/heade...')
#4 C:\xamp\htdocs\hrms_india_upgrade\system\View\View.php(246): include('C:\\xamp\\htdocs\\...')
#5 C:\xamp\htdocs\hrms_india_upgrade\system\Common.php(1119): CodeIgniter\View\View->render('template', Array, true)
#6 C:\xamp\htdocs\hrms_india_upgrade\app\Controllers\aboutus.php(25): view('template', Array)
#7 C:\xamp\htdocs\hrms_india_upgrade\system\CodeIgniter.php(918): App\Controllers\Aboutus->index()
#8 C:\xamp\htdocs\hrms_india_upgrade\system\CodeIgniter.php(404): CodeIgniter\CodeIgniter->runController(Object(App\Controllers\Aboutus))
#9 C:\xamp\htdocs\hrms_india_upgrade\system\CodeIgniter.php(312): CodeIgniter\CodeIgniter->handleRequest(NULL, Object(Config\Cache), false)
#10 C:\xamp\htdocs\hrms_india_upgrade\public\index.php(45): CodeIgniter\CodeIgniter->run()
#11 C:\xamp\htdocs\hrms_india_upgrade\system\Commands\Server\rewrite.php(34): require_once('C:\\xamp\\htdocs\\...')
#12 {main}
CRITICAL - 2022-07-29 03:44:02 --> Trying to access array offset on value of type null
#0 C:\xamp\htdocs\hrms_india_upgrade\app\Views\templates\header.php(293): CodeIgniter\Debug\Exceptions->errorHandler(8, 'Trying to acces...', 'C:\\xamp\\htdocs\\...', 293, Array)
#1 C:\xamp\htdocs\hrms_india_upgrade\system\View\View.php(246): include('C:\\xamp\\htdocs\\...')
#2 C:\xamp\htdocs\hrms_india_upgrade\system\Common.php(1119): CodeIgniter\View\View->render('templates/heade...', Array, true)
#3 C:\xamp\htdocs\hrms_india_upgrade\app\Views\template.php(1): view('templates/heade...')
#4 C:\xamp\htdocs\hrms_india_upgrade\system\View\View.php(246): include('C:\\xamp\\htdocs\\...')
#5 C:\xamp\htdocs\hrms_india_upgrade\system\Common.php(1119): CodeIgniter\View\View->render('template', Array, true)
#6 C:\xamp\htdocs\hrms_india_upgrade\app\Controllers\aboutus.php(25): view('template', Array)
#7 C:\xamp\htdocs\hrms_india_upgrade\system\CodeIgniter.php(918): App\Controllers\Aboutus->index()
#8 C:\xamp\htdocs\hrms_india_upgrade\system\CodeIgniter.php(404): CodeIgniter\CodeIgniter->runController(Object(App\Controllers\Aboutus))
#9 C:\xamp\htdocs\hrms_india_upgrade\system\CodeIgniter.php(312): CodeIgniter\CodeIgniter->handleRequest(NULL, Object(Config\Cache), false)
#10 C:\xamp\htdocs\hrms_india_upgrade\public\index.php(45): CodeIgniter\CodeIgniter->run()
#11 C:\xamp\htdocs\hrms_india_upgrade\system\Commands\Server\rewrite.php(34): require_once('C:\\xamp\\htdocs\\...')
#12 {main}
CRITICAL - 2022-07-29 03:44:02 --> Trying to access array offset on value of type null
#0 C:\xamp\htdocs\hrms_india_upgrade\app\Views\templates\header.php(293): CodeIgniter\Debug\Exceptions->errorHandler(8, 'Trying to acces...', 'C:\\xamp\\htdocs\\...', 293, Array)
#1 C:\xamp\htdocs\hrms_india_upgrade\system\View\View.php(246): include('C:\\xamp\\htdocs\\...')
#2 C:\xamp\htdocs\hrms_india_upgrade\system\Common.php(1119): CodeIgniter\View\View->render('templates/heade...', Array, true)
#3 C:\xamp\htdocs\hrms_india_upgrade\app\Views\template.php(1): view('templates/heade...')
#4 C:\xamp\htdocs\hrms_india_upgrade\system\View\View.php(246): include('C:\\xamp\\htdocs\\...')
#5 C:\xamp\htdocs\hrms_india_upgrade\system\Common.php(1119): CodeIgniter\View\View->render('template', Array, true)
#6 C:\xamp\htdocs\hrms_india_upgrade\app\Controllers\aboutus.php(25): view('template', Array)
#7 C:\xamp\htdocs\hrms_india_upgrade\system\CodeIgniter.php(918): App\Controllers\Aboutus->index()
#8 C:\xamp\htdocs\hrms_india_upgrade\system\CodeIgniter.php(404): CodeIgniter\CodeIgniter->runController(Object(App\Controllers\Aboutus))
#9 C:\xamp\htdocs\hrms_india_upgrade\system\CodeIgniter.php(312): CodeIgniter\CodeIgniter->handleRequest(NULL, Object(Config\Cache), false)
#10 C:\xamp\htdocs\hrms_india_upgrade\public\index.php(45): CodeIgniter\CodeIgniter->run()
#11 C:\xamp\htdocs\hrms_india_upgrade\system\Commands\Server\rewrite.php(34): require_once('C:\\xamp\\htdocs\\...')
#12 {main}
CRITICAL - 2022-07-29 03:44:05 --> Trying to access array offset on value of type null
#0 C:\xamp\htdocs\hrms_india_upgrade\app\Views\templates\header.php(293): CodeIgniter\Debug\Exceptions->errorHandler(8, 'Trying to acces...', 'C:\\xamp\\htdocs\\...', 293, Array)
#1 C:\xamp\htdocs\hrms_india_upgrade\system\View\View.php(246): include('C:\\xamp\\htdocs\\...')
#2 C:\xamp\htdocs\hrms_india_upgrade\system\Common.php(1119): CodeIgniter\View\View->render('templates/heade...', Array, true)
#3 C:\xamp\htdocs\hrms_india_upgrade\app\Views\template.php(1): view('templates/heade...')
#4 C:\xamp\htdocs\hrms_india_upgrade\system\View\View.php(246): include('C:\\xamp\\htdocs\\...')
#5 C:\xamp\htdocs\hrms_india_upgrade\system\Common.php(1119): CodeIgniter\View\View->render('template', Array, true)
#6 C:\xamp\htdocs\hrms_india_upgrade\app\Controllers\aboutus.php(25): view('template', Array)
#7 C:\xamp\htdocs\hrms_india_upgrade\system\CodeIgniter.php(918): App\Controllers\Aboutus->index()
#8 C:\xamp\htdocs\hrms_india_upgrade\system\CodeIgniter.php(404): CodeIgniter\CodeIgniter->runController(Object(App\Controllers\Aboutus))
#9 C:\xamp\htdocs\hrms_india_upgrade\system\CodeIgniter.php(312): CodeIgniter\CodeIgniter->handleRequest(NULL, Object(Config\Cache), false)
#10 C:\xamp\htdocs\hrms_india_upgrade\public\index.php(45): CodeIgniter\CodeIgniter->run()
#11 C:\xamp\htdocs\hrms_india_upgrade\system\Commands\Server\rewrite.php(34): require_once('C:\\xamp\\htdocs\\...')
#12 {main}
CRITICAL - 2022-07-29 03:44:36 --> Trying to access array offset on value of type null
#0 C:\xamp\htdocs\hrms_india_upgrade\app\Views\templates\header.php(272): CodeIgniter\Debug\Exceptions->errorHandler(8, 'Trying to acces...', 'C:\\xamp\\htdocs\\...', 272, Array)
#1 C:\xamp\htdocs\hrms_india_upgrade\system\View\View.php(246): include('C:\\xamp\\htdocs\\...')
#2 C:\xamp\htdocs\hrms_india_upgrade\system\Common.php(1119): CodeIgniter\View\View->render('templates/heade...', Array, true)
#3 C:\xamp\htdocs\hrms_india_upgrade\app\Views\template.php(1): view('templates/heade...')
#4 C:\xamp\htdocs\hrms_india_upgrade\system\View\View.php(246): include('C:\\xamp\\htdocs\\...')
#5 C:\xamp\htdocs\hrms_india_upgrade\system\Common.php(1119): CodeIgniter\View\View->render('template', Array, true)
#6 C:\xamp\htdocs\hrms_india_upgrade\app\Controllers\aboutus.php(25): view('template', Array)
#7 C:\xamp\htdocs\hrms_india_upgrade\system\CodeIgniter.php(918): App\Controllers\Aboutus->index()
#8 C:\xamp\htdocs\hrms_india_upgrade\system\CodeIgniter.php(404): CodeIgniter\CodeIgniter->runController(Object(App\Controllers\Aboutus))
#9 C:\xamp\htdocs\hrms_india_upgrade\system\CodeIgniter.php(312): CodeIgniter\CodeIgniter->handleRequest(NULL, Object(Config\Cache), false)
#10 C:\xamp\htdocs\hrms_india_upgrade\public\index.php(45): CodeIgniter\CodeIgniter->run()
#11 C:\xamp\htdocs\hrms_india_upgrade\system\Commands\Server\rewrite.php(34): require_once('C:\\xamp\\htdocs\\...')
#12 {main}
CRITICAL - 2022-07-29 03:44:38 --> Trying to access array offset on value of type null
#0 C:\xamp\htdocs\hrms_india_upgrade\app\Views\templates\header.php(272): CodeIgniter\Debug\Exceptions->errorHandler(8, 'Trying to acces...', 'C:\\xamp\\htdocs\\...', 272, Array)
#1 C:\xamp\htdocs\hrms_india_upgrade\system\View\View.php(246): include('C:\\xamp\\htdocs\\...')
#2 C:\xamp\htdocs\hrms_india_upgrade\system\Common.php(1119): CodeIgniter\View\View->render('templates/heade...', Array, true)
#3 C:\xamp\htdocs\hrms_india_upgrade\app\Views\template.php(1): view('templates/heade...')
#4 C:\xamp\htdocs\hrms_india_upgrade\system\View\View.php(246): include('C:\\xamp\\htdocs\\...')
#5 C:\xamp\htdocs\hrms_india_upgrade\system\Common.php(1119): CodeIgniter\View\View->render('template', Array, true)
#6 C:\xamp\htdocs\hrms_india_upgrade\app\Controllers\aboutus.php(25): view('template', Array)
#7 C:\xamp\htdocs\hrms_india_upgrade\system\CodeIgniter.php(918): App\Controllers\Aboutus->index()
#8 C:\xamp\htdocs\hrms_india_upgrade\system\CodeIgniter.php(404): CodeIgniter\CodeIgniter->runController(Object(App\Controllers\Aboutus))
#9 C:\xamp\htdocs\hrms_india_upgrade\system\CodeIgniter.php(312): CodeIgniter\CodeIgniter->handleRequest(NULL, Object(Config\Cache), false)
#10 C:\xamp\htdocs\hrms_india_upgrade\public\index.php(45): CodeIgniter\CodeIgniter->run()
#11 C:\xamp\htdocs\hrms_india_upgrade\system\Commands\Server\rewrite.php(34): require_once('C:\\xamp\\htdocs\\...')
#12 {main}
CRITICAL - 2022-07-29 03:46:06 --> Trying to access array offset on value of type null
#0 C:\xamp\htdocs\hrms_india_upgrade\app\Views\templates\header.php(272): CodeIgniter\Debug\Exceptions->errorHandler(8, 'Trying to acces...', 'C:\\xamp\\htdocs\\...', 272, Array)
#1 C:\xamp\htdocs\hrms_india_upgrade\system\View\View.php(246): include('C:\\xamp\\htdocs\\...')
#2 C:\xamp\htdocs\hrms_india_upgrade\system\Common.php(1119): CodeIgniter\View\View->render('templates/heade...', Array, true)
#3 C:\xamp\htdocs\hrms_india_upgrade\app\Views\template.php(1): view('templates/heade...')
#4 C:\xamp\htdocs\hrms_india_upgrade\system\View\View.php(246): include('C:\\xamp\\htdocs\\...')
#5 C:\xamp\htdocs\hrms_india_upgrade\system\Common.php(1119): CodeIgniter\View\View->render('template', Array, true)
#6 C:\xamp\htdocs\hrms_india_upgrade\app\Controllers\aboutus.php(25): view('template', Array)
#7 C:\xamp\htdocs\hrms_india_upgrade\system\CodeIgniter.php(918): App\Controllers\Aboutus->index()
#8 C:\xamp\htdocs\hrms_india_upgrade\system\CodeIgniter.php(404): CodeIgniter\CodeIgniter->runController(Object(App\Controllers\Aboutus))
#9 C:\xamp\htdocs\hrms_india_upgrade\system\CodeIgniter.php(312): CodeIgniter\CodeIgniter->handleRequest(NULL, Object(Config\Cache), false)
#10 C:\xamp\htdocs\hrms_india_upgrade\public\index.php(45): CodeIgniter\CodeIgniter->run()
#11 C:\xamp\htdocs\hrms_india_upgrade\system\Commands\Server\rewrite.php(34): require_once('C:\\xamp\\htdocs\\...')
#12 {main}
CRITICAL - 2022-07-29 03:47:45 --> Trying to access array offset on value of type null
#0 C:\xamp\htdocs\hrms_india_upgrade\app\Views\templates\header.php(272): CodeIgniter\Debug\Exceptions->errorHandler(8, 'Trying to acces...', 'C:\\xamp\\htdocs\\...', 272, Array)
#1 C:\xamp\htdocs\hrms_india_upgrade\system\View\View.php(246): include('C:\\xamp\\htdocs\\...')
#2 C:\xamp\htdocs\hrms_india_upgrade\system\Common.php(1119): CodeIgniter\View\View->render('templates/heade...', Array, true)
#3 C:\xamp\htdocs\hrms_india_upgrade\app\Views\template.php(1): view('templates/heade...')
#4 C:\xamp\htdocs\hrms_india_upgrade\system\View\View.php(246): include('C:\\xamp\\htdocs\\...')
#5 C:\xamp\htdocs\hrms_india_upgrade\system\Common.php(1119): CodeIgniter\View\View->render('template', Array, true)
#6 C:\xamp\htdocs\hrms_india_upgrade\app\Controllers\aboutus.php(25): view('template', Array)
#7 C:\xamp\htdocs\hrms_india_upgrade\system\CodeIgniter.php(918): App\Controllers\Aboutus->index()
#8 C:\xamp\htdocs\hrms_india_upgrade\system\CodeIgniter.php(404): CodeIgniter\CodeIgniter->runController(Object(App\Controllers\Aboutus))
#9 C:\xamp\htdocs\hrms_india_upgrade\system\CodeIgniter.php(312): CodeIgniter\CodeIgniter->handleRequest(NULL, Object(Config\Cache), false)
#10 C:\xamp\htdocs\hrms_india_upgrade\public\index.php(45): CodeIgniter\CodeIgniter->run()
#11 C:\xamp\htdocs\hrms_india_upgrade\system\Commands\Server\rewrite.php(34): require_once('C:\\xamp\\htdocs\\...')
#12 {main}
CRITICAL - 2022-07-29 04:10:09 --> Table 'hrms_india.users' doesn't exist
#0 C:\xamp\htdocs\hrms_india_upgrade\system\Database\MySQLi\Connection.php(331): mysqli->query('SELECT *\nFROM `...')
#1 C:\xamp\htdocs\hrms_india_upgrade\system\Database\BaseConnection.php(741): CodeIgniter\Database\MySQLi\Connection->execute('SELECT *\nFROM `...')
#2 C:\xamp\htdocs\hrms_india_upgrade\system\Database\BaseConnection.php(669): CodeIgniter\Database\BaseConnection->simpleQuery('SELECT *\nFROM `...')
#3 C:\xamp\htdocs\hrms_india_upgrade\system\Database\BaseBuilder.php(1860): CodeIgniter\Database\BaseConnection->query('SELECT *\nFROM `...', Array, false)
#4 C:\xamp\htdocs\hrms_india_upgrade\system\Model.php(506): CodeIgniter\Database\BaseBuilder->get()
#5 C:\xamp\htdocs\hrms_india_upgrade\app\Controllers\user.php(25): CodeIgniter\Model->first()
#6 C:\xamp\htdocs\hrms_india_upgrade\system\CodeIgniter.php(918): App\Controllers\User->index()
#7 C:\xamp\htdocs\hrms_india_upgrade\system\CodeIgniter.php(404): CodeIgniter\CodeIgniter->runController(Object(App\Controllers\User))
#8 C:\xamp\htdocs\hrms_india_upgrade\system\CodeIgniter.php(312): CodeIgniter\CodeIgniter->handleRequest(NULL, Object(Config\Cache), false)
#9 C:\xamp\htdocs\hrms_india_upgrade\public\index.php(45): CodeIgniter\CodeIgniter->run()
#10 C:\xamp\htdocs\hrms_india_upgrade\system\Commands\Server\rewrite.php(34): require_once('C:\\xamp\\htdocs\\...')
#11 {main}
CRITICAL - 2022-07-29 04:17:25 --> Class 'CI_Model' not found
#0 C:\xamp\htdocs\hrms_india_upgrade\system\Autoloader\Autoloader.php(365): require_once()
#1 C:\xamp\htdocs\hrms_india_upgrade\system\Autoloader\Autoloader.php(296): CodeIgniter\Autoloader\Autoloader->requireFile('C:\\xamp\\htdocs\\...')
#2 C:\xamp\htdocs\hrms_india_upgrade\system\Autoloader\Autoloader.php(258): CodeIgniter\Autoloader\Autoloader->loadInNamespace('App\\Models\\User...')
#3 [internal function]: CodeIgniter\Autoloader\Autoloader->loadClass('App\\Models\\User...')
#4 C:\xamp\htdocs\hrms_india_upgrade\app\Controllers\user.php(13): spl_autoload_call('App\\Models\\User...')
#5 C:\xamp\htdocs\hrms_india_upgrade\system\CodeIgniter.php(890): App\Controllers\User->__construct()
#6 C:\xamp\htdocs\hrms_india_upgrade\system\CodeIgniter.php(399): CodeIgniter\CodeIgniter->createController()
#7 C:\xamp\htdocs\hrms_india_upgrade\system\CodeIgniter.php(312): CodeIgniter\CodeIgniter->handleRequest(NULL, Object(Config\Cache), false)
#8 C:\xamp\htdocs\hrms_india_upgrade\public\index.php(45): CodeIgniter\CodeIgniter->run()
#9 C:\xamp\htdocs\hrms_india_upgrade\system\Commands\Server\rewrite.php(34): require_once('C:\\xamp\\htdocs\\...')
#10 {main}
CRITICAL - 2022-07-29 04:18:59 --> Class 'App\Models\UsersModel' not found
#0 C:\xamp\htdocs\hrms_india_upgrade\system\CodeIgniter.php(890): App\Controllers\User->__construct()
#1 C:\xamp\htdocs\hrms_india_upgrade\system\CodeIgniter.php(399): CodeIgniter\CodeIgniter->createController()
#2 C:\xamp\htdocs\hrms_india_upgrade\system\CodeIgniter.php(312): CodeIgniter\CodeIgniter->handleRequest(NULL, Object(Config\Cache), false)
#3 C:\xamp\htdocs\hrms_india_upgrade\public\index.php(45): CodeIgniter\CodeIgniter->run()
#4 C:\xamp\htdocs\hrms_india_upgrade\system\Commands\Server\rewrite.php(34): require_once('C:\\xamp\\htdocs\\...')
#5 {main}
CRITICAL - 2022-07-29 04:19:24 --> Table 'hrms_india.user_lkp' doesn't exist
#0 C:\xamp\htdocs\hrms_india_upgrade\system\Database\MySQLi\Connection.php(331): mysqli->query('SELECT *\nFROM `...')
#1 C:\xamp\htdocs\hrms_india_upgrade\system\Database\BaseConnection.php(741): CodeIgniter\Database\MySQLi\Connection->execute('SELECT *\nFROM `...')
#2 C:\xamp\htdocs\hrms_india_upgrade\system\Database\BaseConnection.php(669): CodeIgniter\Database\BaseConnection->simpleQuery('SELECT *\nFROM `...')
#3 C:\xamp\htdocs\hrms_india_upgrade\system\Database\BaseBuilder.php(1860): CodeIgniter\Database\BaseConnection->query('SELECT *\nFROM `...', Array, false)
#4 C:\xamp\htdocs\hrms_india_upgrade\system\Model.php(506): CodeIgniter\Database\BaseBuilder->get()
#5 C:\xamp\htdocs\hrms_india_upgrade\app\Controllers\user.php(25): CodeIgniter\Model->first()
#6 C:\xamp\htdocs\hrms_india_upgrade\system\CodeIgniter.php(918): App\Controllers\User->index()
#7 C:\xamp\htdocs\hrms_india_upgrade\system\CodeIgniter.php(404): CodeIgniter\CodeIgniter->runController(Object(App\Controllers\User))
#8 C:\xamp\htdocs\hrms_india_upgrade\system\CodeIgniter.php(312): CodeIgniter\CodeIgniter->handleRequest(NULL, Object(Config\Cache), false)
#9 C:\xamp\htdocs\hrms_india_upgrade\public\index.php(45): CodeIgniter\CodeIgniter->run()
#10 C:\xamp\htdocs\hrms_india_upgrade\system\Commands\Server\rewrite.php(34): require_once('C:\\xamp\\htdocs\\...')
#11 {main}
CRITICAL - 2022-07-29 04:19:47 --> Unknown column 'aboutusid' in 'where clause'
#0 C:\xamp\htdocs\hrms_india_upgrade\system\Database\MySQLi\Connection.php(331): mysqli->query('SELECT *\nFROM `...')
#1 C:\xamp\htdocs\hrms_india_upgrade\system\Database\BaseConnection.php(741): CodeIgniter\Database\MySQLi\Connection->execute('SELECT *\nFROM `...')
#2 C:\xamp\htdocs\hrms_india_upgrade\system\Database\BaseConnection.php(669): CodeIgniter\Database\BaseConnection->simpleQuery('SELECT *\nFROM `...')
#3 C:\xamp\htdocs\hrms_india_upgrade\system\Database\BaseBuilder.php(1860): CodeIgniter\Database\BaseConnection->query('SELECT *\nFROM `...', Array, false)
#4 C:\xamp\htdocs\hrms_india_upgrade\system\Model.php(506): CodeIgniter\Database\BaseBuilder->get()
#5 C:\xamp\htdocs\hrms_india_upgrade\app\Controllers\user.php(25): CodeIgniter\Model->first()
#6 C:\xamp\htdocs\hrms_india_upgrade\system\CodeIgniter.php(918): App\Controllers\User->index()
#7 C:\xamp\htdocs\hrms_india_upgrade\system\CodeIgniter.php(404): CodeIgniter\CodeIgniter->runController(Object(App\Controllers\User))
#8 C:\xamp\htdocs\hrms_india_upgrade\system\CodeIgniter.php(312): CodeIgniter\CodeIgniter->handleRequest(NULL, Object(Config\Cache), false)
#9 C:\xamp\htdocs\hrms_india_upgrade\public\index.php(45): CodeIgniter\CodeIgniter->run()
#10 C:\xamp\htdocs\hrms_india_upgrade\system\Commands\Server\rewrite.php(34): require_once('C:\\xamp\\htdocs\\...')
#11 {main}
CRITICAL - 2022-07-29 04:20:11 --> Call to a member function post() on null
#0 C:\xamp\htdocs\hrms_india_upgrade\system\View\View.php(246): include()
#1 C:\xamp\htdocs\hrms_india_upgrade\system\Common.php(1119): CodeIgniter\View\View->render('userlist_view', Array, true)
#2 C:\xamp\htdocs\hrms_india_upgrade\app\Views\template.php(2): view('userlist_view')
#3 C:\xamp\htdocs\hrms_india_upgrade\system\View\View.php(246): include('C:\\xamp\\htdocs\\...')
#4 C:\xamp\htdocs\hrms_india_upgrade\system\Common.php(1119): CodeIgniter\View\View->render('template', Array, true)
#5 C:\xamp\htdocs\hrms_india_upgrade\app\Controllers\user.php(29): view('template', Array)
#6 C:\xamp\htdocs\hrms_india_upgrade\system\CodeIgniter.php(918): App\Controllers\User->index()
#7 C:\xamp\htdocs\hrms_india_upgrade\system\CodeIgniter.php(404): CodeIgniter\CodeIgniter->runController(Object(App\Controllers\User))
#8 C:\xamp\htdocs\hrms_india_upgrade\system\CodeIgniter.php(312): CodeIgniter\CodeIgniter->handleRequest(NULL, Object(Config\Cache), false)
#9 C:\xamp\htdocs\hrms_india_upgrade\public\index.php(45): CodeIgniter\CodeIgniter->run()
#10 C:\xamp\htdocs\hrms_india_upgrade\system\Commands\Server\rewrite.php(34): require_once('C:\\xamp\\htdocs\\...')
#11 {main}
CRITICAL - 2022-07-29 04:21:31 --> Call to a member function getVar() on null
#0 C:\xamp\htdocs\hrms_india_upgrade\system\View\View.php(246): include()
#1 C:\xamp\htdocs\hrms_india_upgrade\system\Common.php(1119): CodeIgniter\View\View->render('userlist_view', Array, true)
#2 C:\xamp\htdocs\hrms_india_upgrade\app\Views\template.php(2): view('userlist_view')
#3 C:\xamp\htdocs\hrms_india_upgrade\system\View\View.php(246): include('C:\\xamp\\htdocs\\...')
#4 C:\xamp\htdocs\hrms_india_upgrade\system\Common.php(1119): CodeIgniter\View\View->render('template', Array, true)
#5 C:\xamp\htdocs\hrms_india_upgrade\app\Controllers\user.php(29): view('template', Array)
#6 C:\xamp\htdocs\hrms_india_upgrade\system\CodeIgniter.php(918): App\Controllers\User->index()
#7 C:\xamp\htdocs\hrms_india_upgrade\system\CodeIgniter.php(404): CodeIgniter\CodeIgniter->runController(Object(App\Controllers\User))
#8 C:\xamp\htdocs\hrms_india_upgrade\system\CodeIgniter.php(312): CodeIgniter\CodeIgniter->handleRequest(NULL, Object(Config\Cache), false)
#9 C:\xamp\htdocs\hrms_india_upgrade\public\index.php(45): CodeIgniter\CodeIgniter->run()
#10 C:\xamp\htdocs\hrms_india_upgrade\system\Commands\Server\rewrite.php(34): require_once('C:\\xamp\\htdocs\\...')
#11 {main}
CRITICAL - 2022-07-29 04:25:34 --> Call to a member function select() on null
#0 C:\xamp\htdocs\hrms_india_upgrade\system\CodeIgniter.php(918): App\Controllers\User->index()
#1 C:\xamp\htdocs\hrms_india_upgrade\system\CodeIgniter.php(404): CodeIgniter\CodeIgniter->runController(Object(App\Controllers\User))
#2 C:\xamp\htdocs\hrms_india_upgrade\system\CodeIgniter.php(312): CodeIgniter\CodeIgniter->handleRequest(NULL, Object(Config\Cache), false)
#3 C:\xamp\htdocs\hrms_india_upgrade\public\index.php(45): CodeIgniter\CodeIgniter->run()
#4 C:\xamp\htdocs\hrms_india_upgrade\system\Commands\Server\rewrite.php(34): require_once('C:\\xamp\\htdocs\\...')
#5 {main}
CRITICAL - 2022-07-29 04:26:55 --> Call to a member function table() on null
#0 C:\xamp\htdocs\hrms_india_upgrade\system\CodeIgniter.php(918): App\Controllers\User->index()
#1 C:\xamp\htdocs\hrms_india_upgrade\system\CodeIgniter.php(404): CodeIgniter\CodeIgniter->runController(Object(App\Controllers\User))
#2 C:\xamp\htdocs\hrms_india_upgrade\system\CodeIgniter.php(312): CodeIgniter\CodeIgniter->handleRequest(NULL, Object(Config\Cache), false)
#3 C:\xamp\htdocs\hrms_india_upgrade\public\index.php(45): CodeIgniter\CodeIgniter->run()
#4 C:\xamp\htdocs\hrms_india_upgrade\system\Commands\Server\rewrite.php(34): require_once('C:\\xamp\\htdocs\\...')
#5 {main}
CRITICAL - 2022-07-29 04:26:57 --> Call to a member function table() on null
#0 C:\xamp\htdocs\hrms_india_upgrade\system\CodeIgniter.php(918): App\Controllers\User->index()
#1 C:\xamp\htdocs\hrms_india_upgrade\system\CodeIgniter.php(404): CodeIgniter\CodeIgniter->runController(Object(App\Controllers\User))
#2 C:\xamp\htdocs\hrms_india_upgrade\system\CodeIgniter.php(312): CodeIgniter\CodeIgniter->handleRequest(NULL, Object(Config\Cache), false)
#3 C:\xamp\htdocs\hrms_india_upgrade\public\index.php(45): CodeIgniter\CodeIgniter->run()
#4 C:\xamp\htdocs\hrms_india_upgrade\system\Commands\Server\rewrite.php(34): require_once('C:\\xamp\\htdocs\\...')
#5 {main}
CRITICAL - 2022-07-29 04:26:58 --> Call to a member function table() on null
#0 C:\xamp\htdocs\hrms_india_upgrade\system\CodeIgniter.php(918): App\Controllers\User->index()
#1 C:\xamp\htdocs\hrms_india_upgrade\system\CodeIgniter.php(404): CodeIgniter\CodeIgniter->runController(Object(App\Controllers\User))
#2 C:\xamp\htdocs\hrms_india_upgrade\system\CodeIgniter.php(312): CodeIgniter\CodeIgniter->handleRequest(NULL, Object(Config\Cache), false)
#3 C:\xamp\htdocs\hrms_india_upgrade\public\index.php(45): CodeIgniter\CodeIgniter->run()
#4 C:\xamp\htdocs\hrms_india_upgrade\system\Commands\Server\rewrite.php(34): require_once('C:\\xamp\\htdocs\\...')
#5 {main}
CRITICAL - 2022-07-29 04:26:58 --> Call to a member function table() on null
#0 C:\xamp\htdocs\hrms_india_upgrade\system\CodeIgniter.php(918): App\Controllers\User->index()
#1 C:\xamp\htdocs\hrms_india_upgrade\system\CodeIgniter.php(404): CodeIgniter\CodeIgniter->runController(Object(App\Controllers\User))
#2 C:\xamp\htdocs\hrms_india_upgrade\system\CodeIgniter.php(312): CodeIgniter\CodeIgniter->handleRequest(NULL, Object(Config\Cache), false)
#3 C:\xamp\htdocs\hrms_india_upgrade\public\index.php(45): CodeIgniter\CodeIgniter->run()
#4 C:\xamp\htdocs\hrms_india_upgrade\system\Commands\Server\rewrite.php(34): require_once('C:\\xamp\\htdocs\\...')
#5 {main}
CRITICAL - 2022-07-29 04:26:58 --> Call to a member function table() on null
#0 C:\xamp\htdocs\hrms_india_upgrade\system\CodeIgniter.php(918): App\Controllers\User->index()
#1 C:\xamp\htdocs\hrms_india_upgrade\system\CodeIgniter.php(404): CodeIgniter\CodeIgniter->runController(Object(App\Controllers\User))
#2 C:\xamp\htdocs\hrms_india_upgrade\system\CodeIgniter.php(312): CodeIgniter\CodeIgniter->handleRequest(NULL, Object(Config\Cache), false)
#3 C:\xamp\htdocs\hrms_india_upgrade\public\index.php(45): CodeIgniter\CodeIgniter->run()
#4 C:\xamp\htdocs\hrms_india_upgrade\system\Commands\Server\rewrite.php(34): require_once('C:\\xamp\\htdocs\\...')
#5 {main}
CRITICAL - 2022-07-29 04:26:58 --> Call to a member function table() on null
#0 C:\xamp\htdocs\hrms_india_upgrade\system\CodeIgniter.php(918): App\Controllers\User->index()
#1 C:\xamp\htdocs\hrms_india_upgrade\system\CodeIgniter.php(404): CodeIgniter\CodeIgniter->runController(Object(App\Controllers\User))
#2 C:\xamp\htdocs\hrms_india_upgrade\system\CodeIgniter.php(312): CodeIgniter\CodeIgniter->handleRequest(NULL, Object(Config\Cache), false)
#3 C:\xamp\htdocs\hrms_india_upgrade\public\index.php(45): CodeIgniter\CodeIgniter->run()
#4 C:\xamp\htdocs\hrms_india_upgrade\system\Commands\Server\rewrite.php(34): require_once('C:\\xamp\\htdocs\\...')
#5 {main}
CRITICAL - 2022-07-29 04:26:59 --> Call to a member function table() on null
#0 C:\xamp\htdocs\hrms_india_upgrade\system\CodeIgniter.php(918): App\Controllers\User->index()
#1 C:\xamp\htdocs\hrms_india_upgrade\system\CodeIgniter.php(404): CodeIgniter\CodeIgniter->runController(Object(App\Controllers\User))
#2 C:\xamp\htdocs\hrms_india_upgrade\system\CodeIgniter.php(312): CodeIgniter\CodeIgniter->handleRequest(NULL, Object(Config\Cache), false)
#3 C:\xamp\htdocs\hrms_india_upgrade\public\index.php(45): CodeIgniter\CodeIgniter->run()
#4 C:\xamp\htdocs\hrms_india_upgrade\system\Commands\Server\rewrite.php(34): require_once('C:\\xamp\\htdocs\\...')
#5 {main}
CRITICAL - 2022-07-29 04:26:59 --> Call to a member function table() on null
#0 C:\xamp\htdocs\hrms_india_upgrade\system\CodeIgniter.php(918): App\Controllers\User->index()
#1 C:\xamp\htdocs\hrms_india_upgrade\system\CodeIgniter.php(404): CodeIgniter\CodeIgniter->runController(Object(App\Controllers\User))
#2 C:\xamp\htdocs\hrms_india_upgrade\system\CodeIgniter.php(312): CodeIgniter\CodeIgniter->handleRequest(NULL, Object(Config\Cache), false)
#3 C:\xamp\htdocs\hrms_india_upgrade\public\index.php(45): CodeIgniter\CodeIgniter->run()
#4 C:\xamp\htdocs\hrms_india_upgrade\system\Commands\Server\rewrite.php(34): require_once('C:\\xamp\\htdocs\\...')
#5 {main}
CRITICAL - 2022-07-29 04:27:12 --> Call to a member function table() on null
#0 C:\xamp\htdocs\hrms_india_upgrade\system\CodeIgniter.php(918): App\Controllers\User->index()
#1 C:\xamp\htdocs\hrms_india_upgrade\system\CodeIgniter.php(404): CodeIgniter\CodeIgniter->runController(Object(App\Controllers\User))
#2 C:\xamp\htdocs\hrms_india_upgrade\system\CodeIgniter.php(312): CodeIgniter\CodeIgniter->handleRequest(NULL, Object(Config\Cache), false)
#3 C:\xamp\htdocs\hrms_india_upgrade\public\index.php(45): CodeIgniter\CodeIgniter->run()
#4 C:\xamp\htdocs\hrms_india_upgrade\system\Commands\Server\rewrite.php(34): require_once('C:\\xamp\\htdocs\\...')
#5 {main}
CRITICAL - 2022-07-29 04:28:04 --> Call to undefined method App\Models\UsersModel::All
#0 C:\xamp\htdocs\hrms_india_upgrade\app\Controllers\user.php(25): CodeIgniter\Model->__call('All', Array)
#1 C:\xamp\htdocs\hrms_india_upgrade\system\CodeIgniter.php(918): App\Controllers\User->index()
#2 C:\xamp\htdocs\hrms_india_upgrade\system\CodeIgniter.php(404): CodeIgniter\CodeIgniter->runController(Object(App\Controllers\User))
#3 C:\xamp\htdocs\hrms_india_upgrade\system\CodeIgniter.php(312): CodeIgniter\CodeIgniter->handleRequest(NULL, Object(Config\Cache), false)
#4 C:\xamp\htdocs\hrms_india_upgrade\public\index.php(45): CodeIgniter\CodeIgniter->run()
#5 C:\xamp\htdocs\hrms_india_upgrade\system\Commands\Server\rewrite.php(34): require_once('C:\\xamp\\htdocs\\...')
#6 {main}
CRITICAL - 2022-07-29 04:32:31 --> Class 'commonuserlib' not found
#0 C:\xamp\htdocs\hrms_india_upgrade\system\View\View.php(246): include()
#1 C:\xamp\htdocs\hrms_india_upgrade\system\Common.php(1119): CodeIgniter\View\View->render('userlist_view', Array, true)
#2 C:\xamp\htdocs\hrms_india_upgrade\app\Views\template.php(2): view('userlist_view')
#3 C:\xamp\htdocs\hrms_india_upgrade\system\View\View.php(246): include('C:\\xamp\\htdocs\\...')
#4 C:\xamp\htdocs\hrms_india_upgrade\system\Common.php(1119): CodeIgniter\View\View->render('template', Array, true)
#5 C:\xamp\htdocs\hrms_india_upgrade\app\Controllers\user.php(30): view('template', Array)
#6 C:\xamp\htdocs\hrms_india_upgrade\system\CodeIgniter.php(918): App\Controllers\User->index()
#7 C:\xamp\htdocs\hrms_india_upgrade\system\CodeIgniter.php(404): CodeIgniter\CodeIgniter->runController(Object(App\Controllers\User))
#8 C:\xamp\htdocs\hrms_india_upgrade\system\CodeIgniter.php(312): CodeIgniter\CodeIgniter->handleRequest(NULL, Object(Config\Cache), false)
#9 C:\xamp\htdocs\hrms_india_upgrade\public\index.php(45): CodeIgniter\CodeIgniter->run()
#10 C:\xamp\htdocs\hrms_india_upgrade\system\Commands\Server\rewrite.php(34): require_once('C:\\xamp\\htdocs\\...')
#11 {main}
CRITICAL - 2022-07-29 04:33:16 --> Class 'commonuserlib' not found
#0 C:\xamp\htdocs\hrms_india_upgrade\system\View\View.php(246): include()
#1 C:\xamp\htdocs\hrms_india_upgrade\system\Common.php(1119): CodeIgniter\View\View->render('userlist_view', Array, true)
#2 C:\xamp\htdocs\hrms_india_upgrade\app\Views\template.php(2): view('userlist_view')
#3 C:\xamp\htdocs\hrms_india_upgrade\system\View\View.php(246): include('C:\\xamp\\htdocs\\...')
#4 C:\xamp\htdocs\hrms_india_upgrade\system\Common.php(1119): CodeIgniter\View\View->render('template', Array, true)
#5 C:\xamp\htdocs\hrms_india_upgrade\app\Controllers\user.php(30): view('template', Array)
#6 C:\xamp\htdocs\hrms_india_upgrade\system\CodeIgniter.php(918): App\Controllers\User->index()
#7 C:\xamp\htdocs\hrms_india_upgrade\system\CodeIgniter.php(404): CodeIgniter\CodeIgniter->runController(Object(App\Controllers\User))
#8 C:\xamp\htdocs\hrms_india_upgrade\system\CodeIgniter.php(312): CodeIgniter\CodeIgniter->handleRequest(NULL, Object(Config\Cache), false)
#9 C:\xamp\htdocs\hrms_india_upgrade\public\index.php(45): CodeIgniter\CodeIgniter->run()
#10 C:\xamp\htdocs\hrms_india_upgrade\system\Commands\Server\rewrite.php(34): require_once('C:\\xamp\\htdocs\\...')
#11 {main}
CRITICAL - 2022-07-29 04:35:08 --> Call to a member function post() on null
#0 C:\xamp\htdocs\hrms_india_upgrade\system\View\View.php(246): include()
#1 C:\xamp\htdocs\hrms_india_upgrade\system\Common.php(1119): CodeIgniter\View\View->render('userlist_view', Array, true)
#2 C:\xamp\htdocs\hrms_india_upgrade\app\Views\template.php(2): view('userlist_view')
#3 C:\xamp\htdocs\hrms_india_upgrade\system\View\View.php(246): include('C:\\xamp\\htdocs\\...')
#4 C:\xamp\htdocs\hrms_india_upgrade\system\Common.php(1119): CodeIgniter\View\View->render('template', Array, true)
#5 C:\xamp\htdocs\hrms_india_upgrade\app\Controllers\user.php(30): view('template', Array)
#6 C:\xamp\htdocs\hrms_india_upgrade\system\CodeIgniter.php(918): App\Controllers\User->index()
#7 C:\xamp\htdocs\hrms_india_upgrade\system\CodeIgniter.php(404): CodeIgniter\CodeIgniter->runController(Object(App\Controllers\User))
#8 C:\xamp\htdocs\hrms_india_upgrade\system\CodeIgniter.php(312): CodeIgniter\CodeIgniter->handleRequest(NULL, Object(Config\Cache), false)
#9 C:\xamp\htdocs\hrms_india_upgrade\public\index.php(45): CodeIgniter\CodeIgniter->run()
#10 C:\xamp\htdocs\hrms_india_upgrade\system\Commands\Server\rewrite.php(34): require_once('C:\\xamp\\htdocs\\...')
#11 {main}
CRITICAL - 2022-07-29 04:35:22 --> Call to a member function post() on null
#0 C:\xamp\htdocs\hrms_india_upgrade\system\View\View.php(246): include()
#1 C:\xamp\htdocs\hrms_india_upgrade\system\Common.php(1119): CodeIgniter\View\View->render('userlist_view', Array, true)
#2 C:\xamp\htdocs\hrms_india_upgrade\app\Views\template.php(2): view('userlist_view')
#3 C:\xamp\htdocs\hrms_india_upgrade\system\View\View.php(246): include('C:\\xamp\\htdocs\\...')
#4 C:\xamp\htdocs\hrms_india_upgrade\system\Common.php(1119): CodeIgniter\View\View->render('template', Array, true)
#5 C:\xamp\htdocs\hrms_india_upgrade\app\Controllers\user.php(30): view('template', Array)
#6 C:\xamp\htdocs\hrms_india_upgrade\system\CodeIgniter.php(918): App\Controllers\User->index()
#7 C:\xamp\htdocs\hrms_india_upgrade\system\CodeIgniter.php(404): CodeIgniter\CodeIgniter->runController(Object(App\Controllers\User))
#8 C:\xamp\htdocs\hrms_india_upgrade\system\CodeIgniter.php(312): CodeIgniter\CodeIgniter->handleRequest(NULL, Object(Config\Cache), false)
#9 C:\xamp\htdocs\hrms_india_upgrade\public\index.php(45): CodeIgniter\CodeIgniter->run()
#10 C:\xamp\htdocs\hrms_india_upgrade\system\Commands\Server\rewrite.php(34): require_once('C:\\xamp\\htdocs\\...')
#11 {main}
CRITICAL - 2022-07-29 04:35:52 --> syntax error, unexpected '?>'
#0 C:\xamp\htdocs\hrms_india_upgrade\system\Common.php(1119): CodeIgniter\View\View->render('userlist_view', Array, true)
#1 C:\xamp\htdocs\hrms_india_upgrade\app\Views\template.php(2): view('userlist_view')
#2 C:\xamp\htdocs\hrms_india_upgrade\system\View\View.php(246): include('C:\\xamp\\htdocs\\...')
#3 C:\xamp\htdocs\hrms_india_upgrade\system\Common.php(1119): CodeIgniter\View\View->render('template', Array, true)
#4 C:\xamp\htdocs\hrms_india_upgrade\app\Controllers\user.php(30): view('template', Array)
#5 C:\xamp\htdocs\hrms_india_upgrade\system\CodeIgniter.php(918): App\Controllers\User->index()
#6 C:\xamp\htdocs\hrms_india_upgrade\system\CodeIgniter.php(404): CodeIgniter\CodeIgniter->runController(Object(App\Controllers\User))
#7 C:\xamp\htdocs\hrms_india_upgrade\system\CodeIgniter.php(312): CodeIgniter\CodeIgniter->handleRequest(NULL, Object(Config\Cache), false)
#8 C:\xamp\htdocs\hrms_india_upgrade\public\index.php(45): CodeIgniter\CodeIgniter->run()
#9 C:\xamp\htdocs\hrms_india_upgrade\system\Commands\Server\rewrite.php(34): require_once('C:\\xamp\\htdocs\\...')
#10 {main}
CRITICAL - 2022-07-29 04:36:24 --> Call to a member function flashdata() on null
#0 C:\xamp\htdocs\hrms_india_upgrade\system\View\View.php(246): include()
#1 C:\xamp\htdocs\hrms_india_upgrade\system\Common.php(1119): CodeIgniter\View\View->render('userlist_view', Array, true)
#2 C:\xamp\htdocs\hrms_india_upgrade\app\Views\template.php(2): view('userlist_view')
#3 C:\xamp\htdocs\hrms_india_upgrade\system\View\View.php(246): include('C:\\xamp\\htdocs\\...')
#4 C:\xamp\htdocs\hrms_india_upgrade\system\Common.php(1119): CodeIgniter\View\View->render('template', Array, true)
#5 C:\xamp\htdocs\hrms_india_upgrade\app\Controllers\user.php(30): view('template', Array)
#6 C:\xamp\htdocs\hrms_india_upgrade\system\CodeIgniter.php(918): App\Controllers\User->index()
#7 C:\xamp\htdocs\hrms_india_upgrade\system\CodeIgniter.php(404): CodeIgniter\CodeIgniter->runController(Object(App\Controllers\User))
#8 C:\xamp\htdocs\hrms_india_upgrade\system\CodeIgniter.php(312): CodeIgniter\CodeIgniter->handleRequest(NULL, Object(Config\Cache), false)
#9 C:\xamp\htdocs\hrms_india_upgrade\public\index.php(45): CodeIgniter\CodeIgniter->run()
#10 C:\xamp\htdocs\hrms_india_upgrade\system\Commands\Server\rewrite.php(34): require_once('C:\\xamp\\htdocs\\...')
#11 {main}
CRITICAL - 2022-07-29 04:43:15 --> Call to a member function flashdata() on null
#0 C:\xamp\htdocs\hrms_india_upgrade\system\View\View.php(246): include()
#1 C:\xamp\htdocs\hrms_india_upgrade\system\Common.php(1119): CodeIgniter\View\View->render('userlist_view', Array, true)
#2 C:\xamp\htdocs\hrms_india_upgrade\app\Views\template.php(2): view('userlist_view')
#3 C:\xamp\htdocs\hrms_india_upgrade\system\View\View.php(246): include('C:\\xamp\\htdocs\\...')
#4 C:\xamp\htdocs\hrms_india_upgrade\system\Common.php(1119): CodeIgniter\View\View->render('template', Array, true)
#5 C:\xamp\htdocs\hrms_india_upgrade\app\Controllers\user.php(30): view('template', Array)
#6 C:\xamp\htdocs\hrms_india_upgrade\system\CodeIgniter.php(918): App\Controllers\User->index()
#7 C:\xamp\htdocs\hrms_india_upgrade\system\CodeIgniter.php(404): CodeIgniter\CodeIgniter->runController(Object(App\Controllers\User))
#8 C:\xamp\htdocs\hrms_india_upgrade\system\CodeIgniter.php(312): CodeIgniter\CodeIgniter->handleRequest(NULL, Object(Config\Cache), false)
#9 C:\xamp\htdocs\hrms_india_upgrade\public\index.php(45): CodeIgniter\CodeIgniter->run()
#10 C:\xamp\htdocs\hrms_india_upgrade\system\Commands\Server\rewrite.php(34): require_once('C:\\xamp\\htdocs\\...')
#11 {main}
CRITICAL - 2022-07-29 04:43:52 --> Call to a member function flashdata() on null
#0 C:\xamp\htdocs\hrms_india_upgrade\system\View\View.php(246): include()
#1 C:\xamp\htdocs\hrms_india_upgrade\system\Common.php(1119): CodeIgniter\View\View->render('userlist_view', Array, true)
#2 C:\xamp\htdocs\hrms_india_upgrade\app\Views\template.php(2): view('userlist_view')
#3 C:\xamp\htdocs\hrms_india_upgrade\system\View\View.php(246): include('C:\\xamp\\htdocs\\...')
#4 C:\xamp\htdocs\hrms_india_upgrade\system\Common.php(1119): CodeIgniter\View\View->render('template', Array, true)
#5 C:\xamp\htdocs\hrms_india_upgrade\app\Controllers\user.php(30): view('template', Array)
#6 C:\xamp\htdocs\hrms_india_upgrade\system\CodeIgniter.php(918): App\Controllers\User->index()
#7 C:\xamp\htdocs\hrms_india_upgrade\system\CodeIgniter.php(404): CodeIgniter\CodeIgniter->runController(Object(App\Controllers\User))
#8 C:\xamp\htdocs\hrms_india_upgrade\system\CodeIgniter.php(312): CodeIgniter\CodeIgniter->handleRequest(NULL, Object(Config\Cache), false)
#9 C:\xamp\htdocs\hrms_india_upgrade\public\index.php(45): CodeIgniter\CodeIgniter->run()
#10 C:\xamp\htdocs\hrms_india_upgrade\system\Commands\Server\rewrite.php(34): require_once('C:\\xamp\\htdocs\\...')
#11 {main}
CRITICAL - 2022-07-29 04:44:08 --> Call to a member function line() on null
#0 C:\xamp\htdocs\hrms_india_upgrade\system\View\View.php(246): include()
#1 C:\xamp\htdocs\hrms_india_upgrade\system\Common.php(1119): CodeIgniter\View\View->render('userlist_view', Array, true)
#2 C:\xamp\htdocs\hrms_india_upgrade\app\Views\template.php(2): view('userlist_view')
#3 C:\xamp\htdocs\hrms_india_upgrade\system\View\View.php(246): include('C:\\xamp\\htdocs\\...')
#4 C:\xamp\htdocs\hrms_india_upgrade\system\Common.php(1119): CodeIgniter\View\View->render('template', Array, true)
#5 C:\xamp\htdocs\hrms_india_upgrade\app\Controllers\user.php(30): view('template', Array)
#6 C:\xamp\htdocs\hrms_india_upgrade\system\CodeIgniter.php(918): App\Controllers\User->index()
#7 C:\xamp\htdocs\hrms_india_upgrade\system\CodeIgniter.php(404): CodeIgniter\CodeIgniter->runController(Object(App\Controllers\User))
#8 C:\xamp\htdocs\hrms_india_upgrade\system\CodeIgniter.php(312): CodeIgniter\CodeIgniter->handleRequest(NULL, Object(Config\Cache), false)
#9 C:\xamp\htdocs\hrms_india_upgrade\public\index.php(45): CodeIgniter\CodeIgniter->run()
#10 C:\xamp\htdocs\hrms_india_upgrade\system\Commands\Server\rewrite.php(34): require_once('C:\\xamp\\htdocs\\...')
#11 {main}
CRITICAL - 2022-07-29 04:44:23 --> Call to a member function line() on null
#0 C:\xamp\htdocs\hrms_india_upgrade\system\View\View.php(246): include()
#1 C:\xamp\htdocs\hrms_india_upgrade\system\Common.php(1119): CodeIgniter\View\View->render('userlist_view', Array, true)
#2 C:\xamp\htdocs\hrms_india_upgrade\app\Views\template.php(2): view('userlist_view')
#3 C:\xamp\htdocs\hrms_india_upgrade\system\View\View.php(246): include('C:\\xamp\\htdocs\\...')
#4 C:\xamp\htdocs\hrms_india_upgrade\system\Common.php(1119): CodeIgniter\View\View->render('template', Array, true)
#5 C:\xamp\htdocs\hrms_india_upgrade\app\Controllers\user.php(30): view('template', Array)
#6 C:\xamp\htdocs\hrms_india_upgrade\system\CodeIgniter.php(918): App\Controllers\User->index()
#7 C:\xamp\htdocs\hrms_india_upgrade\system\CodeIgniter.php(404): CodeIgniter\CodeIgniter->runController(Object(App\Controllers\User))
#8 C:\xamp\htdocs\hrms_india_upgrade\system\CodeIgniter.php(312): CodeIgniter\CodeIgniter->handleRequest(NULL, Object(Config\Cache), false)
#9 C:\xamp\htdocs\hrms_india_upgrade\public\index.php(45): CodeIgniter\CodeIgniter->run()
#10 C:\xamp\htdocs\hrms_india_upgrade\system\Commands\Server\rewrite.php(34): require_once('C:\\xamp\\htdocs\\...')
#11 {main}
CRITICAL - 2022-07-29 04:45:03 --> Call to a member function line() on null
#0 C:\xamp\htdocs\hrms_india_upgrade\system\View\View.php(246): include()
#1 C:\xamp\htdocs\hrms_india_upgrade\system\Common.php(1119): CodeIgniter\View\View->render('userlist_view', Array, true)
#2 C:\xamp\htdocs\hrms_india_upgrade\app\Views\template.php(2): view('userlist_view')
#3 C:\xamp\htdocs\hrms_india_upgrade\system\View\View.php(246): include('C:\\xamp\\htdocs\\...')
#4 C:\xamp\htdocs\hrms_india_upgrade\system\Common.php(1119): CodeIgniter\View\View->render('template', Array, true)
#5 C:\xamp\htdocs\hrms_india_upgrade\app\Controllers\user.php(30): view('template', Array)
#6 C:\xamp\htdocs\hrms_india_upgrade\system\CodeIgniter.php(918): App\Controllers\User->index()
#7 C:\xamp\htdocs\hrms_india_upgrade\system\CodeIgniter.php(404): CodeIgniter\CodeIgniter->runController(Object(App\Controllers\User))
#8 C:\xamp\htdocs\hrms_india_upgrade\system\CodeIgniter.php(312): CodeIgniter\CodeIgniter->handleRequest(NULL, Object(Config\Cache), false)
#9 C:\xamp\htdocs\hrms_india_upgrade\public\index.php(45): CodeIgniter\CodeIgniter->run()
#10 C:\xamp\htdocs\hrms_india_upgrade\system\Commands\Server\rewrite.php(34): require_once('C:\\xamp\\htdocs\\...')
#11 {main}
CRITICAL - 2022-07-29 04:45:18 --> Call to a member function line() on null
#0 C:\xamp\htdocs\hrms_india_upgrade\system\View\View.php(246): include()
#1 C:\xamp\htdocs\hrms_india_upgrade\system\Common.php(1119): CodeIgniter\View\View->render('userlist_view', Array, true)
#2 C:\xamp\htdocs\hrms_india_upgrade\app\Views\template.php(2): view('userlist_view')
#3 C:\xamp\htdocs\hrms_india_upgrade\system\View\View.php(246): include('C:\\xamp\\htdocs\\...')
#4 C:\xamp\htdocs\hrms_india_upgrade\system\Common.php(1119): CodeIgniter\View\View->render('template', Array, true)
#5 C:\xamp\htdocs\hrms_india_upgrade\app\Controllers\user.php(30): view('template', Array)
#6 C:\xamp\htdocs\hrms_india_upgrade\system\CodeIgniter.php(918): App\Controllers\User->index()
#7 C:\xamp\htdocs\hrms_india_upgrade\system\CodeIgniter.php(404): CodeIgniter\CodeIgniter->runController(Object(App\Controllers\User))
#8 C:\xamp\htdocs\hrms_india_upgrade\system\CodeIgniter.php(312): CodeIgniter\CodeIgniter->handleRequest(NULL, Object(Config\Cache), false)
#9 C:\xamp\htdocs\hrms_india_upgrade\public\index.php(45): CodeIgniter\CodeIgniter->run()
#10 C:\xamp\htdocs\hrms_india_upgrade\system\Commands\Server\rewrite.php(34): require_once('C:\\xamp\\htdocs\\...')
#11 {main}
CRITICAL - 2022-07-29 05:09:27 --> Call to a member function post() on null
#0 C:\xamp\htdocs\hrms_india_upgrade\system\View\View.php(246): include()
#1 C:\xamp\htdocs\hrms_india_upgrade\system\Common.php(1119): CodeIgniter\View\View->render('userlist_view', Array, true)
#2 C:\xamp\htdocs\hrms_india_upgrade\app\Views\template.php(2): view('userlist_view')
#3 C:\xamp\htdocs\hrms_india_upgrade\system\View\View.php(246): include('C:\\xamp\\htdocs\\...')
#4 C:\xamp\htdocs\hrms_india_upgrade\system\Common.php(1119): CodeIgniter\View\View->render('template', Array, true)
#5 C:\xamp\htdocs\hrms_india_upgrade\app\Controllers\user.php(30): view('template', Array)
#6 C:\xamp\htdocs\hrms_india_upgrade\system\CodeIgniter.php(918): App\Controllers\User->index()
#7 C:\xamp\htdocs\hrms_india_upgrade\system\CodeIgniter.php(404): CodeIgniter\CodeIgniter->runController(Object(App\Controllers\User))
#8 C:\xamp\htdocs\hrms_india_upgrade\system\CodeIgniter.php(312): CodeIgniter\CodeIgniter->handleRequest(NULL, Object(Config\Cache), false)
#9 C:\xamp\htdocs\hrms_india_upgrade\public\index.php(45): CodeIgniter\CodeIgniter->run()
#10 C:\xamp\htdocs\hrms_india_upgrade\system\Commands\Server\rewrite.php(34): require_once('C:\\xamp\\htdocs\\...')
#11 {main}
CRITICAL - 2022-07-29 05:09:50 --> Call to a member function decode() on null
#0 C:\xamp\htdocs\hrms_india_upgrade\system\View\View.php(246): include()
#1 C:\xamp\htdocs\hrms_india_upgrade\system\Common.php(1119): CodeIgniter\View\View->render('userlist_view', Array, true)
#2 C:\xamp\htdocs\hrms_india_upgrade\app\Views\template.php(2): view('userlist_view')
#3 C:\xamp\htdocs\hrms_india_upgrade\system\View\View.php(246): include('C:\\xamp\\htdocs\\...')
#4 C:\xamp\htdocs\hrms_india_upgrade\system\Common.php(1119): CodeIgniter\View\View->render('template', Array, true)
#5 C:\xamp\htdocs\hrms_india_upgrade\app\Controllers\user.php(30): view('template', Array)
#6 C:\xamp\htdocs\hrms_india_upgrade\system\CodeIgniter.php(918): App\Controllers\User->index()
#7 C:\xamp\htdocs\hrms_india_upgrade\system\CodeIgniter.php(404): CodeIgniter\CodeIgniter->runController(Object(App\Controllers\User))
#8 C:\xamp\htdocs\hrms_india_upgrade\system\CodeIgniter.php(312): CodeIgniter\CodeIgniter->handleRequest(NULL, Object(Config\Cache), false)
#9 C:\xamp\htdocs\hrms_india_upgrade\public\index.php(45): CodeIgniter\CodeIgniter->run()
#10 C:\xamp\htdocs\hrms_india_upgrade\system\Commands\Server\rewrite.php(34): require_once('C:\\xamp\\htdocs\\...')
#11 {main}
CRITICAL - 2022-07-29 05:11:23 --> Call to a member function decode() on null
#0 C:\xamp\htdocs\hrms_india_upgrade\system\View\View.php(246): include()
#1 C:\xamp\htdocs\hrms_india_upgrade\system\Common.php(1119): CodeIgniter\View\View->render('userlist_view', Array, true)
#2 C:\xamp\htdocs\hrms_india_upgrade\app\Views\template.php(2): view('userlist_view')
#3 C:\xamp\htdocs\hrms_india_upgrade\system\View\View.php(246): include('C:\\xamp\\htdocs\\...')
#4 C:\xamp\htdocs\hrms_india_upgrade\system\Common.php(1119): CodeIgniter\View\View->render('template', Array, true)
#5 C:\xamp\htdocs\hrms_india_upgrade\app\Controllers\user.php(30): view('template', Array)
#6 C:\xamp\htdocs\hrms_india_upgrade\system\CodeIgniter.php(918): App\Controllers\User->index()
#7 C:\xamp\htdocs\hrms_india_upgrade\system\CodeIgniter.php(404): CodeIgniter\CodeIgniter->runController(Object(App\Controllers\User))
#8 C:\xamp\htdocs\hrms_india_upgrade\system\CodeIgniter.php(312): CodeIgniter\CodeIgniter->handleRequest(NULL, Object(Config\Cache), false)
#9 C:\xamp\htdocs\hrms_india_upgrade\public\index.php(45): CodeIgniter\CodeIgniter->run()
#10 C:\xamp\htdocs\hrms_india_upgrade\system\Commands\Server\rewrite.php(34): require_once('C:\\xamp\\htdocs\\...')
#11 {main}
CRITICAL - 2022-07-29 05:13:04 --> Class 'commonuserlib' not found
#0 C:\xamp\htdocs\hrms_india_upgrade\system\View\View.php(246): include()
#1 C:\xamp\htdocs\hrms_india_upgrade\system\Common.php(1119): CodeIgniter\View\View->render('userlist_view', Array, true)
#2 C:\xamp\htdocs\hrms_india_upgrade\app\Views\template.php(2): view('userlist_view')
#3 C:\xamp\htdocs\hrms_india_upgrade\system\View\View.php(246): include('C:\\xamp\\htdocs\\...')
#4 C:\xamp\htdocs\hrms_india_upgrade\system\Common.php(1119): CodeIgniter\View\View->render('template', Array, true)
#5 C:\xamp\htdocs\hrms_india_upgrade\app\Controllers\user.php(30): view('template', Array)
#6 C:\xamp\htdocs\hrms_india_upgrade\system\CodeIgniter.php(918): App\Controllers\User->index()
#7 C:\xamp\htdocs\hrms_india_upgrade\system\CodeIgniter.php(404): CodeIgniter\CodeIgniter->runController(Object(App\Controllers\User))
#8 C:\xamp\htdocs\hrms_india_upgrade\system\CodeIgniter.php(312): CodeIgniter\CodeIgniter->handleRequest(NULL, Object(Config\Cache), false)
#9 C:\xamp\htdocs\hrms_india_upgrade\public\index.php(45): CodeIgniter\CodeIgniter->run()
#10 C:\xamp\htdocs\hrms_india_upgrade\system\Commands\Server\rewrite.php(34): require_once('C:\\xamp\\htdocs\\...')
#11 {main}
