CRITICAL - 2022-07-28 01:06:02 --> Class 'App\Models\LoginModel' not found
#0 D:\xampp7.4\htdocs\hrms_india\system\CodeIgniter.php(918): App\Controllers\Login->auth()
#1 D:\xampp7.4\htdocs\hrms_india\system\CodeIgniter.php(404): CodeIgniter\CodeIgniter->runController(Object(App\Controllers\Login))
#2 D:\xampp7.4\htdocs\hrms_india\system\CodeIgniter.php(312): CodeIgniter\CodeIgniter->handleRequest(NULL, Object(Config\Cache), false)
#3 D:\xampp7.4\htdocs\hrms_india\public\index.php(45): CodeIgniter\CodeIgniter->run()
#4 D:\xampp7.4\htdocs\hrms_india\system\Commands\Server\rewrite.php(34): require_once('D:\\xampp7.4\\htd...')
#5 {main}
CRITICAL - 2022-07-28 01:06:54 --> Class 'App\Models\LoginModel' not found
#0 D:\xampp7.4\htdocs\hrms_india\system\CodeIgniter.php(918): App\Controllers\Login->auth()
#1 D:\xampp7.4\htdocs\hrms_india\system\CodeIgniter.php(404): CodeIgniter\CodeIgniter->runController(Object(App\Controllers\Login))
#2 D:\xampp7.4\htdocs\hrms_india\system\CodeIgniter.php(312): CodeIgniter\CodeIgniter->handleRequest(NULL, Object(Config\Cache), false)
#3 D:\xampp7.4\htdocs\hrms_india\public\index.php(45): CodeIgniter\CodeIgniter->run()
#4 D:\xampp7.4\htdocs\hrms_india\system\Commands\Server\rewrite.php(34): require_once('D:\\xampp7.4\\htd...')
#5 {main}
CRITICAL - 2022-07-28 01:07:06 --> Class 'App\Models\LoginModel' not found
#0 D:\xampp7.4\htdocs\hrms_india\system\CodeIgniter.php(918): App\Controllers\Login->auth()
#1 D:\xampp7.4\htdocs\hrms_india\system\CodeIgniter.php(404): CodeIgniter\CodeIgniter->runController(Object(App\Controllers\Login))
#2 D:\xampp7.4\htdocs\hrms_india\system\CodeIgniter.php(312): CodeIgniter\CodeIgniter->handleRequest(NULL, Object(Config\Cache), false)
#3 D:\xampp7.4\htdocs\hrms_india\public\index.php(45): CodeIgniter\CodeIgniter->run()
#4 D:\xampp7.4\htdocs\hrms_india\system\Commands\Server\rewrite.php(34): require_once('D:\\xampp7.4\\htd...')
#5 {main}
CRITICAL - 2022-07-28 01:15:02 --> Class 'commonuserlib' not found
#0 D:\xampp7.4\htdocs\hrms_india\system\View\View.php(246): include()
#1 D:\xampp7.4\htdocs\hrms_india\system\Common.php(1119): CodeIgniter\View\View->render('templates/heade...', Array, true)
#2 D:\xampp7.4\htdocs\hrms_india\app\Views\template.php(2): view('templates/heade...')
#3 D:\xampp7.4\htdocs\hrms_india\system\View\View.php(246): include('D:\\xampp7.4\\htd...')
#4 D:\xampp7.4\htdocs\hrms_india\system\Common.php(1119): CodeIgniter\View\View->render('template', Array, true)
#5 D:\xampp7.4\htdocs\hrms_india\app\Controllers\Home.php(15): view('template')
#6 D:\xampp7.4\htdocs\hrms_india\system\CodeIgniter.php(918): App\Controllers\Home->index()
#7 D:\xampp7.4\htdocs\hrms_india\system\CodeIgniter.php(404): CodeIgniter\CodeIgniter->runController(Object(App\Controllers\Home))
#8 D:\xampp7.4\htdocs\hrms_india\system\CodeIgniter.php(312): CodeIgniter\CodeIgniter->handleRequest(NULL, Object(Config\Cache), false)
#9 D:\xampp7.4\htdocs\hrms_india\public\index.php(45): CodeIgniter\CodeIgniter->run()
#10 D:\xampp7.4\htdocs\hrms_india\system\Commands\Server\rewrite.php(34): require_once('D:\\xampp7.4\\htd...')
#11 {main}
CRITICAL - 2022-07-28 01:22:43 --> Class 'commonuserlib' not found
#0 D:\xampp7.4\htdocs\hrms_india\system\View\View.php(246): include()
#1 D:\xampp7.4\htdocs\hrms_india\system\Common.php(1119): CodeIgniter\View\View->render('templates/heade...', Array, true)
#2 D:\xampp7.4\htdocs\hrms_india\app\Views\template.php(2): view('templates/heade...')
#3 D:\xampp7.4\htdocs\hrms_india\system\View\View.php(246): include('D:\\xampp7.4\\htd...')
#4 D:\xampp7.4\htdocs\hrms_india\system\Common.php(1119): CodeIgniter\View\View->render('template', Array, true)
#5 D:\xampp7.4\htdocs\hrms_india\app\Controllers\Home.php(15): view('template')
#6 D:\xampp7.4\htdocs\hrms_india\system\CodeIgniter.php(918): App\Controllers\Home->index()
#7 D:\xampp7.4\htdocs\hrms_india\system\CodeIgniter.php(404): CodeIgniter\CodeIgniter->runController(Object(App\Controllers\Home))
#8 D:\xampp7.4\htdocs\hrms_india\system\CodeIgniter.php(312): CodeIgniter\CodeIgniter->handleRequest(NULL, Object(Config\Cache), false)
#9 D:\xampp7.4\htdocs\hrms_india\public\index.php(45): CodeIgniter\CodeIgniter->run()
#10 D:\xampp7.4\htdocs\hrms_india\system\Commands\Server\rewrite.php(34): require_once('D:\\xampp7.4\\htd...')
#11 {main}
CRITICAL - 2022-07-28 01:23:47 --> Call to a member function fetch_class() on null
#0 D:\xampp7.4\htdocs\hrms_india\system\View\View.php(246): include()
#1 D:\xampp7.4\htdocs\hrms_india\system\Common.php(1119): CodeIgniter\View\View->render('templates/heade...', Array, true)
#2 D:\xampp7.4\htdocs\hrms_india\app\Views\template.php(2): view('templates/heade...')
#3 D:\xampp7.4\htdocs\hrms_india\system\View\View.php(246): include('D:\\xampp7.4\\htd...')
#4 D:\xampp7.4\htdocs\hrms_india\system\Common.php(1119): CodeIgniter\View\View->render('template', Array, true)
#5 D:\xampp7.4\htdocs\hrms_india\app\Controllers\Home.php(15): view('template')
#6 D:\xampp7.4\htdocs\hrms_india\system\CodeIgniter.php(918): App\Controllers\Home->index()
#7 D:\xampp7.4\htdocs\hrms_india\system\CodeIgniter.php(404): CodeIgniter\CodeIgniter->runController(Object(App\Controllers\Home))
#8 D:\xampp7.4\htdocs\hrms_india\system\CodeIgniter.php(312): CodeIgniter\CodeIgniter->handleRequest(NULL, Object(Config\Cache), false)
#9 D:\xampp7.4\htdocs\hrms_india\public\index.php(45): CodeIgniter\CodeIgniter->run()
#10 D:\xampp7.4\htdocs\hrms_india\system\Commands\Server\rewrite.php(34): require_once('D:\\xampp7.4\\htd...')
#11 {main}
CRITICAL - 2022-07-28 01:24:16 --> Argument 1 passed to view() must be of the type string, null given, called in D:\xampp7.4\htdocs\hrms_india\app\Views\template.php on line 3
#0 D:\xampp7.4\htdocs\hrms_india\app\Views\template.php(3): view(NULL)
#1 D:\xampp7.4\htdocs\hrms_india\system\View\View.php(246): include('D:\\xampp7.4\\htd...')
#2 D:\xampp7.4\htdocs\hrms_india\system\Common.php(1119): CodeIgniter\View\View->render('template', Array, true)
#3 D:\xampp7.4\htdocs\hrms_india\app\Controllers\Home.php(15): view('template')
#4 D:\xampp7.4\htdocs\hrms_india\system\CodeIgniter.php(918): App\Controllers\Home->index()
#5 D:\xampp7.4\htdocs\hrms_india\system\CodeIgniter.php(404): CodeIgniter\CodeIgniter->runController(Object(App\Controllers\Home))
#6 D:\xampp7.4\htdocs\hrms_india\system\CodeIgniter.php(312): CodeIgniter\CodeIgniter->handleRequest(NULL, Object(Config\Cache), false)
#7 D:\xampp7.4\htdocs\hrms_india\public\index.php(45): CodeIgniter\CodeIgniter->run()
#8 D:\xampp7.4\htdocs\hrms_india\system\Commands\Server\rewrite.php(34): require_once('D:\\xampp7.4\\htd...')
#9 {main}
CRITICAL - 2022-07-28 01:24:28 --> Argument 1 passed to view() must be of the type string, null given, called in D:\xampp7.4\htdocs\hrms_india\app\Views\template.php on line 3
#0 D:\xampp7.4\htdocs\hrms_india\app\Views\template.php(3): view(NULL)
#1 D:\xampp7.4\htdocs\hrms_india\system\View\View.php(246): include('D:\\xampp7.4\\htd...')
#2 D:\xampp7.4\htdocs\hrms_india\system\Common.php(1119): CodeIgniter\View\View->render('template', Array, true)
#3 D:\xampp7.4\htdocs\hrms_india\app\Controllers\Home.php(15): view('template')
#4 D:\xampp7.4\htdocs\hrms_india\system\CodeIgniter.php(918): App\Controllers\Home->index()
#5 D:\xampp7.4\htdocs\hrms_india\system\CodeIgniter.php(404): CodeIgniter\CodeIgniter->runController(Object(App\Controllers\Home))
#6 D:\xampp7.4\htdocs\hrms_india\system\CodeIgniter.php(312): CodeIgniter\CodeIgniter->handleRequest(NULL, Object(Config\Cache), false)
#7 D:\xampp7.4\htdocs\hrms_india\public\index.php(45): CodeIgniter\CodeIgniter->run()
#8 D:\xampp7.4\htdocs\hrms_india\system\Commands\Server\rewrite.php(34): require_once('D:\\xampp7.4\\htd...')
#9 {main}
CRITICAL - 2022-07-28 01:27:19 --> Call to a member function fetch_class() on null
#0 D:\xampp7.4\htdocs\hrms_india\system\View\View.php(246): include()
#1 D:\xampp7.4\htdocs\hrms_india\system\Common.php(1119): CodeIgniter\View\View->render('templates/heade...', Array, true)
#2 D:\xampp7.4\htdocs\hrms_india\app\Views\template.php(2): view('templates/heade...')
#3 D:\xampp7.4\htdocs\hrms_india\system\View\View.php(246): include('D:\\xampp7.4\\htd...')
#4 D:\xampp7.4\htdocs\hrms_india\system\Common.php(1119): CodeIgniter\View\View->render('template', Array, true)
#5 D:\xampp7.4\htdocs\hrms_india\app\Controllers\Home.php(16): view('template', Array)
#6 D:\xampp7.4\htdocs\hrms_india\system\CodeIgniter.php(918): App\Controllers\Home->index()
#7 D:\xampp7.4\htdocs\hrms_india\system\CodeIgniter.php(404): CodeIgniter\CodeIgniter->runController(Object(App\Controllers\Home))
#8 D:\xampp7.4\htdocs\hrms_india\system\CodeIgniter.php(312): CodeIgniter\CodeIgniter->handleRequest(NULL, Object(Config\Cache), false)
#9 D:\xampp7.4\htdocs\hrms_india\public\index.php(45): CodeIgniter\CodeIgniter->run()
#10 D:\xampp7.4\htdocs\hrms_india\system\Commands\Server\rewrite.php(34): require_once('D:\\xampp7.4\\htd...')
#11 {main}
CRITICAL - 2022-07-28 01:27:21 --> Call to a member function fetch_class() on null
#0 D:\xampp7.4\htdocs\hrms_india\system\View\View.php(246): include()
#1 D:\xampp7.4\htdocs\hrms_india\system\Common.php(1119): CodeIgniter\View\View->render('templates/heade...', Array, true)
#2 D:\xampp7.4\htdocs\hrms_india\app\Views\template.php(2): view('templates/heade...')
#3 D:\xampp7.4\htdocs\hrms_india\system\View\View.php(246): include('D:\\xampp7.4\\htd...')
#4 D:\xampp7.4\htdocs\hrms_india\system\Common.php(1119): CodeIgniter\View\View->render('template', Array, true)
#5 D:\xampp7.4\htdocs\hrms_india\app\Controllers\Home.php(16): view('template', Array)
#6 D:\xampp7.4\htdocs\hrms_india\system\CodeIgniter.php(918): App\Controllers\Home->index()
#7 D:\xampp7.4\htdocs\hrms_india\system\CodeIgniter.php(404): CodeIgniter\CodeIgniter->runController(Object(App\Controllers\Home))
#8 D:\xampp7.4\htdocs\hrms_india\system\CodeIgniter.php(312): CodeIgniter\CodeIgniter->handleRequest(NULL, Object(Config\Cache), false)
#9 D:\xampp7.4\htdocs\hrms_india\public\index.php(45): CodeIgniter\CodeIgniter->run()
#10 D:\xampp7.4\htdocs\hrms_india\system\Commands\Server\rewrite.php(34): require_once('D:\\xampp7.4\\htd...')
#11 {main}
CRITICAL - 2022-07-28 01:27:21 --> Call to a member function fetch_class() on null
#0 D:\xampp7.4\htdocs\hrms_india\system\View\View.php(246): include()
#1 D:\xampp7.4\htdocs\hrms_india\system\Common.php(1119): CodeIgniter\View\View->render('templates/heade...', Array, true)
#2 D:\xampp7.4\htdocs\hrms_india\app\Views\template.php(2): view('templates/heade...')
#3 D:\xampp7.4\htdocs\hrms_india\system\View\View.php(246): include('D:\\xampp7.4\\htd...')
#4 D:\xampp7.4\htdocs\hrms_india\system\Common.php(1119): CodeIgniter\View\View->render('template', Array, true)
#5 D:\xampp7.4\htdocs\hrms_india\app\Controllers\Home.php(16): view('template', Array)
#6 D:\xampp7.4\htdocs\hrms_india\system\CodeIgniter.php(918): App\Controllers\Home->index()
#7 D:\xampp7.4\htdocs\hrms_india\system\CodeIgniter.php(404): CodeIgniter\CodeIgniter->runController(Object(App\Controllers\Home))
#8 D:\xampp7.4\htdocs\hrms_india\system\CodeIgniter.php(312): CodeIgniter\CodeIgniter->handleRequest(NULL, Object(Config\Cache), false)
#9 D:\xampp7.4\htdocs\hrms_india\public\index.php(45): CodeIgniter\CodeIgniter->run()
#10 D:\xampp7.4\htdocs\hrms_india\system\Commands\Server\rewrite.php(34): require_once('D:\\xampp7.4\\htd...')
#11 {main}
CRITICAL - 2022-07-28 01:30:19 --> Call to a member function fetch_class() on null
#0 D:\xampp7.4\htdocs\hrms_india\system\View\View.php(246): include()
#1 D:\xampp7.4\htdocs\hrms_india\system\Common.php(1119): CodeIgniter\View\View->render('templates/heade...', Array, true)
#2 D:\xampp7.4\htdocs\hrms_india\app\Controllers\Home.php(19): view('templates/heade...')
#3 D:\xampp7.4\htdocs\hrms_india\system\CodeIgniter.php(918): App\Controllers\Home->index()
#4 D:\xampp7.4\htdocs\hrms_india\system\CodeIgniter.php(404): CodeIgniter\CodeIgniter->runController(Object(App\Controllers\Home))
#5 D:\xampp7.4\htdocs\hrms_india\system\CodeIgniter.php(312): CodeIgniter\CodeIgniter->handleRequest(NULL, Object(Config\Cache), false)
#6 D:\xampp7.4\htdocs\hrms_india\public\index.php(45): CodeIgniter\CodeIgniter->run()
#7 D:\xampp7.4\htdocs\hrms_india\system\Commands\Server\rewrite.php(34): require_once('D:\\xampp7.4\\htd...')
#8 {main}
CRITICAL - 2022-07-28 01:30:20 --> Call to a member function fetch_class() on null
#0 D:\xampp7.4\htdocs\hrms_india\system\View\View.php(246): include()
#1 D:\xampp7.4\htdocs\hrms_india\system\Common.php(1119): CodeIgniter\View\View->render('templates/heade...', Array, true)
#2 D:\xampp7.4\htdocs\hrms_india\app\Controllers\Home.php(19): view('templates/heade...')
#3 D:\xampp7.4\htdocs\hrms_india\system\CodeIgniter.php(918): App\Controllers\Home->index()
#4 D:\xampp7.4\htdocs\hrms_india\system\CodeIgniter.php(404): CodeIgniter\CodeIgniter->runController(Object(App\Controllers\Home))
#5 D:\xampp7.4\htdocs\hrms_india\system\CodeIgniter.php(312): CodeIgniter\CodeIgniter->handleRequest(NULL, Object(Config\Cache), false)
#6 D:\xampp7.4\htdocs\hrms_india\public\index.php(45): CodeIgniter\CodeIgniter->run()
#7 D:\xampp7.4\htdocs\hrms_india\system\Commands\Server\rewrite.php(34): require_once('D:\\xampp7.4\\htd...')
#8 {main}
CRITICAL - 2022-07-28 01:30:48 --> Call to a member function fetch_class() on null
#0 D:\xampp7.4\htdocs\hrms_india\system\View\View.php(246): include()
#1 D:\xampp7.4\htdocs\hrms_india\system\Common.php(1119): CodeIgniter\View\View->render('templates/heade...', Array, true)
#2 D:\xampp7.4\htdocs\hrms_india\app\Controllers\Home.php(19): view('templates/heade...')
#3 D:\xampp7.4\htdocs\hrms_india\system\CodeIgniter.php(918): App\Controllers\Home->index()
#4 D:\xampp7.4\htdocs\hrms_india\system\CodeIgniter.php(404): CodeIgniter\CodeIgniter->runController(Object(App\Controllers\Home))
#5 D:\xampp7.4\htdocs\hrms_india\system\CodeIgniter.php(312): CodeIgniter\CodeIgniter->handleRequest(NULL, Object(Config\Cache), false)
#6 D:\xampp7.4\htdocs\hrms_india\public\index.php(45): CodeIgniter\CodeIgniter->run()
#7 D:\xampp7.4\htdocs\hrms_india\system\Commands\Server\rewrite.php(34): require_once('D:\\xampp7.4\\htd...')
#8 {main}
CRITICAL - 2022-07-28 01:34:21 --> Call to a member function fetch_class() on null
#0 D:\xampp7.4\htdocs\hrms_india\system\View\View.php(246): include()
#1 D:\xampp7.4\htdocs\hrms_india\system\Common.php(1119): CodeIgniter\View\View->render('templates/heade...', Array, true)
#2 D:\xampp7.4\htdocs\hrms_india\app\Controllers\Home.php(19): view('templates/heade...')
#3 D:\xampp7.4\htdocs\hrms_india\system\CodeIgniter.php(918): App\Controllers\Home->index()
#4 D:\xampp7.4\htdocs\hrms_india\system\CodeIgniter.php(404): CodeIgniter\CodeIgniter->runController(Object(App\Controllers\Home))
#5 D:\xampp7.4\htdocs\hrms_india\system\CodeIgniter.php(312): CodeIgniter\CodeIgniter->handleRequest(NULL, Object(Config\Cache), false)
#6 D:\xampp7.4\htdocs\hrms_india\public\index.php(45): CodeIgniter\CodeIgniter->run()
#7 D:\xampp7.4\htdocs\hrms_india\system\Commands\Server\rewrite.php(34): require_once('D:\\xampp7.4\\htd...')
#8 {main}
CRITICAL - 2022-07-28 01:37:17 --> Call to a member function fetch_class() on null
#0 D:\xampp7.4\htdocs\hrms_india\system\View\View.php(246): include()
#1 D:\xampp7.4\htdocs\hrms_india\system\Common.php(1119): CodeIgniter\View\View->render('templates/heade...', Array, true)
#2 D:\xampp7.4\htdocs\hrms_india\app\Controllers\Home.php(19): view('templates/heade...')
#3 D:\xampp7.4\htdocs\hrms_india\system\CodeIgniter.php(918): App\Controllers\Home->index()
#4 D:\xampp7.4\htdocs\hrms_india\system\CodeIgniter.php(404): CodeIgniter\CodeIgniter->runController(Object(App\Controllers\Home))
#5 D:\xampp7.4\htdocs\hrms_india\system\CodeIgniter.php(312): CodeIgniter\CodeIgniter->handleRequest(NULL, Object(Config\Cache), false)
#6 D:\xampp7.4\htdocs\hrms_india\public\index.php(45): CodeIgniter\CodeIgniter->run()
#7 D:\xampp7.4\htdocs\hrms_india\system\Commands\Server\rewrite.php(34): require_once('D:\\xampp7.4\\htd...')
#8 {main}
CRITICAL - 2022-07-28 01:37:18 --> Call to a member function fetch_class() on null
#0 D:\xampp7.4\htdocs\hrms_india\system\View\View.php(246): include()
#1 D:\xampp7.4\htdocs\hrms_india\system\Common.php(1119): CodeIgniter\View\View->render('templates/heade...', Array, true)
#2 D:\xampp7.4\htdocs\hrms_india\app\Controllers\Home.php(19): view('templates/heade...')
#3 D:\xampp7.4\htdocs\hrms_india\system\CodeIgniter.php(918): App\Controllers\Home->index()
#4 D:\xampp7.4\htdocs\hrms_india\system\CodeIgniter.php(404): CodeIgniter\CodeIgniter->runController(Object(App\Controllers\Home))
#5 D:\xampp7.4\htdocs\hrms_india\system\CodeIgniter.php(312): CodeIgniter\CodeIgniter->handleRequest(NULL, Object(Config\Cache), false)
#6 D:\xampp7.4\htdocs\hrms_india\public\index.php(45): CodeIgniter\CodeIgniter->run()
#7 D:\xampp7.4\htdocs\hrms_india\system\Commands\Server\rewrite.php(34): require_once('D:\\xampp7.4\\htd...')
#8 {main}
CRITICAL - 2022-07-28 01:39:07 --> Call to a member function fetch_class() on null
#0 D:\xampp7.4\htdocs\hrms_india\system\View\View.php(246): include()
#1 D:\xampp7.4\htdocs\hrms_india\system\Common.php(1119): CodeIgniter\View\View->render('templates/heade...', Array, true)
#2 D:\xampp7.4\htdocs\hrms_india\app\Controllers\Home.php(19): view('templates/heade...')
#3 D:\xampp7.4\htdocs\hrms_india\system\CodeIgniter.php(918): App\Controllers\Home->index()
#4 D:\xampp7.4\htdocs\hrms_india\system\CodeIgniter.php(404): CodeIgniter\CodeIgniter->runController(Object(App\Controllers\Home))
#5 D:\xampp7.4\htdocs\hrms_india\system\CodeIgniter.php(312): CodeIgniter\CodeIgniter->handleRequest(NULL, Object(Config\Cache), false)
#6 D:\xampp7.4\htdocs\hrms_india\public\index.php(45): CodeIgniter\CodeIgniter->run()
#7 D:\xampp7.4\htdocs\hrms_india\system\Commands\Server\rewrite.php(34): require_once('D:\\xampp7.4\\htd...')
#8 {main}
CRITICAL - 2022-07-28 01:39:56 --> Call to a member function fetch_class() on null
#0 D:\xampp7.4\htdocs\hrms_india\system\View\View.php(246): include()
#1 D:\xampp7.4\htdocs\hrms_india\system\Common.php(1119): CodeIgniter\View\View->render('templates/heade...', Array, true)
#2 D:\xampp7.4\htdocs\hrms_india\app\Controllers\Home.php(19): view('templates/heade...')
#3 D:\xampp7.4\htdocs\hrms_india\system\CodeIgniter.php(918): App\Controllers\Home->index()
#4 D:\xampp7.4\htdocs\hrms_india\system\CodeIgniter.php(404): CodeIgniter\CodeIgniter->runController(Object(App\Controllers\Home))
#5 D:\xampp7.4\htdocs\hrms_india\system\CodeIgniter.php(312): CodeIgniter\CodeIgniter->handleRequest(NULL, Object(Config\Cache), false)
#6 D:\xampp7.4\htdocs\hrms_india\public\index.php(45): CodeIgniter\CodeIgniter->run()
#7 D:\xampp7.4\htdocs\hrms_india\system\Commands\Server\rewrite.php(34): require_once('D:\\xampp7.4\\htd...')
#8 {main}
CRITICAL - 2022-07-28 01:40:16 --> Call to a member function fetch_class() on null
#0 D:\xampp7.4\htdocs\hrms_india\system\View\View.php(246): include()
#1 D:\xampp7.4\htdocs\hrms_india\system\Common.php(1119): CodeIgniter\View\View->render('templates/heade...', Array, true)
#2 D:\xampp7.4\htdocs\hrms_india\app\Controllers\Home.php(19): view('templates/heade...')
#3 D:\xampp7.4\htdocs\hrms_india\system\CodeIgniter.php(918): App\Controllers\Home->index()
#4 D:\xampp7.4\htdocs\hrms_india\system\CodeIgniter.php(404): CodeIgniter\CodeIgniter->runController(Object(App\Controllers\Home))
#5 D:\xampp7.4\htdocs\hrms_india\system\CodeIgniter.php(312): CodeIgniter\CodeIgniter->handleRequest(NULL, Object(Config\Cache), false)
#6 D:\xampp7.4\htdocs\hrms_india\public\index.php(45): CodeIgniter\CodeIgniter->run()
#7 D:\xampp7.4\htdocs\hrms_india\system\Commands\Server\rewrite.php(34): require_once('D:\\xampp7.4\\htd...')
#8 {main}
CRITICAL - 2022-07-28 01:42:39 --> Call to a member function get() on null
#0 D:\xampp7.4\htdocs\hrms_india\system\View\View.php(246): include()
#1 D:\xampp7.4\htdocs\hrms_india\system\Common.php(1119): CodeIgniter\View\View->render('templates/heade...', Array, true)
#2 D:\xampp7.4\htdocs\hrms_india\app\Controllers\Home.php(19): view('templates/heade...')
#3 D:\xampp7.4\htdocs\hrms_india\system\CodeIgniter.php(918): App\Controllers\Home->index()
#4 D:\xampp7.4\htdocs\hrms_india\system\CodeIgniter.php(404): CodeIgniter\CodeIgniter->runController(Object(App\Controllers\Home))
#5 D:\xampp7.4\htdocs\hrms_india\system\CodeIgniter.php(312): CodeIgniter\CodeIgniter->handleRequest(NULL, Object(Config\Cache), false)
#6 D:\xampp7.4\htdocs\hrms_india\public\index.php(45): CodeIgniter\CodeIgniter->run()
#7 D:\xampp7.4\htdocs\hrms_india\system\Commands\Server\rewrite.php(34): require_once('D:\\xampp7.4\\htd...')
#8 {main}
CRITICAL - 2022-07-28 01:43:13 --> Undefined variable: ses_data
#0 D:\xampp7.4\htdocs\hrms_india\app\Controllers\Login.php(14): CodeIgniter\Debug\Exceptions->errorHandler(8, 'Undefined varia...', 'D:\\xampp7.4\\htd...', 14, Array)
#1 D:\xampp7.4\htdocs\hrms_india\system\CodeIgniter.php(918): App\Controllers\Login->index()
#2 D:\xampp7.4\htdocs\hrms_india\system\CodeIgniter.php(404): CodeIgniter\CodeIgniter->runController(Object(App\Controllers\Login))
#3 D:\xampp7.4\htdocs\hrms_india\system\CodeIgniter.php(312): CodeIgniter\CodeIgniter->handleRequest(NULL, Object(Config\Cache), false)
#4 D:\xampp7.4\htdocs\hrms_india\public\index.php(45): CodeIgniter\CodeIgniter->run()
#5 D:\xampp7.4\htdocs\hrms_india\system\Commands\Server\rewrite.php(34): require_once('D:\\xampp7.4\\htd...')
#6 {main}
CRITICAL - 2022-07-28 01:43:51 --> Undefined index: reset_status
#0 D:\xampp7.4\htdocs\hrms_india\app\Controllers\Login.php(37): CodeIgniter\Debug\Exceptions->errorHandler(8, 'Undefined index...', 'D:\\xampp7.4\\htd...', 37, Array)
#1 D:\xampp7.4\htdocs\hrms_india\system\CodeIgniter.php(918): App\Controllers\Login->auth()
#2 D:\xampp7.4\htdocs\hrms_india\system\CodeIgniter.php(404): CodeIgniter\CodeIgniter->runController(Object(App\Controllers\Login))
#3 D:\xampp7.4\htdocs\hrms_india\system\CodeIgniter.php(312): CodeIgniter\CodeIgniter->handleRequest(NULL, Object(Config\Cache), false)
#4 D:\xampp7.4\htdocs\hrms_india\public\index.php(45): CodeIgniter\CodeIgniter->run()
#5 D:\xampp7.4\htdocs\hrms_india\system\Commands\Server\rewrite.php(34): require_once('D:\\xampp7.4\\htd...')
#6 {main}
CRITICAL - 2022-07-28 03:08:41 --> Namespace declaration statement has to be the very first statement or after any declare call in the script
#0 [internal function]: CodeIgniter\Debug\Exceptions->shutdownHandler()
#1 {main}
CRITICAL - 2022-07-28 03:09:01 --> Namespace declaration statement has to be the very first statement or after any declare call in the script
#0 [internal function]: CodeIgniter\Debug\Exceptions->shutdownHandler()
#1 {main}
CRITICAL - 2022-07-28 03:16:55 --> Call to a member function getloggedInusername() on null
#0 D:\xampp7.4\htdocs\hrms_india\system\View\View.php(246): include()
#1 D:\xampp7.4\htdocs\hrms_india\system\Common.php(1119): CodeIgniter\View\View->render('templates/heade...', Array, true)
#2 D:\xampp7.4\htdocs\hrms_india\app\Controllers\Home.php(22): view('templates/heade...')
#3 D:\xampp7.4\htdocs\hrms_india\system\CodeIgniter.php(918): App\Controllers\Home->index()
#4 D:\xampp7.4\htdocs\hrms_india\system\CodeIgniter.php(404): CodeIgniter\CodeIgniter->runController(Object(App\Controllers\Home))
#5 D:\xampp7.4\htdocs\hrms_india\system\CodeIgniter.php(312): CodeIgniter\CodeIgniter->handleRequest(NULL, Object(Config\Cache), false)
#6 D:\xampp7.4\htdocs\hrms_india\public\index.php(45): CodeIgniter\CodeIgniter->run()
#7 D:\xampp7.4\htdocs\hrms_india\system\Commands\Server\rewrite.php(34): require_once('D:\\xampp7.4\\htd...')
#8 {main}
CRITICAL - 2022-07-28 03:17:57 --> Call to a member function test2() on null
#0 D:\xampp7.4\htdocs\hrms_india\system\View\View.php(246): include()
#1 D:\xampp7.4\htdocs\hrms_india\system\Common.php(1119): CodeIgniter\View\View->render('templates/heade...', Array, true)
#2 D:\xampp7.4\htdocs\hrms_india\app\Controllers\Home.php(22): view('templates/heade...')
#3 D:\xampp7.4\htdocs\hrms_india\system\CodeIgniter.php(918): App\Controllers\Home->index()
#4 D:\xampp7.4\htdocs\hrms_india\system\CodeIgniter.php(404): CodeIgniter\CodeIgniter->runController(Object(App\Controllers\Home))
#5 D:\xampp7.4\htdocs\hrms_india\system\CodeIgniter.php(312): CodeIgniter\CodeIgniter->handleRequest(NULL, Object(Config\Cache), false)
#6 D:\xampp7.4\htdocs\hrms_india\public\index.php(45): CodeIgniter\CodeIgniter->run()
#7 D:\xampp7.4\htdocs\hrms_india\system\Commands\Server\rewrite.php(34): require_once('D:\\xampp7.4\\htd...')
#8 {main}
CRITICAL - 2022-07-28 03:25:33 --> Call to a member function test2() on null
#0 D:\xampp7.4\htdocs\hrms_india\system\View\View.php(246): include()
#1 D:\xampp7.4\htdocs\hrms_india\system\Common.php(1119): CodeIgniter\View\View->render('templates/heade...', Array, true)
#2 D:\xampp7.4\htdocs\hrms_india\app\Controllers\Home.php(22): view('templates/heade...')
#3 D:\xampp7.4\htdocs\hrms_india\system\CodeIgniter.php(918): App\Controllers\Home->index()
#4 D:\xampp7.4\htdocs\hrms_india\system\CodeIgniter.php(404): CodeIgniter\CodeIgniter->runController(Object(App\Controllers\Home))
#5 D:\xampp7.4\htdocs\hrms_india\system\CodeIgniter.php(312): CodeIgniter\CodeIgniter->handleRequest(NULL, Object(Config\Cache), false)
#6 D:\xampp7.4\htdocs\hrms_india\public\index.php(45): CodeIgniter\CodeIgniter->run()
#7 D:\xampp7.4\htdocs\hrms_india\system\Commands\Server\rewrite.php(34): require_once('D:\\xampp7.4\\htd...')
#8 {main}
CRITICAL - 2022-07-28 03:26:01 --> Call to a member function test2() on null
#0 D:\xampp7.4\htdocs\hrms_india\system\View\View.php(246): include()
#1 D:\xampp7.4\htdocs\hrms_india\system\Common.php(1119): CodeIgniter\View\View->render('templates/heade...', Array, true)
#2 D:\xampp7.4\htdocs\hrms_india\app\Controllers\Home.php(22): view('templates/heade...')
#3 D:\xampp7.4\htdocs\hrms_india\system\CodeIgniter.php(918): App\Controllers\Home->index()
#4 D:\xampp7.4\htdocs\hrms_india\system\CodeIgniter.php(404): CodeIgniter\CodeIgniter->runController(Object(App\Controllers\Home))
#5 D:\xampp7.4\htdocs\hrms_india\system\CodeIgniter.php(312): CodeIgniter\CodeIgniter->handleRequest(NULL, Object(Config\Cache), false)
#6 D:\xampp7.4\htdocs\hrms_india\public\index.php(45): CodeIgniter\CodeIgniter->run()
#7 D:\xampp7.4\htdocs\hrms_india\system\Commands\Server\rewrite.php(34): require_once('D:\\xampp7.4\\htd...')
#8 {main}
CRITICAL - 2022-07-28 03:26:48 --> Class name must be a valid object or a string
#0 D:\xampp7.4\htdocs\hrms_india\system\View\View.php(246): include()
#1 D:\xampp7.4\htdocs\hrms_india\system\Common.php(1119): CodeIgniter\View\View->render('templates/heade...', Array, true)
#2 D:\xampp7.4\htdocs\hrms_india\app\Controllers\Home.php(22): view('templates/heade...')
#3 D:\xampp7.4\htdocs\hrms_india\system\CodeIgniter.php(918): App\Controllers\Home->index()
#4 D:\xampp7.4\htdocs\hrms_india\system\CodeIgniter.php(404): CodeIgniter\CodeIgniter->runController(Object(App\Controllers\Home))
#5 D:\xampp7.4\htdocs\hrms_india\system\CodeIgniter.php(312): CodeIgniter\CodeIgniter->handleRequest(NULL, Object(Config\Cache), false)
#6 D:\xampp7.4\htdocs\hrms_india\public\index.php(45): CodeIgniter\CodeIgniter->run()
#7 D:\xampp7.4\htdocs\hrms_india\system\Commands\Server\rewrite.php(34): require_once('D:\\xampp7.4\\htd...')
#8 {main}
CRITICAL - 2022-07-28 03:27:22 --> Class name must be a valid object or a string
#0 D:\xampp7.4\htdocs\hrms_india\system\View\View.php(246): include()
#1 D:\xampp7.4\htdocs\hrms_india\system\Common.php(1119): CodeIgniter\View\View->render('templates/heade...', Array, true)
#2 D:\xampp7.4\htdocs\hrms_india\app\Controllers\Home.php(22): view('templates/heade...')
#3 D:\xampp7.4\htdocs\hrms_india\system\CodeIgniter.php(918): App\Controllers\Home->index()
#4 D:\xampp7.4\htdocs\hrms_india\system\CodeIgniter.php(404): CodeIgniter\CodeIgniter->runController(Object(App\Controllers\Home))
#5 D:\xampp7.4\htdocs\hrms_india\system\CodeIgniter.php(312): CodeIgniter\CodeIgniter->handleRequest(NULL, Object(Config\Cache), false)
#6 D:\xampp7.4\htdocs\hrms_india\public\index.php(45): CodeIgniter\CodeIgniter->run()
#7 D:\xampp7.4\htdocs\hrms_india\system\Commands\Server\rewrite.php(34): require_once('D:\\xampp7.4\\htd...')
#8 {main}
CRITICAL - 2022-07-28 03:27:43 --> Class name must be a valid object or a string
#0 D:\xampp7.4\htdocs\hrms_india\system\View\View.php(246): include()
#1 D:\xampp7.4\htdocs\hrms_india\system\Common.php(1119): CodeIgniter\View\View->render('templates/heade...', Array, true)
#2 D:\xampp7.4\htdocs\hrms_india\app\Controllers\Home.php(22): view('templates/heade...')
#3 D:\xampp7.4\htdocs\hrms_india\system\CodeIgniter.php(918): App\Controllers\Home->index()
#4 D:\xampp7.4\htdocs\hrms_india\system\CodeIgniter.php(404): CodeIgniter\CodeIgniter->runController(Object(App\Controllers\Home))
#5 D:\xampp7.4\htdocs\hrms_india\system\CodeIgniter.php(312): CodeIgniter\CodeIgniter->handleRequest(NULL, Object(Config\Cache), false)
#6 D:\xampp7.4\htdocs\hrms_india\public\index.php(45): CodeIgniter\CodeIgniter->run()
#7 D:\xampp7.4\htdocs\hrms_india\system\Commands\Server\rewrite.php(34): require_once('D:\\xampp7.4\\htd...')
#8 {main}
CRITICAL - 2022-07-28 03:46:32 --> Cannot call constructor
#0 D:\xampp7.4\htdocs\hrms_india\system\CodeIgniter.php(890): App\Controllers\Home->__construct()
#1 D:\xampp7.4\htdocs\hrms_india\system\CodeIgniter.php(399): CodeIgniter\CodeIgniter->createController()
#2 D:\xampp7.4\htdocs\hrms_india\system\CodeIgniter.php(312): CodeIgniter\CodeIgniter->handleRequest(NULL, Object(Config\Cache), false)
#3 D:\xampp7.4\htdocs\hrms_india\public\index.php(45): CodeIgniter\CodeIgniter->run()
#4 D:\xampp7.4\htdocs\hrms_india\system\Commands\Server\rewrite.php(34): require_once('D:\\xampp7.4\\htd...')
#5 {main}
CRITICAL - 2022-07-28 03:46:45 --> Call to undefined function App\Controllers\library()
#0 D:\xampp7.4\htdocs\hrms_india\system\CodeIgniter.php(890): App\Controllers\Home->__construct()
#1 D:\xampp7.4\htdocs\hrms_india\system\CodeIgniter.php(399): CodeIgniter\CodeIgniter->createController()
#2 D:\xampp7.4\htdocs\hrms_india\system\CodeIgniter.php(312): CodeIgniter\CodeIgniter->handleRequest(NULL, Object(Config\Cache), false)
#3 D:\xampp7.4\htdocs\hrms_india\public\index.php(45): CodeIgniter\CodeIgniter->run()
#4 D:\xampp7.4\htdocs\hrms_india\system\Commands\Server\rewrite.php(34): require_once('D:\\xampp7.4\\htd...')
#5 {main}
CRITICAL - 2022-07-28 03:48:50 --> Namespace declaration statement has to be the very first statement or after any declare call in the script
#0 [internal function]: CodeIgniter\Debug\Exceptions->shutdownHandler()
#1 {main}
CRITICAL - 2022-07-28 03:49:42 --> Call to undefined function App\Libraries\get_instance()
#0 D:\xampp7.4\htdocs\hrms_india\app\Controllers\Home.php(20): App\Libraries\commonuserlib->__construct()
#1 D:\xampp7.4\htdocs\hrms_india\system\CodeIgniter.php(918): App\Controllers\Home->index()
#2 D:\xampp7.4\htdocs\hrms_india\system\CodeIgniter.php(404): CodeIgniter\CodeIgniter->runController(Object(App\Controllers\Home))
#3 D:\xampp7.4\htdocs\hrms_india\system\CodeIgniter.php(312): CodeIgniter\CodeIgniter->handleRequest(NULL, Object(Config\Cache), false)
#4 D:\xampp7.4\htdocs\hrms_india\public\index.php(45): CodeIgniter\CodeIgniter->run()
#5 D:\xampp7.4\htdocs\hrms_india\system\Commands\Server\rewrite.php(34): require_once('D:\\xampp7.4\\htd...')
#6 {main}
CRITICAL - 2022-07-28 03:49:57 --> Class name must be a valid object or a string
#0 D:\xampp7.4\htdocs\hrms_india\system\View\View.php(246): include()
#1 D:\xampp7.4\htdocs\hrms_india\system\Common.php(1119): CodeIgniter\View\View->render('templates/heade...', Array, true)
#2 D:\xampp7.4\htdocs\hrms_india\app\Controllers\Home.php(26): view('templates/heade...')
#3 D:\xampp7.4\htdocs\hrms_india\system\CodeIgniter.php(918): App\Controllers\Home->index()
#4 D:\xampp7.4\htdocs\hrms_india\system\CodeIgniter.php(404): CodeIgniter\CodeIgniter->runController(Object(App\Controllers\Home))
#5 D:\xampp7.4\htdocs\hrms_india\system\CodeIgniter.php(312): CodeIgniter\CodeIgniter->handleRequest(NULL, Object(Config\Cache), false)
#6 D:\xampp7.4\htdocs\hrms_india\public\index.php(45): CodeIgniter\CodeIgniter->run()
#7 D:\xampp7.4\htdocs\hrms_india\system\Commands\Server\rewrite.php(34): require_once('D:\\xampp7.4\\htd...')
#8 {main}
CRITICAL - 2022-07-28 03:51:12 --> Class name must be a valid object or a string
#0 D:\xampp7.4\htdocs\hrms_india\system\View\View.php(246): include()
#1 D:\xampp7.4\htdocs\hrms_india\system\Common.php(1119): CodeIgniter\View\View->render('templates/heade...', Array, true)
#2 D:\xampp7.4\htdocs\hrms_india\app\Controllers\Home.php(26): view('templates/heade...', Array)
#3 D:\xampp7.4\htdocs\hrms_india\system\CodeIgniter.php(918): App\Controllers\Home->index()
#4 D:\xampp7.4\htdocs\hrms_india\system\CodeIgniter.php(404): CodeIgniter\CodeIgniter->runController(Object(App\Controllers\Home))
#5 D:\xampp7.4\htdocs\hrms_india\system\CodeIgniter.php(312): CodeIgniter\CodeIgniter->handleRequest(NULL, Object(Config\Cache), false)
#6 D:\xampp7.4\htdocs\hrms_india\public\index.php(45): CodeIgniter\CodeIgniter->run()
#7 D:\xampp7.4\htdocs\hrms_india\system\Commands\Server\rewrite.php(34): require_once('D:\\xampp7.4\\htd...')
#8 {main}
CRITICAL - 2022-07-28 03:51:24 --> Call to a member function test2() on null
#0 D:\xampp7.4\htdocs\hrms_india\system\View\View.php(246): include()
#1 D:\xampp7.4\htdocs\hrms_india\system\Common.php(1119): CodeIgniter\View\View->render('templates/heade...', Array, true)
#2 D:\xampp7.4\htdocs\hrms_india\app\Controllers\Home.php(26): view('templates/heade...', Array)
#3 D:\xampp7.4\htdocs\hrms_india\system\CodeIgniter.php(918): App\Controllers\Home->index()
#4 D:\xampp7.4\htdocs\hrms_india\system\CodeIgniter.php(404): CodeIgniter\CodeIgniter->runController(Object(App\Controllers\Home))
#5 D:\xampp7.4\htdocs\hrms_india\system\CodeIgniter.php(312): CodeIgniter\CodeIgniter->handleRequest(NULL, Object(Config\Cache), false)
#6 D:\xampp7.4\htdocs\hrms_india\public\index.php(45): CodeIgniter\CodeIgniter->run()
#7 D:\xampp7.4\htdocs\hrms_india\system\Commands\Server\rewrite.php(34): require_once('D:\\xampp7.4\\htd...')
#8 {main}
CRITICAL - 2022-07-28 04:35:36 --> Argument 2 passed to view() must be of the type array, null given, called in D:\xampp7.4\htdocs\hrms_india\app\Controllers\Home.php on line 25
#0 D:\xampp7.4\htdocs\hrms_india\app\Controllers\Home.php(25): view('templates/heade...', NULL)
#1 D:\xampp7.4\htdocs\hrms_india\system\CodeIgniter.php(918): App\Controllers\Home->index()
#2 D:\xampp7.4\htdocs\hrms_india\system\CodeIgniter.php(404): CodeIgniter\CodeIgniter->runController(Object(App\Controllers\Home))
#3 D:\xampp7.4\htdocs\hrms_india\system\CodeIgniter.php(312): CodeIgniter\CodeIgniter->handleRequest(NULL, Object(Config\Cache), false)
#4 D:\xampp7.4\htdocs\hrms_india\public\index.php(45): CodeIgniter\CodeIgniter->run()
#5 D:\xampp7.4\htdocs\hrms_india\system\Commands\Server\rewrite.php(34): require_once('D:\\xampp7.4\\htd...')
#6 {main}
CRITICAL - 2022-07-28 04:40:56 --> Call to a member function test2() on null
#0 D:\xampp7.4\htdocs\hrms_india\system\View\View.php(246): include()
#1 D:\xampp7.4\htdocs\hrms_india\system\Common.php(1119): CodeIgniter\View\View->render('templates/heade...', Array, true)
#2 D:\xampp7.4\htdocs\hrms_india\app\Controllers\Home.php(27): view('templates/heade...')
#3 D:\xampp7.4\htdocs\hrms_india\system\CodeIgniter.php(918): App\Controllers\Home->index()
#4 D:\xampp7.4\htdocs\hrms_india\system\CodeIgniter.php(404): CodeIgniter\CodeIgniter->runController(Object(App\Controllers\Home))
#5 D:\xampp7.4\htdocs\hrms_india\system\CodeIgniter.php(312): CodeIgniter\CodeIgniter->handleRequest(NULL, Object(Config\Cache), false)
#6 D:\xampp7.4\htdocs\hrms_india\public\index.php(45): CodeIgniter\CodeIgniter->run()
#7 D:\xampp7.4\htdocs\hrms_india\system\Commands\Server\rewrite.php(34): require_once('D:\\xampp7.4\\htd...')
#8 {main}
CRITICAL - 2022-07-28 04:45:10 --> Call to undefined function App\Libraries\get_instance()
#0 D:\xampp7.4\htdocs\hrms_india\app\Views\templates\header.php(331): App\Libraries\commonuserlib::getloggedInusername()
#1 D:\xampp7.4\htdocs\hrms_india\system\View\View.php(246): include('D:\\xampp7.4\\htd...')
#2 D:\xampp7.4\htdocs\hrms_india\system\Common.php(1119): CodeIgniter\View\View->render('templates/heade...', Array, true)
#3 D:\xampp7.4\htdocs\hrms_india\app\Controllers\Home.php(27): view('templates/heade...', Array)
#4 D:\xampp7.4\htdocs\hrms_india\system\CodeIgniter.php(918): App\Controllers\Home->index()
#5 D:\xampp7.4\htdocs\hrms_india\system\CodeIgniter.php(404): CodeIgniter\CodeIgniter->runController(Object(App\Controllers\Home))
#6 D:\xampp7.4\htdocs\hrms_india\system\CodeIgniter.php(312): CodeIgniter\CodeIgniter->handleRequest(NULL, Object(Config\Cache), false)
#7 D:\xampp7.4\htdocs\hrms_india\public\index.php(45): CodeIgniter\CodeIgniter->run()
#8 D:\xampp7.4\htdocs\hrms_india\system\Commands\Server\rewrite.php(34): require_once('D:\\xampp7.4\\htd...')
#9 {main}
CRITICAL - 2022-07-28 07:13:55 --> Call to undefined function App\Libraries\get_instance()
#0 D:\xampp7.4\htdocs\hrms_india\app\Views\templates\header.php(331): App\Libraries\commonuserlib::getloggedInusername()
#1 D:\xampp7.4\htdocs\hrms_india\system\View\View.php(246): include('D:\\xampp7.4\\htd...')
#2 D:\xampp7.4\htdocs\hrms_india\system\Common.php(1119): CodeIgniter\View\View->render('templates/heade...', Array, true)
#3 D:\xampp7.4\htdocs\hrms_india\app\Controllers\Home.php(27): view('templates/heade...', Array)
#4 D:\xampp7.4\htdocs\hrms_india\system\CodeIgniter.php(918): App\Controllers\Home->index()
#5 D:\xampp7.4\htdocs\hrms_india\system\CodeIgniter.php(404): CodeIgniter\CodeIgniter->runController(Object(App\Controllers\Home))
#6 D:\xampp7.4\htdocs\hrms_india\system\CodeIgniter.php(312): CodeIgniter\CodeIgniter->handleRequest(NULL, Object(Config\Cache), false)
#7 D:\xampp7.4\htdocs\hrms_india\public\index.php(45): CodeIgniter\CodeIgniter->run()
#8 D:\xampp7.4\htdocs\hrms_india\system\Commands\Server\rewrite.php(34): require_once('D:\\xampp7.4\\htd...')
#9 {main}
CRITICAL - 2022-07-28 07:17:57 --> Class 'App\Models\AutoModel' not found
#0 D:\xampp7.4\htdocs\hrms_india\app\Controllers\Home.php(14): App\Libraries\commonuserlib->__construct()
#1 D:\xampp7.4\htdocs\hrms_india\system\CodeIgniter.php(890): App\Controllers\Home->__construct()
#2 D:\xampp7.4\htdocs\hrms_india\system\CodeIgniter.php(399): CodeIgniter\CodeIgniter->createController()
#3 D:\xampp7.4\htdocs\hrms_india\system\CodeIgniter.php(312): CodeIgniter\CodeIgniter->handleRequest(NULL, Object(Config\Cache), false)
#4 D:\xampp7.4\htdocs\hrms_india\public\index.php(45): CodeIgniter\CodeIgniter->run()
#5 D:\xampp7.4\htdocs\hrms_india\system\Commands\Server\rewrite.php(34): require_once('D:\\xampp7.4\\htd...')
#6 {main}
CRITICAL - 2022-07-28 07:19:49 --> Call to undefined function App\Libraries\get_instance()
#0 D:\xampp7.4\htdocs\hrms_india\app\Views\templates\header.php(331): App\Libraries\commonuserlib::getloggedInusername()
#1 D:\xampp7.4\htdocs\hrms_india\system\View\View.php(246): include('D:\\xampp7.4\\htd...')
#2 D:\xampp7.4\htdocs\hrms_india\system\Common.php(1119): CodeIgniter\View\View->render('templates/heade...', Array, true)
#3 D:\xampp7.4\htdocs\hrms_india\app\Controllers\Home.php(27): view('templates/heade...', Array)
#4 D:\xampp7.4\htdocs\hrms_india\system\CodeIgniter.php(918): App\Controllers\Home->index()
#5 D:\xampp7.4\htdocs\hrms_india\system\CodeIgniter.php(404): CodeIgniter\CodeIgniter->runController(Object(App\Controllers\Home))
#6 D:\xampp7.4\htdocs\hrms_india\system\CodeIgniter.php(312): CodeIgniter\CodeIgniter->handleRequest(NULL, Object(Config\Cache), false)
#7 D:\xampp7.4\htdocs\hrms_india\public\index.php(45): CodeIgniter\CodeIgniter->run()
#8 D:\xampp7.4\htdocs\hrms_india\system\Commands\Server\rewrite.php(34): require_once('D:\\xampp7.4\\htd...')
#9 {main}
CRITICAL - 2022-07-28 07:48:04 --> Using $this when not in object context
#0 D:\xampp7.4\htdocs\hrms_india\app\Views\templates\header.php(331): App\Libraries\commonuserlib::getloggedInusername()
#1 D:\xampp7.4\htdocs\hrms_india\system\View\View.php(246): include('D:\\xampp7.4\\htd...')
#2 D:\xampp7.4\htdocs\hrms_india\system\Common.php(1119): CodeIgniter\View\View->render('templates/heade...', Array, true)
#3 D:\xampp7.4\htdocs\hrms_india\app\Controllers\Home.php(27): view('templates/heade...', Array)
#4 D:\xampp7.4\htdocs\hrms_india\system\CodeIgniter.php(918): App\Controllers\Home->index()
#5 D:\xampp7.4\htdocs\hrms_india\system\CodeIgniter.php(404): CodeIgniter\CodeIgniter->runController(Object(App\Controllers\Home))
#6 D:\xampp7.4\htdocs\hrms_india\system\CodeIgniter.php(312): CodeIgniter\CodeIgniter->handleRequest(NULL, Object(Config\Cache), false)
#7 D:\xampp7.4\htdocs\hrms_india\public\index.php(45): CodeIgniter\CodeIgniter->run()
#8 D:\xampp7.4\htdocs\hrms_india\system\Commands\Server\rewrite.php(34): require_once('D:\\xampp7.4\\htd...')
#9 {main}
CRITICAL - 2022-07-28 07:53:53 --> Call to a member function get() on null
#0 D:\xampp7.4\htdocs\hrms_india\app\Views\templates\header.php(331): App\Libraries\commonuserlib::getloggedInusername()
#1 D:\xampp7.4\htdocs\hrms_india\system\View\View.php(246): include('D:\\xampp7.4\\htd...')
#2 D:\xampp7.4\htdocs\hrms_india\system\Common.php(1119): CodeIgniter\View\View->render('templates/heade...', Array, true)
#3 D:\xampp7.4\htdocs\hrms_india\app\Controllers\Home.php(27): view('templates/heade...', Array)
#4 D:\xampp7.4\htdocs\hrms_india\system\CodeIgniter.php(918): App\Controllers\Home->index()
#5 D:\xampp7.4\htdocs\hrms_india\system\CodeIgniter.php(404): CodeIgniter\CodeIgniter->runController(Object(App\Controllers\Home))
#6 D:\xampp7.4\htdocs\hrms_india\system\CodeIgniter.php(312): CodeIgniter\CodeIgniter->handleRequest(NULL, Object(Config\Cache), false)
#7 D:\xampp7.4\htdocs\hrms_india\public\index.php(45): CodeIgniter\CodeIgniter->run()
#8 D:\xampp7.4\htdocs\hrms_india\system\Commands\Server\rewrite.php(34): require_once('D:\\xampp7.4\\htd...')
#9 {main}
CRITICAL - 2022-07-28 07:54:37 --> Using $this when not in object context
#0 D:\xampp7.4\htdocs\hrms_india\app\Views\templates\header.php(331): App\Libraries\commonuserlib::getloggedInusername()
#1 D:\xampp7.4\htdocs\hrms_india\system\View\View.php(246): include('D:\\xampp7.4\\htd...')
#2 D:\xampp7.4\htdocs\hrms_india\system\Common.php(1119): CodeIgniter\View\View->render('templates/heade...', Array, true)
#3 D:\xampp7.4\htdocs\hrms_india\app\Controllers\Home.php(27): view('templates/heade...', Array)
#4 D:\xampp7.4\htdocs\hrms_india\system\CodeIgniter.php(918): App\Controllers\Home->index()
#5 D:\xampp7.4\htdocs\hrms_india\system\CodeIgniter.php(404): CodeIgniter\CodeIgniter->runController(Object(App\Controllers\Home))
#6 D:\xampp7.4\htdocs\hrms_india\system\CodeIgniter.php(312): CodeIgniter\CodeIgniter->handleRequest(NULL, Object(Config\Cache), false)
#7 D:\xampp7.4\htdocs\hrms_india\public\index.php(45): CodeIgniter\CodeIgniter->run()
#8 D:\xampp7.4\htdocs\hrms_india\system\Commands\Server\rewrite.php(34): require_once('D:\\xampp7.4\\htd...')
#9 {main}
CRITICAL - 2022-07-28 08:09:43 --> Using $this when not in object context
#0 D:\xampp7.4\htdocs\hrms_india\app\Views\templates\header.php(331): App\Libraries\commonuserlib::getloggedInusername()
#1 D:\xampp7.4\htdocs\hrms_india\system\View\View.php(246): include('D:\\xampp7.4\\htd...')
#2 D:\xampp7.4\htdocs\hrms_india\system\Common.php(1119): CodeIgniter\View\View->render('templates/heade...', Array, true)
#3 D:\xampp7.4\htdocs\hrms_india\app\Controllers\Home.php(27): view('templates/heade...', Array)
#4 D:\xampp7.4\htdocs\hrms_india\system\CodeIgniter.php(918): App\Controllers\Home->index()
#5 D:\xampp7.4\htdocs\hrms_india\system\CodeIgniter.php(404): CodeIgniter\CodeIgniter->runController(Object(App\Controllers\Home))
#6 D:\xampp7.4\htdocs\hrms_india\system\CodeIgniter.php(312): CodeIgniter\CodeIgniter->handleRequest(NULL, Object(Config\Cache), false)
#7 D:\xampp7.4\htdocs\hrms_india\public\index.php(45): CodeIgniter\CodeIgniter->run()
#8 D:\xampp7.4\htdocs\hrms_india\system\Commands\Server\rewrite.php(34): require_once('D:\\xampp7.4\\htd...')
#9 {main}
CRITICAL - 2022-07-28 08:22:12 --> Using $this when not in object context
#0 D:\xampp7.4\htdocs\hrms_india\app\Views\templates\header.php(331): App\Libraries\commonuserlib::getloggedInusername()
#1 D:\xampp7.4\htdocs\hrms_india\system\View\View.php(246): include('D:\\xampp7.4\\htd...')
#2 D:\xampp7.4\htdocs\hrms_india\system\Common.php(1119): CodeIgniter\View\View->render('templates/heade...', Array, true)
#3 D:\xampp7.4\htdocs\hrms_india\app\Controllers\Home.php(27): view('templates/heade...', Array)
#4 D:\xampp7.4\htdocs\hrms_india\system\CodeIgniter.php(918): App\Controllers\Home->index()
#5 D:\xampp7.4\htdocs\hrms_india\system\CodeIgniter.php(404): CodeIgniter\CodeIgniter->runController(Object(App\Controllers\Home))
#6 D:\xampp7.4\htdocs\hrms_india\system\CodeIgniter.php(312): CodeIgniter\CodeIgniter->handleRequest(NULL, Object(Config\Cache), false)
#7 D:\xampp7.4\htdocs\hrms_india\public\index.php(45): CodeIgniter\CodeIgniter->run()
#8 D:\xampp7.4\htdocs\hrms_india\system\Commands\Server\rewrite.php(34): require_once('D:\\xampp7.4\\htd...')
#9 {main}
CRITICAL - 2022-07-28 08:22:13 --> Using $this when not in object context
#0 D:\xampp7.4\htdocs\hrms_india\app\Views\templates\header.php(331): App\Libraries\commonuserlib::getloggedInusername()
#1 D:\xampp7.4\htdocs\hrms_india\system\View\View.php(246): include('D:\\xampp7.4\\htd...')
#2 D:\xampp7.4\htdocs\hrms_india\system\Common.php(1119): CodeIgniter\View\View->render('templates/heade...', Array, true)
#3 D:\xampp7.4\htdocs\hrms_india\app\Controllers\Home.php(27): view('templates/heade...', Array)
#4 D:\xampp7.4\htdocs\hrms_india\system\CodeIgniter.php(918): App\Controllers\Home->index()
#5 D:\xampp7.4\htdocs\hrms_india\system\CodeIgniter.php(404): CodeIgniter\CodeIgniter->runController(Object(App\Controllers\Home))
#6 D:\xampp7.4\htdocs\hrms_india\system\CodeIgniter.php(312): CodeIgniter\CodeIgniter->handleRequest(NULL, Object(Config\Cache), false)
#7 D:\xampp7.4\htdocs\hrms_india\public\index.php(45): CodeIgniter\CodeIgniter->run()
#8 D:\xampp7.4\htdocs\hrms_india\system\Commands\Server\rewrite.php(34): require_once('D:\\xampp7.4\\htd...')
#9 {main}
CRITICAL - 2022-07-28 08:22:14 --> Using $this when not in object context
#0 D:\xampp7.4\htdocs\hrms_india\app\Views\templates\header.php(331): App\Libraries\commonuserlib::getloggedInusername()
#1 D:\xampp7.4\htdocs\hrms_india\system\View\View.php(246): include('D:\\xampp7.4\\htd...')
#2 D:\xampp7.4\htdocs\hrms_india\system\Common.php(1119): CodeIgniter\View\View->render('templates/heade...', Array, true)
#3 D:\xampp7.4\htdocs\hrms_india\app\Controllers\Home.php(27): view('templates/heade...', Array)
#4 D:\xampp7.4\htdocs\hrms_india\system\CodeIgniter.php(918): App\Controllers\Home->index()
#5 D:\xampp7.4\htdocs\hrms_india\system\CodeIgniter.php(404): CodeIgniter\CodeIgniter->runController(Object(App\Controllers\Home))
#6 D:\xampp7.4\htdocs\hrms_india\system\CodeIgniter.php(312): CodeIgniter\CodeIgniter->handleRequest(NULL, Object(Config\Cache), false)
#7 D:\xampp7.4\htdocs\hrms_india\public\index.php(45): CodeIgniter\CodeIgniter->run()
#8 D:\xampp7.4\htdocs\hrms_india\system\Commands\Server\rewrite.php(34): require_once('D:\\xampp7.4\\htd...')
#9 {main}
CRITICAL - 2022-07-28 08:22:15 --> Using $this when not in object context
#0 D:\xampp7.4\htdocs\hrms_india\app\Views\templates\header.php(331): App\Libraries\commonuserlib::getloggedInusername()
#1 D:\xampp7.4\htdocs\hrms_india\system\View\View.php(246): include('D:\\xampp7.4\\htd...')
#2 D:\xampp7.4\htdocs\hrms_india\system\Common.php(1119): CodeIgniter\View\View->render('templates/heade...', Array, true)
#3 D:\xampp7.4\htdocs\hrms_india\app\Controllers\Home.php(27): view('templates/heade...', Array)
#4 D:\xampp7.4\htdocs\hrms_india\system\CodeIgniter.php(918): App\Controllers\Home->index()
#5 D:\xampp7.4\htdocs\hrms_india\system\CodeIgniter.php(404): CodeIgniter\CodeIgniter->runController(Object(App\Controllers\Home))
#6 D:\xampp7.4\htdocs\hrms_india\system\CodeIgniter.php(312): CodeIgniter\CodeIgniter->handleRequest(NULL, Object(Config\Cache), false)
#7 D:\xampp7.4\htdocs\hrms_india\public\index.php(45): CodeIgniter\CodeIgniter->run()
#8 D:\xampp7.4\htdocs\hrms_india\system\Commands\Server\rewrite.php(34): require_once('D:\\xampp7.4\\htd...')
#9 {main}
CRITICAL - 2022-07-28 09:08:41 --> Using $this when not in object context
#0 D:\xampp7.4\htdocs\hrms_india\app\Views\templates\header.php(331): App\Libraries\commonuserlib::getloggedInusername()
#1 D:\xampp7.4\htdocs\hrms_india\system\View\View.php(246): include('D:\\xampp7.4\\htd...')
#2 D:\xampp7.4\htdocs\hrms_india\system\Common.php(1119): CodeIgniter\View\View->render('templates/heade...', Array, true)
#3 D:\xampp7.4\htdocs\hrms_india\app\Controllers\Home.php(27): view('templates/heade...', Array)
#4 D:\xampp7.4\htdocs\hrms_india\system\CodeIgniter.php(918): App\Controllers\Home->index()
#5 D:\xampp7.4\htdocs\hrms_india\system\CodeIgniter.php(404): CodeIgniter\CodeIgniter->runController(Object(App\Controllers\Home))
#6 D:\xampp7.4\htdocs\hrms_india\system\CodeIgniter.php(312): CodeIgniter\CodeIgniter->handleRequest(NULL, Object(Config\Cache), false)
#7 D:\xampp7.4\htdocs\hrms_india\public\index.php(45): CodeIgniter\CodeIgniter->run()
#8 D:\xampp7.4\htdocs\hrms_india\system\Commands\Server\rewrite.php(34): require_once('D:\\xampp7.4\\htd...')
#9 {main}
CRITICAL - 2022-07-28 16:59:09 --> Using $this when not in object context
#0 D:\xampp7.4\htdocs\hrms_india\app\Views\templates\header.php(331): App\Libraries\commonuserlib::getloggedInusername()
#1 D:\xampp7.4\htdocs\hrms_india\system\View\View.php(246): include('D:\\xampp7.4\\htd...')
#2 D:\xampp7.4\htdocs\hrms_india\system\Common.php(1119): CodeIgniter\View\View->render('templates/heade...', Array, true)
#3 D:\xampp7.4\htdocs\hrms_india\app\Controllers\Home.php(27): view('templates/heade...', Array)
#4 D:\xampp7.4\htdocs\hrms_india\system\CodeIgniter.php(918): App\Controllers\Home->index()
#5 D:\xampp7.4\htdocs\hrms_india\system\CodeIgniter.php(404): CodeIgniter\CodeIgniter->runController(Object(App\Controllers\Home))
#6 D:\xampp7.4\htdocs\hrms_india\system\CodeIgniter.php(312): CodeIgniter\CodeIgniter->handleRequest(NULL, Object(Config\Cache), false)
#7 D:\xampp7.4\htdocs\hrms_india\public\index.php(45): CodeIgniter\CodeIgniter->run()
#8 D:\xampp7.4\htdocs\hrms_india\system\Commands\Server\rewrite.php(34): require_once('D:\\xampp7.4\\htd...')
#9 {main}
CRITICAL - 2022-07-28 17:06:25 --> Using $this when not in object context
#0 D:\xampp7.4\htdocs\hrms_india\app\Views\templates\header.php(331): App\Libraries\commonuserlib::getloggedInusername()
#1 D:\xampp7.4\htdocs\hrms_india\system\View\View.php(246): include('D:\\xampp7.4\\htd...')
#2 D:\xampp7.4\htdocs\hrms_india\system\Common.php(1119): CodeIgniter\View\View->render('templates/heade...', Array, true)
#3 D:\xampp7.4\htdocs\hrms_india\app\Controllers\Home.php(27): view('templates/heade...', Array)
#4 D:\xampp7.4\htdocs\hrms_india\system\CodeIgniter.php(918): App\Controllers\Home->index()
#5 D:\xampp7.4\htdocs\hrms_india\system\CodeIgniter.php(404): CodeIgniter\CodeIgniter->runController(Object(App\Controllers\Home))
#6 D:\xampp7.4\htdocs\hrms_india\system\CodeIgniter.php(312): CodeIgniter\CodeIgniter->handleRequest(NULL, Object(Config\Cache), false)
#7 D:\xampp7.4\htdocs\hrms_india\public\index.php(45): CodeIgniter\CodeIgniter->run()
#8 D:\xampp7.4\htdocs\hrms_india\system\Commands\Server\rewrite.php(34): require_once('D:\\xampp7.4\\htd...')
#9 {main}
CRITICAL - 2022-07-28 17:10:12 --> Using $this when not in object context
#0 D:\xampp7.4\htdocs\hrms_india\app\Views\templates\header.php(331): App\Libraries\commonuserlib::getloggedInusername()
#1 D:\xampp7.4\htdocs\hrms_india\system\View\View.php(246): include('D:\\xampp7.4\\htd...')
#2 D:\xampp7.4\htdocs\hrms_india\system\Common.php(1119): CodeIgniter\View\View->render('templates/heade...', Array, true)
#3 D:\xampp7.4\htdocs\hrms_india\app\Controllers\Home.php(27): view('templates/heade...', Array)
#4 D:\xampp7.4\htdocs\hrms_india\system\CodeIgniter.php(918): App\Controllers\Home->index()
#5 D:\xampp7.4\htdocs\hrms_india\system\CodeIgniter.php(404): CodeIgniter\CodeIgniter->runController(Object(App\Controllers\Home))
#6 D:\xampp7.4\htdocs\hrms_india\system\CodeIgniter.php(312): CodeIgniter\CodeIgniter->handleRequest(NULL, Object(Config\Cache), false)
#7 D:\xampp7.4\htdocs\hrms_india\public\index.php(45): CodeIgniter\CodeIgniter->run()
#8 D:\xampp7.4\htdocs\hrms_india\system\Commands\Server\rewrite.php(34): require_once('D:\\xampp7.4\\htd...')
#9 {main}
CRITICAL - 2022-07-28 17:11:37 --> Using $this when not in object context
#0 D:\xampp7.4\htdocs\hrms_india\app\Views\templates\header.php(331): App\Libraries\commonuserlib::getloggedInusername()
#1 D:\xampp7.4\htdocs\hrms_india\system\View\View.php(246): include('D:\\xampp7.4\\htd...')
#2 D:\xampp7.4\htdocs\hrms_india\system\Common.php(1119): CodeIgniter\View\View->render('templates/heade...', Array, true)
#3 D:\xampp7.4\htdocs\hrms_india\app\Controllers\Home.php(27): view('templates/heade...', Array)
#4 D:\xampp7.4\htdocs\hrms_india\system\CodeIgniter.php(918): App\Controllers\Home->index()
#5 D:\xampp7.4\htdocs\hrms_india\system\CodeIgniter.php(404): CodeIgniter\CodeIgniter->runController(Object(App\Controllers\Home))
#6 D:\xampp7.4\htdocs\hrms_india\system\CodeIgniter.php(312): CodeIgniter\CodeIgniter->handleRequest(NULL, Object(Config\Cache), false)
#7 D:\xampp7.4\htdocs\hrms_india\public\index.php(45): CodeIgniter\CodeIgniter->run()
#8 D:\xampp7.4\htdocs\hrms_india\system\Commands\Server\rewrite.php(34): require_once('D:\\xampp7.4\\htd...')
#9 {main}
CRITICAL - 2022-07-28 17:16:19 --> Using $this when not in object context
#0 D:\xampp7.4\htdocs\hrms_india\app\Views\templates\header.php(331): App\Libraries\commonuserlib::getloggedInusername()
#1 D:\xampp7.4\htdocs\hrms_india\system\View\View.php(246): include('D:\\xampp7.4\\htd...')
#2 D:\xampp7.4\htdocs\hrms_india\system\Common.php(1119): CodeIgniter\View\View->render('templates/heade...', Array, true)
#3 D:\xampp7.4\htdocs\hrms_india\app\Controllers\Home.php(27): view('templates/heade...', Array)
#4 D:\xampp7.4\htdocs\hrms_india\system\CodeIgniter.php(918): App\Controllers\Home->index()
#5 D:\xampp7.4\htdocs\hrms_india\system\CodeIgniter.php(404): CodeIgniter\CodeIgniter->runController(Object(App\Controllers\Home))
#6 D:\xampp7.4\htdocs\hrms_india\system\CodeIgniter.php(312): CodeIgniter\CodeIgniter->handleRequest(NULL, Object(Config\Cache), false)
#7 D:\xampp7.4\htdocs\hrms_india\public\index.php(45): CodeIgniter\CodeIgniter->run()
#8 D:\xampp7.4\htdocs\hrms_india\system\Commands\Server\rewrite.php(34): require_once('D:\\xampp7.4\\htd...')
#9 {main}
CRITICAL - 2022-07-28 17:17:14 --> Using $this when not in object context
#0 D:\xampp7.4\htdocs\hrms_india\app\Views\templates\header.php(331): App\Libraries\commonuserlib::getloggedInusername()
#1 D:\xampp7.4\htdocs\hrms_india\system\View\View.php(246): include('D:\\xampp7.4\\htd...')
#2 D:\xampp7.4\htdocs\hrms_india\system\Common.php(1119): CodeIgniter\View\View->render('templates/heade...', Array, true)
#3 D:\xampp7.4\htdocs\hrms_india\app\Controllers\Home.php(27): view('templates/heade...', Array)
#4 D:\xampp7.4\htdocs\hrms_india\system\CodeIgniter.php(918): App\Controllers\Home->index()
#5 D:\xampp7.4\htdocs\hrms_india\system\CodeIgniter.php(404): CodeIgniter\CodeIgniter->runController(Object(App\Controllers\Home))
#6 D:\xampp7.4\htdocs\hrms_india\system\CodeIgniter.php(312): CodeIgniter\CodeIgniter->handleRequest(NULL, Object(Config\Cache), false)
#7 D:\xampp7.4\htdocs\hrms_india\public\index.php(45): CodeIgniter\CodeIgniter->run()
#8 D:\xampp7.4\htdocs\hrms_india\system\Commands\Server\rewrite.php(34): require_once('D:\\xampp7.4\\htd...')
#9 {main}
CRITICAL - 2022-07-28 17:17:38 --> Using $this when not in object context
#0 D:\xampp7.4\htdocs\hrms_india\app\Views\templates\header.php(331): App\Libraries\commonuserlib::getloggedInusername()
#1 D:\xampp7.4\htdocs\hrms_india\system\View\View.php(246): include('D:\\xampp7.4\\htd...')
#2 D:\xampp7.4\htdocs\hrms_india\system\Common.php(1119): CodeIgniter\View\View->render('templates/heade...', Array, true)
#3 D:\xampp7.4\htdocs\hrms_india\app\Controllers\Home.php(27): view('templates/heade...', Array)
#4 D:\xampp7.4\htdocs\hrms_india\system\CodeIgniter.php(918): App\Controllers\Home->index()
#5 D:\xampp7.4\htdocs\hrms_india\system\CodeIgniter.php(404): CodeIgniter\CodeIgniter->runController(Object(App\Controllers\Home))
#6 D:\xampp7.4\htdocs\hrms_india\system\CodeIgniter.php(312): CodeIgniter\CodeIgniter->handleRequest(NULL, Object(Config\Cache), false)
#7 D:\xampp7.4\htdocs\hrms_india\public\index.php(45): CodeIgniter\CodeIgniter->run()
#8 D:\xampp7.4\htdocs\hrms_india\system\Commands\Server\rewrite.php(34): require_once('D:\\xampp7.4\\htd...')
#9 {main}
CRITICAL - 2022-07-28 17:17:40 --> Using $this when not in object context
#0 D:\xampp7.4\htdocs\hrms_india\app\Views\templates\header.php(331): App\Libraries\commonuserlib::getloggedInusername()
#1 D:\xampp7.4\htdocs\hrms_india\system\View\View.php(246): include('D:\\xampp7.4\\htd...')
#2 D:\xampp7.4\htdocs\hrms_india\system\Common.php(1119): CodeIgniter\View\View->render('templates/heade...', Array, true)
#3 D:\xampp7.4\htdocs\hrms_india\app\Controllers\Home.php(27): view('templates/heade...', Array)
#4 D:\xampp7.4\htdocs\hrms_india\system\CodeIgniter.php(918): App\Controllers\Home->index()
#5 D:\xampp7.4\htdocs\hrms_india\system\CodeIgniter.php(404): CodeIgniter\CodeIgniter->runController(Object(App\Controllers\Home))
#6 D:\xampp7.4\htdocs\hrms_india\system\CodeIgniter.php(312): CodeIgniter\CodeIgniter->handleRequest(NULL, Object(Config\Cache), false)
#7 D:\xampp7.4\htdocs\hrms_india\public\index.php(45): CodeIgniter\CodeIgniter->run()
#8 D:\xampp7.4\htdocs\hrms_india\system\Commands\Server\rewrite.php(34): require_once('D:\\xampp7.4\\htd...')
#9 {main}
CRITICAL - 2022-07-28 17:19:52 --> Using $this when not in object context
#0 D:\xampp7.4\htdocs\hrms_india\app\Views\templates\header.php(331): App\Libraries\commonuserlib::getloggedInusername()
#1 D:\xampp7.4\htdocs\hrms_india\system\View\View.php(246): include('D:\\xampp7.4\\htd...')
#2 D:\xampp7.4\htdocs\hrms_india\system\Common.php(1119): CodeIgniter\View\View->render('templates/heade...', Array, true)
#3 D:\xampp7.4\htdocs\hrms_india\app\Controllers\Home.php(27): view('templates/heade...', Array)
#4 D:\xampp7.4\htdocs\hrms_india\system\CodeIgniter.php(918): App\Controllers\Home->index()
#5 D:\xampp7.4\htdocs\hrms_india\system\CodeIgniter.php(404): CodeIgniter\CodeIgniter->runController(Object(App\Controllers\Home))
#6 D:\xampp7.4\htdocs\hrms_india\system\CodeIgniter.php(312): CodeIgniter\CodeIgniter->handleRequest(NULL, Object(Config\Cache), false)
#7 D:\xampp7.4\htdocs\hrms_india\public\index.php(45): CodeIgniter\CodeIgniter->run()
#8 D:\xampp7.4\htdocs\hrms_india\system\Commands\Server\rewrite.php(34): require_once('D:\\xampp7.4\\htd...')
#9 {main}
CRITICAL - 2022-07-28 17:21:03 --> Using $this when not in object context
#0 D:\xampp7.4\htdocs\hrms_india\app\Views\templates\header.php(331): App\Libraries\commonuserlib::getloggedInusername()
#1 D:\xampp7.4\htdocs\hrms_india\system\View\View.php(246): include('D:\\xampp7.4\\htd...')
#2 D:\xampp7.4\htdocs\hrms_india\system\Common.php(1119): CodeIgniter\View\View->render('templates/heade...', Array, true)
#3 D:\xampp7.4\htdocs\hrms_india\app\Controllers\Home.php(27): view('templates/heade...', Array)
#4 D:\xampp7.4\htdocs\hrms_india\system\CodeIgniter.php(918): App\Controllers\Home->index()
#5 D:\xampp7.4\htdocs\hrms_india\system\CodeIgniter.php(404): CodeIgniter\CodeIgniter->runController(Object(App\Controllers\Home))
#6 D:\xampp7.4\htdocs\hrms_india\system\CodeIgniter.php(312): CodeIgniter\CodeIgniter->handleRequest(NULL, Object(Config\Cache), false)
#7 D:\xampp7.4\htdocs\hrms_india\public\index.php(45): CodeIgniter\CodeIgniter->run()
#8 D:\xampp7.4\htdocs\hrms_india\system\Commands\Server\rewrite.php(34): require_once('D:\\xampp7.4\\htd...')
#9 {main}
CRITICAL - 2022-07-28 17:32:58 --> Call to undefined method App\Libraries\commonuserlib::test2()
#0 D:\xampp7.4\htdocs\hrms_india\system\CodeIgniter.php(918): App\Controllers\Home->index()
#1 D:\xampp7.4\htdocs\hrms_india\system\CodeIgniter.php(404): CodeIgniter\CodeIgniter->runController(Object(App\Controllers\Home))
#2 D:\xampp7.4\htdocs\hrms_india\system\CodeIgniter.php(312): CodeIgniter\CodeIgniter->handleRequest(NULL, Object(Config\Cache), false)
#3 D:\xampp7.4\htdocs\hrms_india\public\index.php(45): CodeIgniter\CodeIgniter->run()
#4 D:\xampp7.4\htdocs\hrms_india\system\Commands\Server\rewrite.php(34): require_once('D:\\xampp7.4\\htd...')
#5 {main}
CRITICAL - 2022-07-28 17:33:37 --> Class 'commonuserlib' not found
#0 D:\xampp7.4\htdocs\hrms_india\system\View\View.php(246): include()
#1 D:\xampp7.4\htdocs\hrms_india\system\Common.php(1119): CodeIgniter\View\View->render('templates/heade...', Array, true)
#2 D:\xampp7.4\htdocs\hrms_india\app\Controllers\Home.php(21): view('templates/heade...', Array)
#3 D:\xampp7.4\htdocs\hrms_india\system\CodeIgniter.php(918): App\Controllers\Home->index()
#4 D:\xampp7.4\htdocs\hrms_india\system\CodeIgniter.php(404): CodeIgniter\CodeIgniter->runController(Object(App\Controllers\Home))
#5 D:\xampp7.4\htdocs\hrms_india\system\CodeIgniter.php(312): CodeIgniter\CodeIgniter->handleRequest(NULL, Object(Config\Cache), false)
#6 D:\xampp7.4\htdocs\hrms_india\public\index.php(45): CodeIgniter\CodeIgniter->run()
#7 D:\xampp7.4\htdocs\hrms_india\system\Commands\Server\rewrite.php(34): require_once('D:\\xampp7.4\\htd...')
#8 {main}
CRITICAL - 2022-07-28 17:34:18 --> syntax error, unexpected '->' (T_OBJECT_OPERATOR), expecting ';' or ','
#0 D:\xampp7.4\htdocs\hrms_india\system\Common.php(1119): CodeIgniter\View\View->render('templates/heade...', Array, true)
#1 D:\xampp7.4\htdocs\hrms_india\app\Controllers\Home.php(21): view('templates/heade...', Array)
#2 D:\xampp7.4\htdocs\hrms_india\system\CodeIgniter.php(918): App\Controllers\Home->index()
#3 D:\xampp7.4\htdocs\hrms_india\system\CodeIgniter.php(404): CodeIgniter\CodeIgniter->runController(Object(App\Controllers\Home))
#4 D:\xampp7.4\htdocs\hrms_india\system\CodeIgniter.php(312): CodeIgniter\CodeIgniter->handleRequest(NULL, Object(Config\Cache), false)
#5 D:\xampp7.4\htdocs\hrms_india\public\index.php(45): CodeIgniter\CodeIgniter->run()
#6 D:\xampp7.4\htdocs\hrms_india\system\Commands\Server\rewrite.php(34): require_once('D:\\xampp7.4\\htd...')
#7 {main}
CRITICAL - 2022-07-28 17:34:33 --> Call to a member function userdata() on null
#0 D:\xampp7.4\htdocs\hrms_india\system\View\View.php(246): include()
#1 D:\xampp7.4\htdocs\hrms_india\system\Common.php(1119): CodeIgniter\View\View->render('templates/heade...', Array, true)
#2 D:\xampp7.4\htdocs\hrms_india\app\Controllers\Home.php(21): view('templates/heade...', Array)
#3 D:\xampp7.4\htdocs\hrms_india\system\CodeIgniter.php(918): App\Controllers\Home->index()
#4 D:\xampp7.4\htdocs\hrms_india\system\CodeIgniter.php(404): CodeIgniter\CodeIgniter->runController(Object(App\Controllers\Home))
#5 D:\xampp7.4\htdocs\hrms_india\system\CodeIgniter.php(312): CodeIgniter\CodeIgniter->handleRequest(NULL, Object(Config\Cache), false)
#6 D:\xampp7.4\htdocs\hrms_india\public\index.php(45): CodeIgniter\CodeIgniter->run()
#7 D:\xampp7.4\htdocs\hrms_india\system\Commands\Server\rewrite.php(34): require_once('D:\\xampp7.4\\htd...')
#8 {main}
CRITICAL - 2022-07-28 18:12:43 --> Invalid file: templates.php
#0 D:\xampp7.4\htdocs\hrms_india\system\View\View.php(228): CodeIgniter\Exceptions\FrameworkException::forInvalidFile('templates.php')
#1 D:\xampp7.4\htdocs\hrms_india\system\Common.php(1119): CodeIgniter\View\View->render('templates', Array, true)
#2 D:\xampp7.4\htdocs\hrms_india\app\Controllers\Home.php(22): view('templates', Array)
#3 D:\xampp7.4\htdocs\hrms_india\system\CodeIgniter.php(918): App\Controllers\Home->index()
#4 D:\xampp7.4\htdocs\hrms_india\system\CodeIgniter.php(404): CodeIgniter\CodeIgniter->runController(Object(App\Controllers\Home))
#5 D:\xampp7.4\htdocs\hrms_india\system\CodeIgniter.php(312): CodeIgniter\CodeIgniter->handleRequest(NULL, Object(Config\Cache), false)
#6 D:\xampp7.4\htdocs\hrms_india\public\index.php(45): CodeIgniter\CodeIgniter->run()
#7 D:\xampp7.4\htdocs\hrms_india\system\Commands\Server\rewrite.php(34): require_once('D:\\xampp7.4\\htd...')
#8 {main}
